var links = document.getElementsByTagName('a');
var all_links =  Array.prototype.slice.call(links);
all_links.forEach(function(val){
    console.log(val.href);
});
common-libs.71f18d544.js:149 https://leetcode.com/
common-libs.71f18d544.js:149 https://leetcode.com/subscribe/
common-libs.71f18d544.js:149 https://leetcode.com/explore/
common-libs.71f18d544.js:149 https://leetcode.com/problemset/all/
common-libs.71f18d544.js:149 https://leetcode.com/interview/
common-libs.71f18d544.js:149 https://leetcode.com/contest/
common-libs.71f18d544.js:149 https://leetcode.com/articles/
common-libs.71f18d544.js:149 https://leetcode.com/discuss/
common-libs.71f18d544.js:149 https://leetcode.com/playground/
common-libs.71f18d544.js:149 https://leetcode.com/tag/array/#
common-libs.71f18d544.js:149 https://leetcode.com/store/
common-libs.71f18d544.js:149 https://leetcode.com/subscribe/
common-libs.71f18d544.js:149 https://leetcode.com/book/
common-libs.71f18d544.js:149 https://leetcode.com/subscribe/
common-libs.71f18d544.js:149 https://leetcode.com/subscribe
common-libs.71f18d544.js:149 https://leetcode.com/problems/two-sum
common-libs.71f18d544.js:149 https://leetcode.com/tag/array
common-libs.71f18d544.js:149 https://leetcode.com/tag/hash-table
common-libs.71f18d544.js:149 https://leetcode.com/problems/median-of-two-sorted-arrays
common-libs.71f18d544.js:149 https://leetcode.com/tag/array
common-libs.71f18d544.js:149 https://leetcode.com/tag/binary-search
common-libs.71f18d544.js:149 https://leetcode.com/tag/divide-and-conquer
common-libs.71f18d544.js:149 https://leetcode.com/problems/container-with-most-water
common-libs.71f18d544.js:149 https://leetcode.com/tag/array
common-libs.71f18d544.js:149 https://leetcode.com/tag/two-pointers
common-libs.71f18d544.js:149 https://leetcode.com/problems/3sum
common-libs.71f18d544.js:149 https://leetcode.com/tag/array
common-libs.71f18d544.js:149 https://leetcode.com/tag/two-pointers
common-libs.71f18d544.js:149 https://leetcode.com/problems/3sum-closest
common-libs.71f18d544.js:149 https://leetcode.com/tag/array
common-libs.71f18d544.js:149 https://leetcode.com/tag/two-pointers
common-libs.71f18d544.js:149 https://leetcode.com/problems/4sum
common-libs.71f18d544.js:149 https://leetcode.com/tag/array
common-libs.71f18d544.js:149 https://leetcode.com/tag/hash-table
common-libs.71f18d544.js:149 https://leetcode.com/tag/two-pointers
common-libs.71f18d544.js:149 https://leetcode.com/problems/remove-duplicates-from-sorted-array
common-libs.71f18d544.js:149 https://leetcode.com/tag/array
common-libs.71f18d544.js:149 https://leetcode.com/tag/two-pointers
common-libs.71f18d544.js:149 https://leetcode.com/problems/remove-element
common-libs.71f18d544.js:149 https://leetcode.com/tag/array
common-libs.71f18d544.js:149 https://leetcode.com/tag/two-pointers
common-libs.71f18d544.js:149 https://leetcode.com/problems/next-permutation
common-libs.71f18d544.js:149 https://leetcode.com/tag/array
common-libs.71f18d544.js:149 https://leetcode.com/problems/search-in-rotated-sorted-array
common-libs.71f18d544.js:149 https://leetcode.com/tag/array
common-libs.71f18d544.js:149 https://leetcode.com/tag/binary-search
common-libs.71f18d544.js:149 https://leetcode.com/problems/find-first-and-last-position-of-element-in-sorted-array
common-libs.71f18d544.js:149 https://leetcode.com/tag/array
common-libs.71f18d544.js:149 https://leetcode.com/tag/binary-search
common-libs.71f18d544.js:149 https://leetcode.com/problems/search-insert-position
common-libs.71f18d544.js:149 https://leetcode.com/tag/array
common-libs.71f18d544.js:149 https://leetcode.com/tag/binary-search
common-libs.71f18d544.js:149 https://leetcode.com/problems/combination-sum
common-libs.71f18d544.js:149 https://leetcode.com/tag/array
common-libs.71f18d544.js:149 https://leetcode.com/tag/backtracking
common-libs.71f18d544.js:149 https://leetcode.com/problems/combination-sum-ii
common-libs.71f18d544.js:149 https://leetcode.com/tag/array
common-libs.71f18d544.js:149 https://leetcode.com/tag/backtracking
common-libs.71f18d544.js:149 https://leetcode.com/problems/first-missing-positive
common-libs.71f18d544.js:149 https://leetcode.com/tag/array
common-libs.71f18d544.js:149 https://leetcode.com/problems/trapping-rain-water
common-libs.71f18d544.js:149 https://leetcode.com/tag/array
common-libs.71f18d544.js:149 https://leetcode.com/tag/two-pointers
common-libs.71f18d544.js:149 https://leetcode.com/tag/stack
common-libs.71f18d544.js:149 https://leetcode.com/problems/jump-game-ii
common-libs.71f18d544.js:149 https://leetcode.com/tag/array
common-libs.71f18d544.js:149 https://leetcode.com/tag/greedy
common-libs.71f18d544.js:149 https://leetcode.com/problems/rotate-image
common-libs.71f18d544.js:149 https://leetcode.com/tag/array
common-libs.71f18d544.js:149 https://leetcode.com/problems/maximum-subarray
common-libs.71f18d544.js:149 https://leetcode.com/tag/array
common-libs.71f18d544.js:149 https://leetcode.com/tag/divide-and-conquer
common-libs.71f18d544.js:149 https://leetcode.com/tag/dynamic-programming
common-libs.71f18d544.js:149 https://leetcode.com/problems/spiral-matrix
common-libs.71f18d544.js:149 https://leetcode.com/tag/array
common-libs.71f18d544.js:149 https://leetcode.com/problems/jump-game
common-libs.71f18d544.js:149 https://leetcode.com/tag/array
common-libs.71f18d544.js:149 https://leetcode.com/tag/greedy
common-libs.71f18d544.js:149 https://leetcode.com/problems/merge-intervals
common-libs.71f18d544.js:149 https://leetcode.com/tag/array
common-libs.71f18d544.js:149 https://leetcode.com/tag/sort
common-libs.71f18d544.js:149 https://leetcode.com/problems/insert-interval
common-libs.71f18d544.js:149 https://leetcode.com/tag/array
common-libs.71f18d544.js:149 https://leetcode.com/tag/sort
common-libs.71f18d544.js:149 https://leetcode.com/problems/spiral-matrix-ii
common-libs.71f18d544.js:149 https://leetcode.com/tag/array
common-libs.71f18d544.js:149 https://leetcode.com/problems/unique-paths
common-libs.71f18d544.js:149 https://leetcode.com/tag/array
common-libs.71f18d544.js:149 https://leetcode.com/tag/dynamic-programming
common-libs.71f18d544.js:149 https://leetcode.com/problems/unique-paths-ii
common-libs.71f18d544.js:149 https://leetcode.com/tag/array
common-libs.71f18d544.js:149 https://leetcode.com/tag/dynamic-programming
common-libs.71f18d544.js:149 https://leetcode.com/problems/minimum-path-sum
common-libs.71f18d544.js:149 https://leetcode.com/tag/array
common-libs.71f18d544.js:149 https://leetcode.com/tag/dynamic-programming
common-libs.71f18d544.js:149 https://leetcode.com/problems/plus-one
common-libs.71f18d544.js:149 https://leetcode.com/tag/array
common-libs.71f18d544.js:149 https://leetcode.com/problems/set-matrix-zeroes
common-libs.71f18d544.js:149 https://leetcode.com/tag/array
common-libs.71f18d544.js:149 https://leetcode.com/problems/search-a-2d-matrix
common-libs.71f18d544.js:149 https://leetcode.com/tag/array
common-libs.71f18d544.js:149 https://leetcode.com/tag/binary-search
common-libs.71f18d544.js:149 https://leetcode.com/problems/sort-colors
common-libs.71f18d544.js:149 https://leetcode.com/tag/array
common-libs.71f18d544.js:149 https://leetcode.com/tag/two-pointers
common-libs.71f18d544.js:149 https://leetcode.com/tag/sort
common-libs.71f18d544.js:149 https://leetcode.com/problems/subsets
common-libs.71f18d544.js:149 https://leetcode.com/tag/array
common-libs.71f18d544.js:149 https://leetcode.com/tag/backtracking
common-libs.71f18d544.js:149 https://leetcode.com/tag/bit-manipulation
common-libs.71f18d544.js:149 https://leetcode.com/problems/word-search
common-libs.71f18d544.js:149 https://leetcode.com/tag/array
common-libs.71f18d544.js:149 https://leetcode.com/tag/backtracking
common-libs.71f18d544.js:149 https://leetcode.com/problems/remove-duplicates-from-sorted-array-ii
common-libs.71f18d544.js:149 https://leetcode.com/tag/array
common-libs.71f18d544.js:149 https://leetcode.com/tag/two-pointers
common-libs.71f18d544.js:149 https://leetcode.com/problems/search-in-rotated-sorted-array-ii
common-libs.71f18d544.js:149 https://leetcode.com/tag/array
common-libs.71f18d544.js:149 https://leetcode.com/tag/binary-search
common-libs.71f18d544.js:149 https://leetcode.com/problems/largest-rectangle-in-histogram
common-libs.71f18d544.js:149 https://leetcode.com/tag/array
common-libs.71f18d544.js:149 https://leetcode.com/tag/stack
common-libs.71f18d544.js:149 https://leetcode.com/problems/maximal-rectangle
common-libs.71f18d544.js:149 https://leetcode.com/tag/array
common-libs.71f18d544.js:149 https://leetcode.com/tag/hash-table
common-libs.71f18d544.js:149 https://leetcode.com/tag/dynamic-programming
common-libs.71f18d544.js:149 https://leetcode.com/tag/stack
common-libs.71f18d544.js:149 https://leetcode.com/problems/merge-sorted-array
common-libs.71f18d544.js:149 https://leetcode.com/tag/array
common-libs.71f18d544.js:149 https://leetcode.com/tag/two-pointers
common-libs.71f18d544.js:149 https://leetcode.com/problems/subsets-ii
common-libs.71f18d544.js:149 https://leetcode.com/tag/array
common-libs.71f18d544.js:149 https://leetcode.com/tag/backtracking
common-libs.71f18d544.js:149 https://leetcode.com/problems/construct-binary-tree-from-preorder-and-inorder-traversal
common-libs.71f18d544.js:149 https://leetcode.com/tag/array
common-libs.71f18d544.js:149 https://leetcode.com/tag/tree
common-libs.71f18d544.js:149 https://leetcode.com/tag/depth-first-search
common-libs.71f18d544.js:149 https://leetcode.com/problems/construct-binary-tree-from-inorder-and-postorder-traversal
common-libs.71f18d544.js:149 https://leetcode.com/tag/array
common-libs.71f18d544.js:149 https://leetcode.com/tag/tree
common-libs.71f18d544.js:149 https://leetcode.com/tag/depth-first-search
common-libs.71f18d544.js:149 https://leetcode.com/problems/pascals-triangle
common-libs.71f18d544.js:149 https://leetcode.com/tag/array
common-libs.71f18d544.js:149 https://leetcode.com/problems/pascals-triangle-ii
common-libs.71f18d544.js:149 https://leetcode.com/tag/array
common-libs.71f18d544.js:149 https://leetcode.com/problems/triangle
common-libs.71f18d544.js:149 https://leetcode.com/tag/array
common-libs.71f18d544.js:149 https://leetcode.com/tag/dynamic-programming
common-libs.71f18d544.js:149 https://leetcode.com/problems/best-time-to-buy-and-sell-stock
common-libs.71f18d544.js:149 https://leetcode.com/tag/array
common-libs.71f18d544.js:149 https://leetcode.com/tag/dynamic-programming
common-libs.71f18d544.js:149 https://leetcode.com/problems/best-time-to-buy-and-sell-stock-ii
common-libs.71f18d544.js:149 https://leetcode.com/tag/array
common-libs.71f18d544.js:149 https://leetcode.com/tag/greedy
common-libs.71f18d544.js:149 https://leetcode.com/problems/best-time-to-buy-and-sell-stock-iii
common-libs.71f18d544.js:149 https://leetcode.com/tag/array
common-libs.71f18d544.js:149 https://leetcode.com/tag/dynamic-programming
common-libs.71f18d544.js:149 https://leetcode.com/problems/word-ladder-ii
common-libs.71f18d544.js:149 https://leetcode.com/tag/array
common-libs.71f18d544.js:149 https://leetcode.com/tag/string
common-libs.71f18d544.js:149 https://leetcode.com/tag/backtracking
common-libs.71f18d544.js:149 https://leetcode.com/tag/breadth-first-search
common-libs.71f18d544.js:149 https://leetcode.com/problems/longest-consecutive-sequence
common-libs.71f18d544.js:149 https://leetcode.com/tag/array
common-libs.71f18d544.js:149 https://leetcode.com/tag/union-find
common-libs.71f18d544.js:149 https://leetcode.com/problems/maximum-product-subarray
common-libs.71f18d544.js:149 https://leetcode.com/tag/array
common-libs.71f18d544.js:149 https://leetcode.com/tag/dynamic-programming
common-libs.71f18d544.js:149 https://leetcode.com/problems/find-minimum-in-rotated-sorted-array
common-libs.71f18d544.js:149 https://leetcode.com/tag/array
common-libs.71f18d544.js:149 https://leetcode.com/tag/binary-search
common-libs.71f18d544.js:149 https://leetcode.com/problems/find-minimum-in-rotated-sorted-array-ii
common-libs.71f18d544.js:149 https://leetcode.com/tag/array
common-libs.71f18d544.js:149 https://leetcode.com/tag/binary-search
common-libs.71f18d544.js:149 https://leetcode.com/problems/find-peak-element
common-libs.71f18d544.js:149 https://leetcode.com/tag/array
common-libs.71f18d544.js:149 https://leetcode.com/tag/binary-search
common-libs.71f18d544.js:149 https://leetcode.com/problems/missing-ranges
common-libs.71f18d544.js:149 https://leetcode.com/tag/array
common-libs.71f18d544.js:149 https://leetcode.com/problems/two-sum-ii-input-array-is-sorted
common-libs.71f18d544.js:149 https://leetcode.com/tag/array
common-libs.71f18d544.js:149 https://leetcode.com/tag/two-pointers
common-libs.71f18d544.js:149 https://leetcode.com/tag/binary-search
common-libs.71f18d544.js:149 https://leetcode.com/problems/majority-element
common-libs.71f18d544.js:149 https://leetcode.com/tag/array
common-libs.71f18d544.js:149 https://leetcode.com/tag/divide-and-conquer
common-libs.71f18d544.js:149 https://leetcode.com/tag/bit-manipulation
common-libs.71f18d544.js:149 https://leetcode.com/problems/rotate-array
common-libs.71f18d544.js:149 https://leetcode.com/tag/array
common-libs.71f18d544.js:149 https://leetcode.com/problems/minimum-size-subarray-sum
common-libs.71f18d544.js:149 https://leetcode.com/tag/array
common-libs.71f18d544.js:149 https://leetcode.com/tag/two-pointers
common-libs.71f18d544.js:149 https://leetcode.com/tag/binary-search
common-libs.71f18d544.js:149 https://leetcode.com/problems/combination-sum-iii
common-libs.71f18d544.js:149 https://leetcode.com/tag/array
common-libs.71f18d544.js:149 https://leetcode.com/tag/backtracking
common-libs.71f18d544.js:149 https://leetcode.com/problems/contains-duplicate
common-libs.71f18d544.js:149 https://leetcode.com/tag/array
common-libs.71f18d544.js:149 https://leetcode.com/tag/hash-table
common-libs.71f18d544.js:149 https://leetcode.com/problems/contains-duplicate-ii
common-libs.71f18d544.js:149 https://leetcode.com/tag/array
common-libs.71f18d544.js:149 https://leetcode.com/tag/hash-table
common-libs.71f18d544.js:149 https://leetcode.com/problems/summary-ranges
common-libs.71f18d544.js:149 https://leetcode.com/tag/array
common-libs.71f18d544.js:149 https://leetcode.com/problems/majority-element-ii
common-libs.71f18d544.js:149 https://leetcode.com/tag/array
common-libs.71f18d544.js:149 https://leetcode.com/problems/product-of-array-except-self
common-libs.71f18d544.js:149 https://leetcode.com/tag/array
common-libs.71f18d544.js:149 https://leetcode.com/problems/shortest-word-distance
common-libs.71f18d544.js:149 https://leetcode.com/tag/array
common-libs.71f18d544.js:149 https://leetcode.com/problems/shortest-word-distance-iii
common-libs.71f18d544.js:149 https://leetcode.com/tag/array
common-libs.71f18d544.js:149 https://leetcode.com/problems/3sum-smaller
common-libs.71f18d544.js:149 https://leetcode.com/tag/array
common-libs.71f18d544.js:149 https://leetcode.com/tag/two-pointers
common-libs.71f18d544.js:149 https://leetcode.com/problems/missing-number
common-libs.71f18d544.js:149 https://leetcode.com/tag/array
common-libs.71f18d544.js:149 https://leetcode.com/tag/math
common-libs.71f18d544.js:149 https://leetcode.com/tag/bit-manipulation
common-libs.71f18d544.js:149 https://leetcode.com/problems/find-the-celebrity
common-libs.71f18d544.js:149 https://leetcode.com/tag/array
common-libs.71f18d544.js:149 https://leetcode.com/problems/wiggle-sort
common-libs.71f18d544.js:149 https://leetcode.com/tag/array
common-libs.71f18d544.js:149 https://leetcode.com/tag/sort
common-libs.71f18d544.js:149 https://leetcode.com/problems/move-zeroes
common-libs.71f18d544.js:149 https://leetcode.com/tag/array
common-libs.71f18d544.js:149 https://leetcode.com/tag/two-pointers
common-libs.71f18d544.js:149 https://leetcode.com/problems/find-the-duplicate-number
common-libs.71f18d544.js:149 https://leetcode.com/tag/array
common-libs.71f18d544.js:149 https://leetcode.com/tag/two-pointers
common-libs.71f18d544.js:149 https://leetcode.com/tag/binary-search
common-libs.71f18d544.js:149 https://leetcode.com/problems/game-of-life
common-libs.71f18d544.js:149 https://leetcode.com/tag/array
common-libs.71f18d544.js:149 https://leetcode.com/problems/range-addition
common-libs.71f18d544.js:149 https://leetcode.com/tag/array
common-libs.71f18d544.js:149 https://leetcode.com/problems/insert-delete-getrandom-o1
common-libs.71f18d544.js:149 https://leetcode.com/tag/array
common-libs.71f18d544.js:149 https://leetcode.com/tag/hash-table
common-libs.71f18d544.js:149 https://leetcode.com/tag/design
common-libs.71f18d544.js:149 https://leetcode.com/problems/insert-delete-getrandom-o1-duplicates-allowed
common-libs.71f18d544.js:149 https://leetcode.com/tag/array
common-libs.71f18d544.js:149 https://leetcode.com/tag/hash-table
common-libs.71f18d544.js:149 https://leetcode.com/tag/design
common-libs.71f18d544.js:149 https://leetcode.com/problems/third-maximum-number
common-libs.71f18d544.js:149 https://leetcode.com/tag/array
common-libs.71f18d544.js:149 https://leetcode.com/problems/find-all-duplicates-in-an-array
common-libs.71f18d544.js:149 https://leetcode.com/tag/array
common-libs.71f18d544.js:149 https://leetcode.com/problems/find-all-numbers-disappeared-in-an-array
common-libs.71f18d544.js:149 https://leetcode.com/tag/array
common-libs.71f18d544.js:149 https://leetcode.com/problems/circular-array-loop
common-libs.71f18d544.js:149 https://leetcode.com/tag/array
common-libs.71f18d544.js:149 https://leetcode.com/tag/two-pointers
common-libs.71f18d544.js:149 https://leetcode.com/problems/max-consecutive-ones
common-libs.71f18d544.js:149 https://leetcode.com/tag/array
common-libs.71f18d544.js:149 https://leetcode.com/problems/teemo-attacking
common-libs.71f18d544.js:149 https://leetcode.com/tag/array
common-libs.71f18d544.js:149 https://leetcode.com/problems/lonely-pixel-i
common-libs.71f18d544.js:149 https://leetcode.com/tag/array
common-libs.71f18d544.js:149 https://leetcode.com/tag/depth-first-search
common-libs.71f18d544.js:149 https://leetcode.com/problems/k-diff-pairs-in-an-array
common-libs.71f18d544.js:149 https://leetcode.com/tag/array
common-libs.71f18d544.js:149 https://leetcode.com/tag/two-pointers
common-libs.71f18d544.js:149 https://leetcode.com/problems/lonely-pixel-ii
common-libs.71f18d544.js:149 https://leetcode.com/tag/array
common-libs.71f18d544.js:149 https://leetcode.com/tag/depth-first-search
common-libs.71f18d544.js:149 https://leetcode.com/problems/split-array-with-equal-sum
common-libs.71f18d544.js:149 https://leetcode.com/tag/array
common-libs.71f18d544.js:149 https://leetcode.com/problems/subarray-sum-equals-k
common-libs.71f18d544.js:149 https://leetcode.com/tag/array
common-libs.71f18d544.js:149 https://leetcode.com/tag/hash-table
common-libs.71f18d544.js:149 https://leetcode.com/problems/array-partition-i
common-libs.71f18d544.js:149 https://leetcode.com/tag/array
common-libs.71f18d544.js:149 https://leetcode.com/problems/longest-line-of-consecutive-one-in-matrix
common-libs.71f18d544.js:149 https://leetcode.com/tag/array
common-libs.71f18d544.js:149 https://leetcode.com/problems/array-nesting
common-libs.71f18d544.js:149 https://leetcode.com/tag/array
common-libs.71f18d544.js:149 https://leetcode.com/problems/reshape-the-matrix
common-libs.71f18d544.js:149 https://leetcode.com/tag/array
common-libs.71f18d544.js:149 https://leetcode.com/problems/shortest-unsorted-continuous-subarray
common-libs.71f18d544.js:149 https://leetcode.com/tag/array
common-libs.71f18d544.js:149 https://leetcode.com/problems/can-place-flowers
common-libs.71f18d544.js:149 https://leetcode.com/tag/array
common-libs.71f18d544.js:149 https://leetcode.com/problems/valid-triangle-number
common-libs.71f18d544.js:149 https://leetcode.com/tag/array
common-libs.71f18d544.js:149 https://leetcode.com/problems/task-scheduler
common-libs.71f18d544.js:149 https://leetcode.com/tag/array
common-libs.71f18d544.js:149 https://leetcode.com/tag/greedy
common-libs.71f18d544.js:149 https://leetcode.com/tag/queue
common-libs.71f18d544.js:149 https://leetcode.com/problems/maximum-distance-in-arrays
common-libs.71f18d544.js:149 https://leetcode.com/tag/array
common-libs.71f18d544.js:149 https://leetcode.com/tag/hash-table
common-libs.71f18d544.js:149 https://leetcode.com/problems/maximum-product-of-three-numbers
common-libs.71f18d544.js:149 https://leetcode.com/tag/array
common-libs.71f18d544.js:149 https://leetcode.com/tag/math
common-libs.71f18d544.js:149 https://leetcode.com/problems/maximum-average-subarray-i
common-libs.71f18d544.js:149 https://leetcode.com/tag/array
common-libs.71f18d544.js:149 https://leetcode.com/problems/maximum-average-subarray-ii
common-libs.71f18d544.js:149 https://leetcode.com/tag/array
common-libs.71f18d544.js:149 https://leetcode.com/tag/binary-search
common-libs.71f18d544.js:149 https://leetcode.com/problems/image-smoother
common-libs.71f18d544.js:149 https://leetcode.com/tag/array
common-libs.71f18d544.js:149 https://leetcode.com/problems/non-decreasing-array
common-libs.71f18d544.js:149 https://leetcode.com/tag/array
common-libs.71f18d544.js:149 https://leetcode.com/problems/beautiful-arrangement-ii
common-libs.71f18d544.js:149 https://leetcode.com/tag/array
common-libs.71f18d544.js:149 https://leetcode.com/problems/maximum-swap
common-libs.71f18d544.js:149 https://leetcode.com/tag/array
common-libs.71f18d544.js:149 https://leetcode.com/tag/math
common-libs.71f18d544.js:149 https://leetcode.com/problems/longest-continuous-increasing-subsequence
common-libs.71f18d544.js:149 https://leetcode.com/tag/array
common-libs.71f18d544.js:149 https://leetcode.com/problems/maximum-sum-of-3-non-overlapping-subarrays
common-libs.71f18d544.js:149 https://leetcode.com/tag/array
common-libs.71f18d544.js:149 https://leetcode.com/tag/dynamic-programming
common-libs.71f18d544.js:149 https://leetcode.com/problems/max-area-of-island
common-libs.71f18d544.js:149 https://leetcode.com/tag/array
common-libs.71f18d544.js:149 https://leetcode.com/tag/depth-first-search
common-libs.71f18d544.js:149 https://leetcode.com/problems/degree-of-an-array
common-libs.71f18d544.js:149 https://leetcode.com/tag/array
common-libs.71f18d544.js:149 https://leetcode.com/problems/subarray-product-less-than-k
common-libs.71f18d544.js:149 https://leetcode.com/tag/array
common-libs.71f18d544.js:149 https://leetcode.com/tag/two-pointers
common-libs.71f18d544.js:149 https://leetcode.com/problems/best-time-to-buy-and-sell-stock-with-transaction-fee
common-libs.71f18d544.js:149 https://leetcode.com/tag/array
common-libs.71f18d544.js:149 https://leetcode.com/tag/dynamic-programming
common-libs.71f18d544.js:149 https://leetcode.com/tag/greedy
common-libs.71f18d544.js:149 https://leetcode.com/problems/1-bit-and-2-bit-characters
common-libs.71f18d544.js:149 https://leetcode.com/tag/array
common-libs.71f18d544.js:149 https://leetcode.com/problems/maximum-length-of-repeated-subarray
common-libs.71f18d544.js:149 https://leetcode.com/tag/array
common-libs.71f18d544.js:149 https://leetcode.com/tag/hash-table
common-libs.71f18d544.js:149 https://leetcode.com/tag/binary-search
common-libs.71f18d544.js:149 https://leetcode.com/tag/dynamic-programming
common-libs.71f18d544.js:149 https://leetcode.com/problems/find-k-th-smallest-pair-distance
common-libs.71f18d544.js:149 https://leetcode.com/tag/array
common-libs.71f18d544.js:149 https://leetcode.com/tag/binary-search
common-libs.71f18d544.js:149 https://leetcode.com/tag/heap
common-libs.71f18d544.js:149 https://leetcode.com/problems/candy-crush
common-libs.71f18d544.js:149 https://leetcode.com/tag/array
common-libs.71f18d544.js:149 https://leetcode.com/tag/two-pointers
common-libs.71f18d544.js:149 https://leetcode.com/problems/find-pivot-index
common-libs.71f18d544.js:149 https://leetcode.com/tag/array
common-libs.71f18d544.js:149 https://leetcode.com/problems/my-calendar-i
common-libs.71f18d544.js:149 https://leetcode.com/tag/array
common-libs.71f18d544.js:149 https://leetcode.com/problems/min-cost-climbing-stairs
common-libs.71f18d544.js:149 https://leetcode.com/tag/array
common-libs.71f18d544.js:149 https://leetcode.com/tag/dynamic-programming
common-libs.71f18d544.js:149 https://leetcode.com/problems/largest-number-at-least-twice-of-others
common-libs.71f18d544.js:149 https://leetcode.com/tag/array
common-libs.71f18d544.js:149 https://leetcode.com/problems/pour-water
common-libs.71f18d544.js:149 https://leetcode.com/tag/array
common-libs.71f18d544.js:149 https://leetcode.com/problems/toeplitz-matrix
common-libs.71f18d544.js:149 https://leetcode.com/tag/array
common-libs.71f18d544.js:149 https://leetcode.com/problems/max-chunks-to-make-sorted-ii
common-libs.71f18d544.js:149 https://leetcode.com/tag/array
common-libs.71f18d544.js:149 https://leetcode.com/problems/max-chunks-to-make-sorted
common-libs.71f18d544.js:149 https://leetcode.com/tag/array
common-libs.71f18d544.js:149 https://leetcode.com/problems/global-and-local-inversions
common-libs.71f18d544.js:149 https://leetcode.com/tag/array
common-libs.71f18d544.js:149 https://leetcode.com/tag/math
common-libs.71f18d544.js:149 https://leetcode.com/problems/transform-to-chessboard
common-libs.71f18d544.js:149 https://leetcode.com/tag/array
common-libs.71f18d544.js:149 https://leetcode.com/tag/math
common-libs.71f18d544.js:149 https://leetcode.com/problems/number-of-matching-subsequences
common-libs.71f18d544.js:149 https://leetcode.com/tag/array
common-libs.71f18d544.js:149 https://leetcode.com/problems/number-of-subarrays-with-bounded-maximum
common-libs.71f18d544.js:149 https://leetcode.com/tag/array
common-libs.71f18d544.js:149 https://leetcode.com/problems/friends-of-appropriate-ages
common-libs.71f18d544.js:149 https://leetcode.com/tag/array
common-libs.71f18d544.js:149 https://leetcode.com/problems/positions-of-large-groups
common-libs.71f18d544.js:149 https://leetcode.com/tag/array
common-libs.71f18d544.js:149 https://leetcode.com/problems/flipping-an-image
common-libs.71f18d544.js:149 https://leetcode.com/tag/array
common-libs.71f18d544.js:149 https://leetcode.com/problems/image-overlap
common-libs.71f18d544.js:149 https://leetcode.com/tag/array
common-libs.71f18d544.js:149 https://leetcode.com/problems/magic-squares-in-grid
common-libs.71f18d544.js:149 https://leetcode.com/tag/array
common-libs.71f18d544.js:149 https://leetcode.com/problems/maximize-distance-to-closest-person
common-libs.71f18d544.js:149 https://leetcode.com/tag/array
common-libs.71f18d544.js:149 https://leetcode.com/problems/transpose-matrix
common-libs.71f18d544.js:149 https://leetcode.com/tag/array
common-libs.71f18d544.js:149 https://leetcode.com/problems/advantage-shuffle
common-libs.71f18d544.js:149 https://leetcode.com/tag/array
common-libs.71f18d544.js:149 https://leetcode.com/tag/greedy
common-libs.71f18d544.js:149 https://leetcode.com/problems/length-of-longest-fibonacci-subsequence
common-libs.71f18d544.js:149 https://leetcode.com/tag/array
common-libs.71f18d544.js:149 https://leetcode.com/tag/dynamic-programming
common-libs.71f18d544.js:149 https://leetcode.com/problems/fair-candy-swap
common-libs.71f18d544.js:149 https://leetcode.com/tag/array
common-libs.71f18d544.js:149 https://leetcode.com/problems/sum-of-subsequence-widths
common-libs.71f18d544.js:149 https://leetcode.com/tag/array
common-libs.71f18d544.js:149 https://leetcode.com/tag/math
common-libs.71f18d544.js:149 https://leetcode.com/problems/monotonic-array
common-libs.71f18d544.js:149 https://leetcode.com/tag/array
common-libs.71f18d544.js:149 https://leetcode.com/problems/rle-iterator
common-libs.71f18d544.js:149 https://leetcode.com/tag/array
common-libs.71f18d544.js:149 https://leetcode.com/problems/sort-array-by-parity
common-libs.71f18d544.js:149 https://leetcode.com/tag/array
common-libs.71f18d544.js:149 https://leetcode.com/problems/sum-of-subarray-minimums
common-libs.71f18d544.js:149 https://leetcode.com/tag/array
common-libs.71f18d544.js:149 https://leetcode.com/tag/stack
common-libs.71f18d544.js:149 https://leetcode.com/problems/x-of-a-kind-in-a-deck-of-cards
common-libs.71f18d544.js:149 https://leetcode.com/tag/array
common-libs.71f18d544.js:149 https://leetcode.com/tag/math
common-libs.71f18d544.js:149 https://leetcode.com/problems/partition-array-into-disjoint-intervals
common-libs.71f18d544.js:149 https://leetcode.com/tag/array
common-libs.71f18d544.js:149 https://leetcode.com/problems/maximum-sum-circular-subarray
common-libs.71f18d544.js:149 https://leetcode.com/tag/array
common-libs.71f18d544.js:149 https://leetcode.com/problems/sort-array-by-parity-ii
common-libs.71f18d544.js:149 https://leetcode.com/tag/array
common-libs.71f18d544.js:149 https://leetcode.com/tag/sort
common-libs.71f18d544.js:149 https://leetcode.com/problems/flip-string-to-monotone-increasing
common-libs.71f18d544.js:149 https://leetcode.com/tag/array
common-libs.71f18d544.js:149 https://leetcode.com/problems/valid-mountain-array
common-libs.71f18d544.js:149 https://leetcode.com/tag/array
common-libs.71f18d544.js:149 https://leetcode.com/problems/minimum-increment-to-make-array-unique
common-libs.71f18d544.js:149 https://leetcode.com/tag/array
common-libs.71f18d544.js:149 https://leetcode.com/problems/reveal-cards-in-increasing-order
common-libs.71f18d544.js:149 https://leetcode.com/tag/array
common-libs.71f18d544.js:149 https://leetcode.com/problems/array-of-doubled-pairs
common-libs.71f18d544.js:149 https://leetcode.com/tag/array
common-libs.71f18d544.js:149 https://leetcode.com/tag/hash-table
common-libs.71f18d544.js:149 https://leetcode.com/problems/maximum-width-ramp
common-libs.71f18d544.js:149 https://leetcode.com/tag/array
common-libs.71f18d544.js:149 https://leetcode.com/problems/pancake-sorting
common-libs.71f18d544.js:149 https://leetcode.com/tag/array
common-libs.71f18d544.js:149 https://leetcode.com/tag/sort
common-libs.71f18d544.js:149 https://leetcode.com/problems/fibonacci-number
common-libs.71f18d544.js:149 https://leetcode.com/tag/array
common-libs.71f18d544.js:149 https://leetcode.com/problems/subarray-sums-divisible-by-k
common-libs.71f18d544.js:149 https://leetcode.com/tag/array
common-libs.71f18d544.js:149 https://leetcode.com/tag/hash-table
common-libs.71f18d544.js:149 https://leetcode.com/problems/squares-of-a-sorted-array
common-libs.71f18d544.js:149 https://leetcode.com/tag/array
common-libs.71f18d544.js:149 https://leetcode.com/tag/two-pointers
common-libs.71f18d544.js:149 https://leetcode.com/problems/longest-turbulent-subarray
common-libs.71f18d544.js:149 https://leetcode.com/tag/array
common-libs.71f18d544.js:149 https://leetcode.com/tag/dynamic-programming
common-libs.71f18d544.js:149 https://leetcode.com/tag/sliding-window
common-libs.71f18d544.js:149 https://leetcode.com/problems/sum-of-even-numbers-after-queries
common-libs.71f18d544.js:149 https://leetcode.com/tag/array
common-libs.71f18d544.js:149 https://leetcode.com/problems/add-to-array-form-of-integer
common-libs.71f18d544.js:149 https://leetcode.com/tag/array
common-libs.71f18d544.js:149 https://leetcode.com/problems/available-captures-for-rook
common-libs.71f18d544.js:149 https://leetcode.com/tag/array
common-libs.71f18d544.js:149 https://leetcode.com/problems/find-common-characters
common-libs.71f18d544.js:149 https://leetcode.com/tag/array
common-libs.71f18d544.js:149 https://leetcode.com/tag/hash-table
common-libs.71f18d544.js:149 https://leetcode.com/problems/minimum-domino-rotations-for-equal-row
common-libs.71f18d544.js:149 https://leetcode.com/tag/array
common-libs.71f18d544.js:149 https://leetcode.com/tag/greedy
common-libs.71f18d544.js:149 https://leetcode.com/problems/pairs-of-songs-with-total-durations-divisible-by-60
common-libs.71f18d544.js:149 https://leetcode.com/tag/array
common-libs.71f18d544.js:149 https://leetcode.com/problems/capacity-to-ship-packages-within-d-days
common-libs.71f18d544.js:149 https://leetcode.com/tag/array
common-libs.71f18d544.js:149 https://leetcode.com/tag/binary-search
common-libs.71f18d544.js:149 https://leetcode.com/problems/partition-array-into-three-parts-with-equal-sum
common-libs.71f18d544.js:149 https://leetcode.com/tag/array
common-libs.71f18d544.js:149 https://leetcode.com/problems/best-sightseeing-pair
common-libs.71f18d544.js:149 https://leetcode.com/tag/array
common-libs.71f18d544.js:149 https://leetcode.com/problems/binary-prefix-divisible-by-5
common-libs.71f18d544.js:149 https://leetcode.com/tag/array
common-libs.71f18d544.js:149 https://leetcode.com/problems/maximum-sum-of-two-non-overlapping-subarrays
common-libs.71f18d544.js:149 https://leetcode.com/tag/array
common-libs.71f18d544.js:149 https://leetcode.com/problems/uncrossed-lines
common-libs.71f18d544.js:149 https://leetcode.com/tag/array
common-libs.71f18d544.js:149 https://leetcode.com/problems/moving-stones-until-consecutive-ii
common-libs.71f18d544.js:149 https://leetcode.com/tag/array
common-libs.71f18d544.js:149 https://leetcode.com/tag/sliding-window
common-libs.71f18d544.js:149 https://leetcode.com/support/
common-libs.71f18d544.js:149 https://leetcode.com/jobs/
common-libs.71f18d544.js:149 https://leetcode.com/bugbounty/
common-libs.71f18d544.js:149 https://leetcode.com/terms/
common-libs.71f18d544.js:149 https://leetcode.com/privacy/
common-libs.71f18d544.js:149 https://leetcode.com/region/
common-libs.71f18d544.js:149 mailto:billing@leetcode.com?subject=Billing%20Issue&body=Name:%0D%0A%0D%0AUsername:%0D%0A%0D%0AMessage:%0D%0A%0D%0A
common-libs.71f18d544.js:149 mailto:support@leetcode.com?subject=General%20Support&body=Name:%0D%0A%0D%0AUsername:%0D%0A%0D%0AMessage:%0D%0A%0D%0A
common-libs.71f18d544.js:149 mailto:feedback@leetcode.com?subject=Other%20Inquiries&body=Name:%0D%0A%0D%0AUsername:%0D%0A%0D%0AMessage:%0D%0A%0D%0A
undefined
