var links = document.getElementsByTagName('a');
var all_links =  Array.prototype.slice.call(links);
all_links.forEach(function(val){
    console.log(val.href);
});
common-libs.ef23ff10d.js:149 https://leetcode.com/
common-libs.ef23ff10d.js:149 https://leetcode.com/subscribe/
common-libs.ef23ff10d.js:149 https://leetcode.com/explore/
common-libs.ef23ff10d.js:149 https://leetcode.com/problemset/all/
common-libs.ef23ff10d.js:149 https://leetcode.com/interview/
common-libs.ef23ff10d.js:149 https://leetcode.com/contest/
common-libs.ef23ff10d.js:149 https://leetcode.com/articles/
common-libs.ef23ff10d.js:149 https://leetcode.com/discuss/
common-libs.ef23ff10d.js:149 https://leetcode.com/playground/
common-libs.ef23ff10d.js:149 https://leetcode.com/tag/greedy/#
common-libs.ef23ff10d.js:149 https://leetcode.com/store/
common-libs.ef23ff10d.js:149 https://leetcode.com/subscribe/
common-libs.ef23ff10d.js:149 https://leetcode.com/book/
common-libs.ef23ff10d.js:149 https://leetcode.com/subscribe/
common-libs.ef23ff10d.js:149 https://leetcode.com/subscribe
common-libs.ef23ff10d.js:149 https://leetcode.com/problems/wildcard-matching
common-libs.ef23ff10d.js:149 https://leetcode.com/problems/jump-game-ii
common-libs.ef23ff10d.js:149 https://leetcode.com/problems/jump-game
common-libs.ef23ff10d.js:149 https://leetcode.com/problems/best-time-to-buy-and-sell-stock-ii
common-libs.ef23ff10d.js:149 https://leetcode.com/problems/gas-station
common-libs.ef23ff10d.js:149 https://leetcode.com/problems/candy
common-libs.ef23ff10d.js:149 https://leetcode.com/problems/meeting-rooms-ii
common-libs.ef23ff10d.js:149 https://leetcode.com/problems/remove-duplicate-letters
common-libs.ef23ff10d.js:149 https://leetcode.com/problems/create-maximum-number
common-libs.ef23ff10d.js:149 https://leetcode.com/problems/patching-array
common-libs.ef23ff10d.js:149 https://leetcode.com/problems/rearrange-string-k-distance-apart
common-libs.ef23ff10d.js:149 https://leetcode.com/problems/wiggle-subsequence
common-libs.ef23ff10d.js:149 https://leetcode.com/problems/is-subsequence
common-libs.ef23ff10d.js:149 https://leetcode.com/problems/remove-k-digits
common-libs.ef23ff10d.js:149 https://leetcode.com/problems/queue-reconstruction-by-height
common-libs.ef23ff10d.js:149 https://leetcode.com/problems/non-overlapping-intervals
common-libs.ef23ff10d.js:149 https://leetcode.com/problems/minimum-number-of-arrows-to-burst-balloons
common-libs.ef23ff10d.js:149 https://leetcode.com/problems/assign-cookies
common-libs.ef23ff10d.js:149 https://leetcode.com/problems/find-permutation
common-libs.ef23ff10d.js:149 https://leetcode.com/problems/ipo
common-libs.ef23ff10d.js:149 https://leetcode.com/problems/task-scheduler
common-libs.ef23ff10d.js:149 https://leetcode.com/problems/course-schedule-iii
common-libs.ef23ff10d.js:149 https://leetcode.com/problems/dota2-senate
common-libs.ef23ff10d.js:149 https://leetcode.com/problems/4-keys-keyboard
common-libs.ef23ff10d.js:149 https://leetcode.com/problems/split-array-into-consecutive-subsequences
common-libs.ef23ff10d.js:149 https://leetcode.com/problems/best-time-to-buy-and-sell-stock-with-transaction-fee
common-libs.ef23ff10d.js:149 https://leetcode.com/problems/monotone-increasing-digits
common-libs.ef23ff10d.js:149 https://leetcode.com/problems/set-intersection-size-at-least-two
common-libs.ef23ff10d.js:149 https://leetcode.com/problems/employee-free-time
common-libs.ef23ff10d.js:149 https://leetcode.com/problems/partition-labels
common-libs.ef23ff10d.js:149 https://leetcode.com/problems/couples-holding-hands
common-libs.ef23ff10d.js:149 https://leetcode.com/problems/reorganize-string
common-libs.ef23ff10d.js:149 https://leetcode.com/problems/split-array-into-fibonacci-sequence
common-libs.ef23ff10d.js:149 https://leetcode.com/problems/lemonade-change
common-libs.ef23ff10d.js:149 https://leetcode.com/problems/score-after-flipping-matrix
common-libs.ef23ff10d.js:149 https://leetcode.com/problems/advantage-shuffle
common-libs.ef23ff10d.js:149 https://leetcode.com/problems/walking-robot-simulation
common-libs.ef23ff10d.js:149 https://leetcode.com/problems/boats-to-save-people
common-libs.ef23ff10d.js:149 https://leetcode.com/problems/smallest-range-ii
common-libs.ef23ff10d.js:149 https://leetcode.com/problems/minimum-add-to-make-parentheses-valid
common-libs.ef23ff10d.js:149 https://leetcode.com/problems/three-equal-parts
common-libs.ef23ff10d.js:149 https://leetcode.com/problems/stamping-the-sequence
common-libs.ef23ff10d.js:149 https://leetcode.com/problems/delete-columns-to-make-sorted
common-libs.ef23ff10d.js:149 https://leetcode.com/problems/bag-of-tokens
common-libs.ef23ff10d.js:149 https://leetcode.com/problems/delete-columns-to-make-sorted-ii
common-libs.ef23ff10d.js:149 https://leetcode.com/problems/string-without-aaa-or-bbb
common-libs.ef23ff10d.js:149 https://leetcode.com/problems/broken-calculator
common-libs.ef23ff10d.js:149 https://leetcode.com/problems/minimum-number-of-k-consecutive-bit-flips
common-libs.ef23ff10d.js:149 https://leetcode.com/problems/maximize-sum-of-array-after-k-negations
common-libs.ef23ff10d.js:149 https://leetcode.com/problems/minimum-domino-rotations-for-equal-row
common-libs.ef23ff10d.js:149 https://leetcode.com/problems/two-city-scheduling
common-libs.ef23ff10d.js:149 https://leetcode.com/problems/last-stone-weight
common-libs.ef23ff10d.js:149 https://leetcode.com/support/
common-libs.ef23ff10d.js:149 https://leetcode.com/jobs/
common-libs.ef23ff10d.js:149 https://leetcode.com/bugbounty/
common-libs.ef23ff10d.js:149 https://leetcode.com/terms/
common-libs.ef23ff10d.js:149 https://leetcode.com/privacy/
common-libs.ef23ff10d.js:149 https://leetcode.com/region/
common-libs.ef23ff10d.js:149 mailto:billing@leetcode.com?subject=Billing%20Issue&body=Name:%0D%0A%0D%0AUsername:%0D%0A%0D%0AMessage:%0D%0A%0D%0A
common-libs.ef23ff10d.js:149 mailto:support@leetcode.com?subject=General%20Support&body=Name:%0D%0A%0D%0AUsername:%0D%0A%0D%0AMessage:%0D%0A%0D%0A
common-libs.ef23ff10d.js:149 mailto:feedback@leetcode.com?subject=Other%20Inquiries&body=Name:%0D%0A%0D%0AUsername:%0D%0A%0D%0AMessage:%0D%0A%0D%0A
undefined
