var links = document.getElementsByTagName('a');
var all_links =  Array.prototype.slice.call(links);
all_links.forEach(function(val){
    console.log(val.href);
});
common-libs.ef23ff10d.js:149 https://leetcode.com/
common-libs.ef23ff10d.js:149 https://leetcode.com/subscribe/
common-libs.ef23ff10d.js:149 https://leetcode.com/explore/
common-libs.ef23ff10d.js:149 https://leetcode.com/problemset/all/
common-libs.ef23ff10d.js:149 https://leetcode.com/interview/
common-libs.ef23ff10d.js:149 https://leetcode.com/contest/
common-libs.ef23ff10d.js:149 https://leetcode.com/articles/
common-libs.ef23ff10d.js:149 https://leetcode.com/discuss/
common-libs.ef23ff10d.js:149 https://leetcode.com/playground/
common-libs.ef23ff10d.js:149 https://leetcode.com/tag/breadth-first-search/#
common-libs.ef23ff10d.js:149 https://leetcode.com/store/
common-libs.ef23ff10d.js:149 https://leetcode.com/subscribe/
common-libs.ef23ff10d.js:149 https://leetcode.com/book/
common-libs.ef23ff10d.js:149 https://leetcode.com/subscribe/
common-libs.ef23ff10d.js:149 https://leetcode.com/subscribe
common-libs.ef23ff10d.js:149 https://leetcode.com/problems/symmetric-tree
common-libs.ef23ff10d.js:149 https://leetcode.com/problems/binary-tree-level-order-traversal
common-libs.ef23ff10d.js:149 https://leetcode.com/problems/binary-tree-zigzag-level-order-traversal
common-libs.ef23ff10d.js:149 https://leetcode.com/problems/binary-tree-level-order-traversal-ii
common-libs.ef23ff10d.js:149 https://leetcode.com/problems/minimum-depth-of-binary-tree
common-libs.ef23ff10d.js:149 https://leetcode.com/problems/word-ladder-ii
common-libs.ef23ff10d.js:149 https://leetcode.com/problems/word-ladder
common-libs.ef23ff10d.js:149 https://leetcode.com/problems/surrounded-regions
common-libs.ef23ff10d.js:149 https://leetcode.com/problems/clone-graph
common-libs.ef23ff10d.js:149 https://leetcode.com/problems/binary-tree-right-side-view
common-libs.ef23ff10d.js:149 https://leetcode.com/problems/number-of-islands
common-libs.ef23ff10d.js:149 https://leetcode.com/problems/course-schedule
common-libs.ef23ff10d.js:149 https://leetcode.com/problems/course-schedule-ii
common-libs.ef23ff10d.js:149 https://leetcode.com/problems/graph-valid-tree
common-libs.ef23ff10d.js:149 https://leetcode.com/problems/perfect-squares
common-libs.ef23ff10d.js:149 https://leetcode.com/problems/walls-and-gates
common-libs.ef23ff10d.js:149 https://leetcode.com/problems/remove-invalid-parentheses
common-libs.ef23ff10d.js:149 https://leetcode.com/problems/minimum-height-trees
common-libs.ef23ff10d.js:149 https://leetcode.com/problems/shortest-distance-from-all-buildings
common-libs.ef23ff10d.js:149 https://leetcode.com/problems/number-of-connected-components-in-an-undirected-graph
common-libs.ef23ff10d.js:149 https://leetcode.com/problems/trapping-rain-water-ii
common-libs.ef23ff10d.js:149 https://leetcode.com/problems/pacific-atlantic-water-flow
common-libs.ef23ff10d.js:149 https://leetcode.com/problems/the-maze
common-libs.ef23ff10d.js:149 https://leetcode.com/problems/the-maze-iii
common-libs.ef23ff10d.js:149 https://leetcode.com/problems/the-maze-ii
common-libs.ef23ff10d.js:149 https://leetcode.com/problems/find-bottom-left-tree-value
common-libs.ef23ff10d.js:149 https://leetcode.com/problems/find-largest-value-in-each-tree-row
common-libs.ef23ff10d.js:149 https://leetcode.com/problems/minesweeper
common-libs.ef23ff10d.js:149 https://leetcode.com/problems/01-matrix
common-libs.ef23ff10d.js:149 https://leetcode.com/problems/cut-off-trees-for-golf-event
common-libs.ef23ff10d.js:149 https://leetcode.com/problems/employee-importance
common-libs.ef23ff10d.js:149 https://leetcode.com/problems/network-delay-time
common-libs.ef23ff10d.js:149 https://leetcode.com/problems/open-the-lock
common-libs.ef23ff10d.js:149 https://leetcode.com/problems/n-ary-tree-level-order-traversal
common-libs.ef23ff10d.js:149 https://leetcode.com/problems/maximum-depth-of-n-ary-tree
common-libs.ef23ff10d.js:149 https://leetcode.com/problems/sliding-puzzle
common-libs.ef23ff10d.js:149 https://leetcode.com/problems/is-graph-bipartite
common-libs.ef23ff10d.js:149 https://leetcode.com/problems/cheapest-flights-within-k-stops
common-libs.ef23ff10d.js:149 https://leetcode.com/problems/bus-routes
common-libs.ef23ff10d.js:149 https://leetcode.com/problems/shortest-path-visiting-all-nodes
common-libs.ef23ff10d.js:149 https://leetcode.com/problems/k-similar-strings
common-libs.ef23ff10d.js:149 https://leetcode.com/problems/all-nodes-distance-k-in-binary-tree
common-libs.ef23ff10d.js:149 https://leetcode.com/problems/shortest-path-to-get-all-keys
common-libs.ef23ff10d.js:149 https://leetcode.com/problems/snakes-and-ladders
common-libs.ef23ff10d.js:149 https://leetcode.com/problems/cat-and-mouse
common-libs.ef23ff10d.js:149 https://leetcode.com/problems/shortest-bridge
common-libs.ef23ff10d.js:149 https://leetcode.com/problems/cousins-in-binary-tree
common-libs.ef23ff10d.js:149 https://leetcode.com/problems/rotting-oranges
common-libs.ef23ff10d.js:149 https://leetcode.com/problems/escape-a-large-maze
common-libs.ef23ff10d.js:149 https://leetcode.com/support/
common-libs.ef23ff10d.js:149 https://leetcode.com/jobs/
common-libs.ef23ff10d.js:149 https://leetcode.com/bugbounty/
common-libs.ef23ff10d.js:149 https://leetcode.com/terms/
common-libs.ef23ff10d.js:149 https://leetcode.com/privacy/
common-libs.ef23ff10d.js:149 https://leetcode.com/region/
common-libs.ef23ff10d.js:149 mailto:billing@leetcode.com?subject=Billing%20Issue&body=Name:%0D%0A%0D%0AUsername:%0D%0A%0D%0AMessage:%0D%0A%0D%0A
common-libs.ef23ff10d.js:149 mailto:support@leetcode.com?subject=General%20Support&body=Name:%0D%0A%0D%0AUsername:%0D%0A%0D%0AMessage:%0D%0A%0D%0A
common-libs.ef23ff10d.js:149 mailto:feedback@leetcode.com?subject=Other%20Inquiries&body=Name:%0D%0A%0D%0AUsername:%0D%0A%0D%0AMessage:%0D%0A%0D%0A
undefined
