var links = document.getElementsByTagName('a');
var all_links =  Array.prototype.slice.call(links);
all_links.forEach(function(val){
    console.log(val.href);
});
common-libs.ef23ff10d.js:149 https://leetcode.com/
common-libs.ef23ff10d.js:149 https://leetcode.com/subscribe/
common-libs.ef23ff10d.js:149 https://leetcode.com/explore/
common-libs.ef23ff10d.js:149 https://leetcode.com/problemset/all/
common-libs.ef23ff10d.js:149 https://leetcode.com/interview/
common-libs.ef23ff10d.js:149 https://leetcode.com/contest/
common-libs.ef23ff10d.js:149 https://leetcode.com/articles/
common-libs.ef23ff10d.js:149 https://leetcode.com/discuss/
common-libs.ef23ff10d.js:149 https://leetcode.com/playground/
common-libs.ef23ff10d.js:149 https://leetcode.com/tag/stack/#
common-libs.ef23ff10d.js:149 https://leetcode.com/store/
common-libs.ef23ff10d.js:149 https://leetcode.com/subscribe/
common-libs.ef23ff10d.js:149 https://leetcode.com/book/
common-libs.ef23ff10d.js:149 https://leetcode.com/subscribe/
common-libs.ef23ff10d.js:149 https://leetcode.com/subscribe
common-libs.ef23ff10d.js:149 https://leetcode.com/problems/valid-parentheses
common-libs.ef23ff10d.js:149 https://leetcode.com/problems/trapping-rain-water
common-libs.ef23ff10d.js:149 https://leetcode.com/problems/simplify-path
common-libs.ef23ff10d.js:149 https://leetcode.com/problems/largest-rectangle-in-histogram
common-libs.ef23ff10d.js:149 https://leetcode.com/problems/maximal-rectangle
common-libs.ef23ff10d.js:149 https://leetcode.com/problems/binary-tree-inorder-traversal
common-libs.ef23ff10d.js:149 https://leetcode.com/problems/binary-tree-zigzag-level-order-traversal
common-libs.ef23ff10d.js:149 https://leetcode.com/problems/binary-tree-preorder-traversal
common-libs.ef23ff10d.js:149 https://leetcode.com/problems/binary-tree-postorder-traversal
common-libs.ef23ff10d.js:149 https://leetcode.com/problems/evaluate-reverse-polish-notation
common-libs.ef23ff10d.js:149 https://leetcode.com/problems/min-stack
common-libs.ef23ff10d.js:149 https://leetcode.com/problems/binary-search-tree-iterator
common-libs.ef23ff10d.js:149 https://leetcode.com/problems/basic-calculator
common-libs.ef23ff10d.js:149 https://leetcode.com/problems/implement-stack-using-queues
common-libs.ef23ff10d.js:149 https://leetcode.com/problems/implement-queue-using-stacks
common-libs.ef23ff10d.js:149 https://leetcode.com/problems/verify-preorder-sequence-in-binary-search-tree
common-libs.ef23ff10d.js:149 https://leetcode.com/problems/closest-binary-search-tree-value-ii
common-libs.ef23ff10d.js:149 https://leetcode.com/problems/remove-duplicate-letters
common-libs.ef23ff10d.js:149 https://leetcode.com/problems/verify-preorder-serialization-of-a-binary-tree
common-libs.ef23ff10d.js:149 https://leetcode.com/problems/flatten-nested-list-iterator
common-libs.ef23ff10d.js:149 https://leetcode.com/problems/mini-parser
common-libs.ef23ff10d.js:149 https://leetcode.com/problems/decode-string
common-libs.ef23ff10d.js:149 https://leetcode.com/problems/remove-k-digits
common-libs.ef23ff10d.js:149 https://leetcode.com/problems/ternary-expression-parser
common-libs.ef23ff10d.js:149 https://leetcode.com/problems/132-pattern
common-libs.ef23ff10d.js:149 https://leetcode.com/problems/next-greater-element-i
common-libs.ef23ff10d.js:149 https://leetcode.com/problems/next-greater-element-ii
common-libs.ef23ff10d.js:149 https://leetcode.com/problems/tag-validator
common-libs.ef23ff10d.js:149 https://leetcode.com/problems/exclusive-time-of-functions
common-libs.ef23ff10d.js:149 https://leetcode.com/problems/baseball-game
common-libs.ef23ff10d.js:149 https://leetcode.com/problems/number-of-atoms
common-libs.ef23ff10d.js:149 https://leetcode.com/problems/asteroid-collision
common-libs.ef23ff10d.js:149 https://leetcode.com/problems/daily-temperatures
common-libs.ef23ff10d.js:149 https://leetcode.com/problems/basic-calculator-iv
common-libs.ef23ff10d.js:149 https://leetcode.com/problems/basic-calculator-iii
common-libs.ef23ff10d.js:149 https://leetcode.com/problems/backspace-string-compare
common-libs.ef23ff10d.js:149 https://leetcode.com/problems/car-fleet
common-libs.ef23ff10d.js:149 https://leetcode.com/problems/score-of-parentheses
common-libs.ef23ff10d.js:149 https://leetcode.com/problems/decoded-string-at-index
common-libs.ef23ff10d.js:149 https://leetcode.com/problems/maximum-frequency-stack
common-libs.ef23ff10d.js:149 https://leetcode.com/problems/online-stock-span
common-libs.ef23ff10d.js:149 https://leetcode.com/problems/sum-of-subarray-minimums
common-libs.ef23ff10d.js:149 https://leetcode.com/problems/minimum-add-to-make-parentheses-valid
common-libs.ef23ff10d.js:149 https://leetcode.com/problems/validate-stack-sequences
common-libs.ef23ff10d.js:149 https://leetcode.com/problems/odd-even-jump
common-libs.ef23ff10d.js:149 https://leetcode.com/problems/check-if-word-is-valid-after-substitutions
common-libs.ef23ff10d.js:149 https://leetcode.com/problems/next-greater-node-in-linked-list
common-libs.ef23ff10d.js:149 https://leetcode.com/problems/remove-outermost-parentheses
common-libs.ef23ff10d.js:149 https://leetcode.com/problems/remove-all-adjacent-duplicates-in-string
common-libs.ef23ff10d.js:149 https://leetcode.com/support/
common-libs.ef23ff10d.js:149 https://leetcode.com/jobs/
common-libs.ef23ff10d.js:149 https://leetcode.com/bugbounty/
common-libs.ef23ff10d.js:149 https://leetcode.com/terms/
common-libs.ef23ff10d.js:149 https://leetcode.com/privacy/
common-libs.ef23ff10d.js:149 https://leetcode.com/region/
common-libs.ef23ff10d.js:149 mailto:billing@leetcode.com?subject=Billing%20Issue&body=Name:%0D%0A%0D%0AUsername:%0D%0A%0D%0AMessage:%0D%0A%0D%0A
common-libs.ef23ff10d.js:149 mailto:support@leetcode.com?subject=General%20Support&body=Name:%0D%0A%0D%0AUsername:%0D%0A%0D%0AMessage:%0D%0A%0D%0A
common-libs.ef23ff10d.js:149 mailto:feedback@leetcode.com?subject=Other%20Inquiries&body=Name:%0D%0A%0D%0AUsername:%0D%0A%0D%0AMessage:%0D%0A%0D%0A
undefined
