var links = document.getElementsByTagName('a');
var all_links =  Array.prototype.slice.call(links);
all_links.forEach(function(val){
    console.log(val.href);
});
common-libs.ef23ff10d.js:149 https://leetcode.com/
common-libs.ef23ff10d.js:149 https://leetcode.com/subscribe/
common-libs.ef23ff10d.js:149 https://leetcode.com/explore/
common-libs.ef23ff10d.js:149 https://leetcode.com/problemset/all/
common-libs.ef23ff10d.js:149 https://leetcode.com/interview/
common-libs.ef23ff10d.js:149 https://leetcode.com/contest/
common-libs.ef23ff10d.js:149 https://leetcode.com/articles/
common-libs.ef23ff10d.js:149 https://leetcode.com/discuss/
common-libs.ef23ff10d.js:149 https://leetcode.com/playground/
common-libs.ef23ff10d.js:149 https://leetcode.com/tag/backtracking/#
common-libs.ef23ff10d.js:149 https://leetcode.com/store/
common-libs.ef23ff10d.js:149 https://leetcode.com/subscribe/
common-libs.ef23ff10d.js:149 https://leetcode.com/book/
common-libs.ef23ff10d.js:149 https://leetcode.com/subscribe/
common-libs.ef23ff10d.js:149 https://leetcode.com/subscribe
common-libs.ef23ff10d.js:149 https://leetcode.com/problems/regular-expression-matching
common-libs.ef23ff10d.js:149 https://leetcode.com/problems/letter-combinations-of-a-phone-number
common-libs.ef23ff10d.js:149 https://leetcode.com/problems/generate-parentheses
common-libs.ef23ff10d.js:149 https://leetcode.com/problems/sudoku-solver
common-libs.ef23ff10d.js:149 https://leetcode.com/problems/combination-sum
common-libs.ef23ff10d.js:149 https://leetcode.com/problems/combination-sum-ii
common-libs.ef23ff10d.js:149 https://leetcode.com/problems/wildcard-matching
common-libs.ef23ff10d.js:149 https://leetcode.com/problems/permutations
common-libs.ef23ff10d.js:149 https://leetcode.com/problems/permutations-ii
common-libs.ef23ff10d.js:149 https://leetcode.com/problems/n-queens
common-libs.ef23ff10d.js:149 https://leetcode.com/problems/n-queens-ii
common-libs.ef23ff10d.js:149 https://leetcode.com/problems/permutation-sequence
common-libs.ef23ff10d.js:149 https://leetcode.com/problems/combinations
common-libs.ef23ff10d.js:149 https://leetcode.com/problems/subsets
common-libs.ef23ff10d.js:149 https://leetcode.com/problems/word-search
common-libs.ef23ff10d.js:149 https://leetcode.com/problems/gray-code
common-libs.ef23ff10d.js:149 https://leetcode.com/problems/subsets-ii
common-libs.ef23ff10d.js:149 https://leetcode.com/problems/restore-ip-addresses
common-libs.ef23ff10d.js:149 https://leetcode.com/problems/word-ladder-ii
common-libs.ef23ff10d.js:149 https://leetcode.com/problems/palindrome-partitioning
common-libs.ef23ff10d.js:149 https://leetcode.com/problems/word-break-ii
common-libs.ef23ff10d.js:149 https://leetcode.com/problems/add-and-search-word-data-structure-design
common-libs.ef23ff10d.js:149 https://leetcode.com/problems/word-search-ii
common-libs.ef23ff10d.js:149 https://leetcode.com/problems/combination-sum-iii
common-libs.ef23ff10d.js:149 https://leetcode.com/problems/factor-combinations
common-libs.ef23ff10d.js:149 https://leetcode.com/problems/palindrome-permutation-ii
common-libs.ef23ff10d.js:149 https://leetcode.com/problems/word-pattern-ii
common-libs.ef23ff10d.js:149 https://leetcode.com/problems/flip-game-ii
common-libs.ef23ff10d.js:149 https://leetcode.com/problems/additive-number
common-libs.ef23ff10d.js:149 https://leetcode.com/problems/generalized-abbreviation
common-libs.ef23ff10d.js:149 https://leetcode.com/problems/android-unlock-patterns
common-libs.ef23ff10d.js:149 https://leetcode.com/problems/count-numbers-with-unique-digits
common-libs.ef23ff10d.js:149 https://leetcode.com/problems/binary-watch
common-libs.ef23ff10d.js:149 https://leetcode.com/problems/minimum-unique-word-abbreviation
common-libs.ef23ff10d.js:149 https://leetcode.com/problems/word-squares
common-libs.ef23ff10d.js:149 https://leetcode.com/problems/beautiful-arrangement
common-libs.ef23ff10d.js:149 https://leetcode.com/problems/stickers-to-spell-word
common-libs.ef23ff10d.js:149 https://leetcode.com/problems/letter-case-permutation
common-libs.ef23ff10d.js:149 https://leetcode.com/problems/split-array-into-fibonacci-sequence
common-libs.ef23ff10d.js:149 https://leetcode.com/problems/unique-paths-iii
common-libs.ef23ff10d.js:149 https://leetcode.com/problems/number-of-squareful-arrays
common-libs.ef23ff10d.js:149 https://leetcode.com/support/
common-libs.ef23ff10d.js:149 https://leetcode.com/jobs/
common-libs.ef23ff10d.js:149 https://leetcode.com/bugbounty/
common-libs.ef23ff10d.js:149 https://leetcode.com/terms/
common-libs.ef23ff10d.js:149 https://leetcode.com/privacy/
common-libs.ef23ff10d.js:149 https://leetcode.com/region/
common-libs.ef23ff10d.js:149 mailto:billing@leetcode.com?subject=Billing%20Issue&body=Name:%0D%0A%0D%0AUsername:%0D%0A%0D%0AMessage:%0D%0A%0D%0A
common-libs.ef23ff10d.js:149 mailto:support@leetcode.com?subject=General%20Support&body=Name:%0D%0A%0D%0AUsername:%0D%0A%0D%0AMessage:%0D%0A%0D%0A
common-libs.ef23ff10d.js:149 mailto:feedback@leetcode.com?subject=Other%20Inquiries&body=Name:%0D%0A%0D%0AUsername:%0D%0A%0D%0AMessage:%0D%0A%0D%0A
undefined
