var links = document.getElementsByTagName('a');
var all_links =  Array.prototype.slice.call(links);
all_links.forEach(function(val){
    console.log(val.href);
});
common-libs.ef23ff10d.js:149 https://leetcode.com/
common-libs.ef23ff10d.js:149 https://leetcode.com/subscribe/
common-libs.ef23ff10d.js:149 https://leetcode.com/explore/
common-libs.ef23ff10d.js:149 https://leetcode.com/problemset/all/
common-libs.ef23ff10d.js:149 https://leetcode.com/interview/
common-libs.ef23ff10d.js:149 https://leetcode.com/contest/
common-libs.ef23ff10d.js:149 https://leetcode.com/articles/
common-libs.ef23ff10d.js:149 https://leetcode.com/discuss/
common-libs.ef23ff10d.js:149 https://leetcode.com/playground/
common-libs.ef23ff10d.js:149 https://leetcode.com/tag/design/#
common-libs.ef23ff10d.js:149 https://leetcode.com/store/
common-libs.ef23ff10d.js:149 https://leetcode.com/subscribe/
common-libs.ef23ff10d.js:149 https://leetcode.com/book/
common-libs.ef23ff10d.js:149 https://leetcode.com/subscribe/
common-libs.ef23ff10d.js:149 https://leetcode.com/subscribe
common-libs.ef23ff10d.js:149 https://leetcode.com/problems/lru-cache
common-libs.ef23ff10d.js:149 https://leetcode.com/problems/min-stack
common-libs.ef23ff10d.js:149 https://leetcode.com/problems/two-sum-iii-data-structure-design
common-libs.ef23ff10d.js:149 https://leetcode.com/problems/binary-search-tree-iterator
common-libs.ef23ff10d.js:149 https://leetcode.com/problems/implement-trie-prefix-tree
common-libs.ef23ff10d.js:149 https://leetcode.com/problems/add-and-search-word-data-structure-design
common-libs.ef23ff10d.js:149 https://leetcode.com/problems/implement-stack-using-queues
common-libs.ef23ff10d.js:149 https://leetcode.com/problems/implement-queue-using-stacks
common-libs.ef23ff10d.js:149 https://leetcode.com/problems/shortest-word-distance-ii
common-libs.ef23ff10d.js:149 https://leetcode.com/problems/flatten-2d-vector
common-libs.ef23ff10d.js:149 https://leetcode.com/problems/zigzag-iterator
common-libs.ef23ff10d.js:149 https://leetcode.com/problems/peeking-iterator
common-libs.ef23ff10d.js:149 https://leetcode.com/problems/unique-word-abbreviation
common-libs.ef23ff10d.js:149 https://leetcode.com/problems/find-median-from-data-stream
common-libs.ef23ff10d.js:149 https://leetcode.com/problems/serialize-and-deserialize-binary-tree
common-libs.ef23ff10d.js:149 https://leetcode.com/problems/flatten-nested-list-iterator
common-libs.ef23ff10d.js:149 https://leetcode.com/problems/moving-average-from-data-stream
common-libs.ef23ff10d.js:149 https://leetcode.com/problems/design-tic-tac-toe
common-libs.ef23ff10d.js:149 https://leetcode.com/problems/design-snake-game
common-libs.ef23ff10d.js:149 https://leetcode.com/problems/design-twitter
common-libs.ef23ff10d.js:149 https://leetcode.com/problems/logger-rate-limiter
common-libs.ef23ff10d.js:149 https://leetcode.com/problems/design-hit-counter
common-libs.ef23ff10d.js:149 https://leetcode.com/problems/design-phone-directory
common-libs.ef23ff10d.js:149 https://leetcode.com/problems/insert-delete-getrandom-o1
common-libs.ef23ff10d.js:149 https://leetcode.com/problems/insert-delete-getrandom-o1-duplicates-allowed
common-libs.ef23ff10d.js:149 https://leetcode.com/problems/all-oone-data-structure
common-libs.ef23ff10d.js:149 https://leetcode.com/problems/lfu-cache
common-libs.ef23ff10d.js:149 https://leetcode.com/problems/design-in-memory-file-system
common-libs.ef23ff10d.js:149 https://leetcode.com/problems/design-compressed-string-iterator
common-libs.ef23ff10d.js:149 https://leetcode.com/problems/design-excel-sum-formula
common-libs.ef23ff10d.js:149 https://leetcode.com/problems/design-log-storage-system
common-libs.ef23ff10d.js:149 https://leetcode.com/problems/design-search-autocomplete-system
common-libs.ef23ff10d.js:149 https://leetcode.com/problems/max-stack
common-libs.ef23ff10d.js:149 https://leetcode.com/problems/design-hashset
common-libs.ef23ff10d.js:149 https://leetcode.com/problems/design-hashmap
common-libs.ef23ff10d.js:149 https://leetcode.com/problems/design-linked-list
common-libs.ef23ff10d.js:149 https://leetcode.com/problems/design-circular-deque
common-libs.ef23ff10d.js:149 https://leetcode.com/problems/design-circular-queue
common-libs.ef23ff10d.js:149 https://leetcode.com/support/
common-libs.ef23ff10d.js:149 https://leetcode.com/jobs/
common-libs.ef23ff10d.js:149 https://leetcode.com/bugbounty/
common-libs.ef23ff10d.js:149 https://leetcode.com/terms/
common-libs.ef23ff10d.js:149 https://leetcode.com/privacy/
common-libs.ef23ff10d.js:149 https://leetcode.com/region/
common-libs.ef23ff10d.js:149 mailto:billing@leetcode.com?subject=Billing%20Issue&body=Name:%0D%0A%0D%0AUsername:%0D%0A%0D%0AMessage:%0D%0A%0D%0A
common-libs.ef23ff10d.js:149 mailto:support@leetcode.com?subject=General%20Support&body=Name:%0D%0A%0D%0AUsername:%0D%0A%0D%0AMessage:%0D%0A%0D%0A
common-libs.ef23ff10d.js:149 mailto:feedback@leetcode.com?subject=Other%20Inquiries&body=Name:%0D%0A%0D%0AUsername:%0D%0A%0D%0AMessage:%0D%0A%0D%0A
undefined
