var links = document.getElementsByTagName('a');
var all_links =  Array.prototype.slice.call(links);
all_links.forEach(function(val){
    console.log(val.href);
});
common-libs.ef23ff10d.js:149 https://leetcode.com/
common-libs.ef23ff10d.js:149 https://leetcode.com/subscribe/
common-libs.ef23ff10d.js:149 https://leetcode.com/explore/
common-libs.ef23ff10d.js:149 https://leetcode.com/problemset/all/
common-libs.ef23ff10d.js:149 https://leetcode.com/interview/
common-libs.ef23ff10d.js:149 https://leetcode.com/contest/
common-libs.ef23ff10d.js:149 https://leetcode.com/articles/
common-libs.ef23ff10d.js:149 https://leetcode.com/discuss/
common-libs.ef23ff10d.js:149 https://leetcode.com/playground/
common-libs.ef23ff10d.js:149 https://leetcode.com/tag/linked-list/#
common-libs.ef23ff10d.js:149 https://leetcode.com/store/
common-libs.ef23ff10d.js:149 https://leetcode.com/subscribe/
common-libs.ef23ff10d.js:149 https://leetcode.com/book/
common-libs.ef23ff10d.js:149 https://leetcode.com/subscribe/
common-libs.ef23ff10d.js:149 https://leetcode.com/subscribe
common-libs.ef23ff10d.js:149 https://leetcode.com/problems/add-two-numbers
common-libs.ef23ff10d.js:149 https://leetcode.com/problems/remove-nth-node-from-end-of-list
common-libs.ef23ff10d.js:149 https://leetcode.com/problems/merge-two-sorted-lists
common-libs.ef23ff10d.js:149 https://leetcode.com/problems/merge-k-sorted-lists
common-libs.ef23ff10d.js:149 https://leetcode.com/problems/swap-nodes-in-pairs
common-libs.ef23ff10d.js:149 https://leetcode.com/problems/reverse-nodes-in-k-group
common-libs.ef23ff10d.js:149 https://leetcode.com/problems/rotate-list
common-libs.ef23ff10d.js:149 https://leetcode.com/problems/remove-duplicates-from-sorted-list-ii
common-libs.ef23ff10d.js:149 https://leetcode.com/problems/remove-duplicates-from-sorted-list
common-libs.ef23ff10d.js:149 https://leetcode.com/problems/partition-list
common-libs.ef23ff10d.js:149 https://leetcode.com/problems/reverse-linked-list-ii
common-libs.ef23ff10d.js:149 https://leetcode.com/problems/convert-sorted-list-to-binary-search-tree
common-libs.ef23ff10d.js:149 https://leetcode.com/problems/copy-list-with-random-pointer
common-libs.ef23ff10d.js:149 https://leetcode.com/problems/linked-list-cycle
common-libs.ef23ff10d.js:149 https://leetcode.com/problems/linked-list-cycle-ii
common-libs.ef23ff10d.js:149 https://leetcode.com/problems/reorder-list
common-libs.ef23ff10d.js:149 https://leetcode.com/problems/insertion-sort-list
common-libs.ef23ff10d.js:149 https://leetcode.com/problems/sort-list
common-libs.ef23ff10d.js:149 https://leetcode.com/problems/intersection-of-two-linked-lists
common-libs.ef23ff10d.js:149 https://leetcode.com/problems/remove-linked-list-elements
common-libs.ef23ff10d.js:149 https://leetcode.com/problems/reverse-linked-list
common-libs.ef23ff10d.js:149 https://leetcode.com/problems/palindrome-linked-list
common-libs.ef23ff10d.js:149 https://leetcode.com/problems/delete-node-in-a-linked-list
common-libs.ef23ff10d.js:149 https://leetcode.com/problems/odd-even-linked-list
common-libs.ef23ff10d.js:149 https://leetcode.com/problems/plus-one-linked-list
common-libs.ef23ff10d.js:149 https://leetcode.com/problems/design-phone-directory
common-libs.ef23ff10d.js:149 https://leetcode.com/problems/add-two-numbers-ii
common-libs.ef23ff10d.js:149 https://leetcode.com/problems/split-linked-list-in-parts
common-libs.ef23ff10d.js:149 https://leetcode.com/problems/convert-binary-search-tree-to-sorted-doubly-linked-list
common-libs.ef23ff10d.js:149 https://leetcode.com/problems/flatten-a-multilevel-doubly-linked-list
common-libs.ef23ff10d.js:149 https://leetcode.com/problems/linked-list-components
common-libs.ef23ff10d.js:149 https://leetcode.com/problems/design-linked-list
common-libs.ef23ff10d.js:149 https://leetcode.com/problems/insert-into-a-cyclic-sorted-list
common-libs.ef23ff10d.js:149 https://leetcode.com/problems/middle-of-the-linked-list
common-libs.ef23ff10d.js:149 https://leetcode.com/problems/next-greater-node-in-linked-list
common-libs.ef23ff10d.js:149 https://leetcode.com/support/
common-libs.ef23ff10d.js:149 https://leetcode.com/jobs/
common-libs.ef23ff10d.js:149 https://leetcode.com/bugbounty/
common-libs.ef23ff10d.js:149 https://leetcode.com/terms/
common-libs.ef23ff10d.js:149 https://leetcode.com/privacy/
common-libs.ef23ff10d.js:149 https://leetcode.com/region/
common-libs.ef23ff10d.js:149 mailto:billing@leetcode.com?subject=Billing%20Issue&body=Name:%0D%0A%0D%0AUsername:%0D%0A%0D%0AMessage:%0D%0A%0D%0A
common-libs.ef23ff10d.js:149 mailto:support@leetcode.com?subject=General%20Support&body=Name:%0D%0A%0D%0AUsername:%0D%0A%0D%0AMessage:%0D%0A%0D%0A
common-libs.ef23ff10d.js:149 mailto:feedback@leetcode.com?subject=Other%20Inquiries&body=Name:%0D%0A%0D%0AUsername:%0D%0A%0D%0AMessage:%0D%0A%0D%0A
undefined
