var links = document.getElementsByTagName('a');
var all_links =  Array.prototype.slice.call(links);
all_links.forEach(function(val){
    console.log(val.href);
});
common-libs.ef23ff10d.js:149 https://leetcode.com/
common-libs.ef23ff10d.js:149 https://leetcode.com/subscribe/
common-libs.ef23ff10d.js:149 https://leetcode.com/explore/
common-libs.ef23ff10d.js:149 https://leetcode.com/problemset/all/
common-libs.ef23ff10d.js:149 https://leetcode.com/interview/
common-libs.ef23ff10d.js:149 https://leetcode.com/contest/
common-libs.ef23ff10d.js:149 https://leetcode.com/articles/
common-libs.ef23ff10d.js:149 https://leetcode.com/discuss/
common-libs.ef23ff10d.js:149 https://leetcode.com/playground/
common-libs.ef23ff10d.js:149 https://leetcode.com/tag/bit-manipulation/#
common-libs.ef23ff10d.js:149 https://leetcode.com/store/
common-libs.ef23ff10d.js:149 https://leetcode.com/subscribe/
common-libs.ef23ff10d.js:149 https://leetcode.com/book/
common-libs.ef23ff10d.js:149 https://leetcode.com/subscribe/
common-libs.ef23ff10d.js:149 https://leetcode.com/subscribe
common-libs.ef23ff10d.js:149 https://leetcode.com/problems/subsets
common-libs.ef23ff10d.js:149 https://leetcode.com/problems/single-number
common-libs.ef23ff10d.js:149 https://leetcode.com/problems/single-number-ii
common-libs.ef23ff10d.js:149 https://leetcode.com/problems/majority-element
common-libs.ef23ff10d.js:149 https://leetcode.com/problems/repeated-dna-sequences
common-libs.ef23ff10d.js:149 https://leetcode.com/problems/reverse-bits
common-libs.ef23ff10d.js:149 https://leetcode.com/problems/number-of-1-bits
common-libs.ef23ff10d.js:149 https://leetcode.com/problems/bitwise-and-of-numbers-range
common-libs.ef23ff10d.js:149 https://leetcode.com/problems/power-of-two
common-libs.ef23ff10d.js:149 https://leetcode.com/problems/single-number-iii
common-libs.ef23ff10d.js:149 https://leetcode.com/problems/missing-number
common-libs.ef23ff10d.js:149 https://leetcode.com/problems/maximum-product-of-word-lengths
common-libs.ef23ff10d.js:149 https://leetcode.com/problems/generalized-abbreviation
common-libs.ef23ff10d.js:149 https://leetcode.com/problems/counting-bits
common-libs.ef23ff10d.js:149 https://leetcode.com/problems/power-of-four
common-libs.ef23ff10d.js:149 https://leetcode.com/problems/sum-of-two-integers
common-libs.ef23ff10d.js:149 https://leetcode.com/problems/find-the-difference
common-libs.ef23ff10d.js:149 https://leetcode.com/problems/utf-8-validation
common-libs.ef23ff10d.js:149 https://leetcode.com/problems/integer-replacement
common-libs.ef23ff10d.js:149 https://leetcode.com/problems/binary-watch
common-libs.ef23ff10d.js:149 https://leetcode.com/problems/convert-a-number-to-hexadecimal
common-libs.ef23ff10d.js:149 https://leetcode.com/problems/minimum-unique-word-abbreviation
common-libs.ef23ff10d.js:149 https://leetcode.com/problems/maximum-xor-of-two-numbers-in-an-array
common-libs.ef23ff10d.js:149 https://leetcode.com/problems/hamming-distance
common-libs.ef23ff10d.js:149 https://leetcode.com/problems/number-complement
common-libs.ef23ff10d.js:149 https://leetcode.com/problems/total-hamming-distance
common-libs.ef23ff10d.js:149 https://leetcode.com/problems/binary-number-with-alternating-bits
common-libs.ef23ff10d.js:149 https://leetcode.com/problems/ip-to-cidr
common-libs.ef23ff10d.js:149 https://leetcode.com/problems/pyramid-transition-matrix
common-libs.ef23ff10d.js:149 https://leetcode.com/problems/prime-number-of-set-bits-in-binary-representation
common-libs.ef23ff10d.js:149 https://leetcode.com/problems/letter-case-permutation
common-libs.ef23ff10d.js:149 https://leetcode.com/problems/bitwise-ors-of-subarrays
common-libs.ef23ff10d.js:149 https://leetcode.com/support/
common-libs.ef23ff10d.js:149 https://leetcode.com/jobs/
common-libs.ef23ff10d.js:149 https://leetcode.com/bugbounty/
common-libs.ef23ff10d.js:149 https://leetcode.com/terms/
common-libs.ef23ff10d.js:149 https://leetcode.com/privacy/
common-libs.ef23ff10d.js:149 https://leetcode.com/region/
common-libs.ef23ff10d.js:149 mailto:billing@leetcode.com?subject=Billing%20Issue&body=Name:%0D%0A%0D%0AUsername:%0D%0A%0D%0AMessage:%0D%0A%0D%0A
common-libs.ef23ff10d.js:149 mailto:support@leetcode.com?subject=General%20Support&body=Name:%0D%0A%0D%0AUsername:%0D%0A%0D%0AMessage:%0D%0A%0D%0A
common-libs.ef23ff10d.js:149 mailto:feedback@leetcode.com?subject=Other%20Inquiries&body=Name:%0D%0A%0D%0AUsername:%0D%0A%0D%0AMessage:%0D%0A%0D%0A
undefined
