var links = document.getElementsByTagName('a');
var all_links =  Array.prototype.slice.call(links);
all_links.forEach(function(val){
    console.log(val.href);
});
common-libs.ef23ff10d.js:149 https://leetcode.com/
common-libs.ef23ff10d.js:149 https://leetcode.com/subscribe/
common-libs.ef23ff10d.js:149 https://leetcode.com/explore/
common-libs.ef23ff10d.js:149 https://leetcode.com/problemset/all/
common-libs.ef23ff10d.js:149 https://leetcode.com/interview/
common-libs.ef23ff10d.js:149 https://leetcode.com/contest/
common-libs.ef23ff10d.js:149 https://leetcode.com/articles/
common-libs.ef23ff10d.js:149 https://leetcode.com/discuss/
common-libs.ef23ff10d.js:149 https://leetcode.com/playground/
common-libs.ef23ff10d.js:149 https://leetcode.com/tag/dynamic-programming/#
common-libs.ef23ff10d.js:149 https://leetcode.com/store/
common-libs.ef23ff10d.js:149 https://leetcode.com/subscribe/
common-libs.ef23ff10d.js:149 https://leetcode.com/book/
common-libs.ef23ff10d.js:149 https://leetcode.com/subscribe/
common-libs.ef23ff10d.js:149 https://leetcode.com/subscribe
common-libs.ef23ff10d.js:149 https://leetcode.com/problems/longest-palindromic-substring
common-libs.ef23ff10d.js:149 https://leetcode.com/problems/regular-expression-matching
common-libs.ef23ff10d.js:149 https://leetcode.com/problems/longest-valid-parentheses
common-libs.ef23ff10d.js:149 https://leetcode.com/problems/wildcard-matching
common-libs.ef23ff10d.js:149 https://leetcode.com/problems/maximum-subarray
common-libs.ef23ff10d.js:149 https://leetcode.com/problems/unique-paths
common-libs.ef23ff10d.js:149 https://leetcode.com/problems/unique-paths-ii
common-libs.ef23ff10d.js:149 https://leetcode.com/problems/minimum-path-sum
common-libs.ef23ff10d.js:149 https://leetcode.com/problems/climbing-stairs
common-libs.ef23ff10d.js:149 https://leetcode.com/problems/edit-distance
common-libs.ef23ff10d.js:149 https://leetcode.com/problems/maximal-rectangle
common-libs.ef23ff10d.js:149 https://leetcode.com/problems/scramble-string
common-libs.ef23ff10d.js:149 https://leetcode.com/problems/decode-ways
common-libs.ef23ff10d.js:149 https://leetcode.com/problems/unique-binary-search-trees-ii
common-libs.ef23ff10d.js:149 https://leetcode.com/problems/unique-binary-search-trees
common-libs.ef23ff10d.js:149 https://leetcode.com/problems/interleaving-string
common-libs.ef23ff10d.js:149 https://leetcode.com/problems/distinct-subsequences
common-libs.ef23ff10d.js:149 https://leetcode.com/problems/triangle
common-libs.ef23ff10d.js:149 https://leetcode.com/problems/best-time-to-buy-and-sell-stock
common-libs.ef23ff10d.js:149 https://leetcode.com/problems/best-time-to-buy-and-sell-stock-iii
common-libs.ef23ff10d.js:149 https://leetcode.com/problems/palindrome-partitioning-ii
common-libs.ef23ff10d.js:149 https://leetcode.com/problems/word-break
common-libs.ef23ff10d.js:149 https://leetcode.com/problems/word-break-ii
common-libs.ef23ff10d.js:149 https://leetcode.com/problems/maximum-product-subarray
common-libs.ef23ff10d.js:149 https://leetcode.com/problems/dungeon-game
common-libs.ef23ff10d.js:149 https://leetcode.com/problems/best-time-to-buy-and-sell-stock-iv
common-libs.ef23ff10d.js:149 https://leetcode.com/problems/house-robber
common-libs.ef23ff10d.js:149 https://leetcode.com/problems/house-robber-ii
common-libs.ef23ff10d.js:149 https://leetcode.com/problems/maximal-square
common-libs.ef23ff10d.js:149 https://leetcode.com/problems/paint-house
common-libs.ef23ff10d.js:149 https://leetcode.com/problems/ugly-number-ii
common-libs.ef23ff10d.js:149 https://leetcode.com/problems/paint-house-ii
common-libs.ef23ff10d.js:149 https://leetcode.com/problems/paint-fence
common-libs.ef23ff10d.js:149 https://leetcode.com/problems/perfect-squares
common-libs.ef23ff10d.js:149 https://leetcode.com/problems/longest-increasing-subsequence
common-libs.ef23ff10d.js:149 https://leetcode.com/problems/range-sum-query-immutable
common-libs.ef23ff10d.js:149 https://leetcode.com/problems/range-sum-query-2d-immutable
common-libs.ef23ff10d.js:149 https://leetcode.com/problems/best-time-to-buy-and-sell-stock-with-cooldown
common-libs.ef23ff10d.js:149 https://leetcode.com/problems/burst-balloons
common-libs.ef23ff10d.js:149 https://leetcode.com/problems/create-maximum-number
common-libs.ef23ff10d.js:149 https://leetcode.com/problems/coin-change
common-libs.ef23ff10d.js:149 https://leetcode.com/problems/counting-bits
common-libs.ef23ff10d.js:149 https://leetcode.com/problems/integer-break
common-libs.ef23ff10d.js:149 https://leetcode.com/problems/android-unlock-patterns
common-libs.ef23ff10d.js:149 https://leetcode.com/problems/russian-doll-envelopes
common-libs.ef23ff10d.js:149 https://leetcode.com/problems/count-numbers-with-unique-digits
common-libs.ef23ff10d.js:149 https://leetcode.com/problems/bomb-enemy
common-libs.ef23ff10d.js:149 https://leetcode.com/problems/max-sum-of-rectangle-no-larger-than-k
common-libs.ef23ff10d.js:149 https://leetcode.com/problems/largest-divisible-subset
common-libs.ef23ff10d.js:149 https://leetcode.com/problems/guess-number-higher-or-lower-ii
common-libs.ef23ff10d.js:149 https://leetcode.com/problems/wiggle-subsequence
common-libs.ef23ff10d.js:149 https://leetcode.com/problems/combination-sum-iv
common-libs.ef23ff10d.js:149 https://leetcode.com/problems/is-subsequence
common-libs.ef23ff10d.js:149 https://leetcode.com/problems/frog-jump
common-libs.ef23ff10d.js:149 https://leetcode.com/problems/split-array-largest-sum
common-libs.ef23ff10d.js:149 https://leetcode.com/problems/arithmetic-slices
common-libs.ef23ff10d.js:149 https://leetcode.com/problems/partition-equal-subset-sum
common-libs.ef23ff10d.js:149 https://leetcode.com/problems/sentence-screen-fitting
common-libs.ef23ff10d.js:149 https://leetcode.com/problems/arithmetic-slices-ii-subsequence
common-libs.ef23ff10d.js:149 https://leetcode.com/problems/can-i-win
common-libs.ef23ff10d.js:149 https://leetcode.com/problems/count-the-repetitions
common-libs.ef23ff10d.js:149 https://leetcode.com/problems/unique-substrings-in-wraparound-string
common-libs.ef23ff10d.js:149 https://leetcode.com/problems/encode-string-with-shortest-length
common-libs.ef23ff10d.js:149 https://leetcode.com/problems/concatenated-words
common-libs.ef23ff10d.js:149 https://leetcode.com/problems/ones-and-zeroes
common-libs.ef23ff10d.js:149 https://leetcode.com/problems/predict-the-winner
common-libs.ef23ff10d.js:149 https://leetcode.com/problems/target-sum
common-libs.ef23ff10d.js:149 https://leetcode.com/problems/freedom-trail
common-libs.ef23ff10d.js:149 https://leetcode.com/problems/longest-palindromic-subsequence
common-libs.ef23ff10d.js:149 https://leetcode.com/problems/super-washing-machines
common-libs.ef23ff10d.js:149 https://leetcode.com/problems/continuous-subarray-sum
common-libs.ef23ff10d.js:149 https://leetcode.com/problems/remove-boxes
common-libs.ef23ff10d.js:149 https://leetcode.com/problems/student-attendance-record-ii
common-libs.ef23ff10d.js:149 https://leetcode.com/problems/maximum-vacation-days
common-libs.ef23ff10d.js:149 https://leetcode.com/problems/out-of-boundary-paths
common-libs.ef23ff10d.js:149 https://leetcode.com/problems/non-negative-integers-without-consecutive-ones
common-libs.ef23ff10d.js:149 https://leetcode.com/problems/k-inverse-pairs-array
common-libs.ef23ff10d.js:149 https://leetcode.com/problems/shopping-offers
common-libs.ef23ff10d.js:149 https://leetcode.com/problems/decode-ways-ii
common-libs.ef23ff10d.js:149 https://leetcode.com/problems/maximum-length-of-pair-chain
common-libs.ef23ff10d.js:149 https://leetcode.com/problems/palindromic-substrings
common-libs.ef23ff10d.js:149 https://leetcode.com/problems/2-keys-keyboard
common-libs.ef23ff10d.js:149 https://leetcode.com/problems/4-keys-keyboard
common-libs.ef23ff10d.js:149 https://leetcode.com/problems/coin-path
common-libs.ef23ff10d.js:149 https://leetcode.com/problems/strange-printer
common-libs.ef23ff10d.js:149 https://leetcode.com/problems/number-of-longest-increasing-subsequence
common-libs.ef23ff10d.js:149 https://leetcode.com/problems/knight-probability-in-chessboard
common-libs.ef23ff10d.js:149 https://leetcode.com/problems/maximum-sum-of-3-non-overlapping-subarrays
common-libs.ef23ff10d.js:149 https://leetcode.com/problems/stickers-to-spell-word
common-libs.ef23ff10d.js:149 https://leetcode.com/problems/partition-to-k-equal-sum-subsets
common-libs.ef23ff10d.js:149 https://leetcode.com/problems/minimum-ascii-delete-sum-for-two-strings
common-libs.ef23ff10d.js:149 https://leetcode.com/problems/best-time-to-buy-and-sell-stock-with-transaction-fee
common-libs.ef23ff10d.js:149 https://leetcode.com/problems/maximum-length-of-repeated-subarray
common-libs.ef23ff10d.js:149 https://leetcode.com/problems/minimum-window-subsequence
common-libs.ef23ff10d.js:149 https://leetcode.com/problems/count-different-palindromic-subsequences
common-libs.ef23ff10d.js:149 https://leetcode.com/problems/delete-and-earn
common-libs.ef23ff10d.js:149 https://leetcode.com/problems/cherry-pickup
common-libs.ef23ff10d.js:149 https://leetcode.com/problems/min-cost-climbing-stairs
common-libs.ef23ff10d.js:149 https://leetcode.com/problems/number-of-corner-rectangles
common-libs.ef23ff10d.js:149 https://leetcode.com/problems/largest-plus-sign
common-libs.ef23ff10d.js:149 https://leetcode.com/problems/cheapest-flights-within-k-stops
common-libs.ef23ff10d.js:149 https://leetcode.com/problems/domino-and-tromino-tiling
common-libs.ef23ff10d.js:149 https://leetcode.com/problems/minimum-swaps-to-make-sequences-increasing
common-libs.ef23ff10d.js:149 https://leetcode.com/problems/soup-servings
common-libs.ef23ff10d.js:149 https://leetcode.com/problems/largest-sum-of-averages
common-libs.ef23ff10d.js:149 https://leetcode.com/problems/race-car
common-libs.ef23ff10d.js:149 https://leetcode.com/problems/new-21-game
common-libs.ef23ff10d.js:149 https://leetcode.com/problems/push-dominoes
common-libs.ef23ff10d.js:149 https://leetcode.com/problems/shortest-path-visiting-all-nodes
common-libs.ef23ff10d.js:149 https://leetcode.com/problems/minimum-number-of-refueling-stops
common-libs.ef23ff10d.js:149 https://leetcode.com/problems/length-of-longest-fibonacci-subsequence
common-libs.ef23ff10d.js:149 https://leetcode.com/problems/stone-game
common-libs.ef23ff10d.js:149 https://leetcode.com/problems/profitable-schemes
common-libs.ef23ff10d.js:149 https://leetcode.com/problems/super-egg-drop
common-libs.ef23ff10d.js:149 https://leetcode.com/problems/bitwise-ors-of-subarrays
common-libs.ef23ff10d.js:149 https://leetcode.com/problems/numbers-at-most-n-given-digit-set
common-libs.ef23ff10d.js:149 https://leetcode.com/problems/valid-permutations-for-di-sequence
common-libs.ef23ff10d.js:149 https://leetcode.com/problems/number-of-music-playlists
common-libs.ef23ff10d.js:149 https://leetcode.com/problems/minimum-falling-path-sum
common-libs.ef23ff10d.js:149 https://leetcode.com/problems/knight-dialer
common-libs.ef23ff10d.js:149 https://leetcode.com/problems/distinct-subsequences-ii
common-libs.ef23ff10d.js:149 https://leetcode.com/problems/find-the-shortest-superstring
common-libs.ef23ff10d.js:149 https://leetcode.com/problems/tallest-billboard
common-libs.ef23ff10d.js:149 https://leetcode.com/problems/delete-columns-to-make-sorted-iii
common-libs.ef23ff10d.js:149 https://leetcode.com/problems/least-operators-to-express-number
common-libs.ef23ff10d.js:149 https://leetcode.com/problems/numbers-with-same-consecutive-differences
common-libs.ef23ff10d.js:149 https://leetcode.com/problems/binary-tree-cameras
common-libs.ef23ff10d.js:149 https://leetcode.com/problems/odd-even-jump
common-libs.ef23ff10d.js:149 https://leetcode.com/problems/longest-turbulent-subarray
common-libs.ef23ff10d.js:149 https://leetcode.com/problems/triples-with-bitwise-and-equal-to-zero
common-libs.ef23ff10d.js:149 https://leetcode.com/problems/minimum-cost-for-tickets
common-libs.ef23ff10d.js:149 https://leetcode.com/problems/minimum-cost-to-merge-stones
common-libs.ef23ff10d.js:149 https://leetcode.com/problems/numbers-with-repeated-digits
common-libs.ef23ff10d.js:149 https://leetcode.com/problems/video-stitching
common-libs.ef23ff10d.js:149 https://leetcode.com/problems/divisor-game
common-libs.ef23ff10d.js:149 https://leetcode.com/problems/longest-arithmetic-sequence
common-libs.ef23ff10d.js:149 https://leetcode.com/problems/minimum-score-triangulation-of-polygon
common-libs.ef23ff10d.js:149 https://leetcode.com/problems/longest-string-chain
common-libs.ef23ff10d.js:149 https://leetcode.com/problems/last-stone-weight-ii
common-libs.ef23ff10d.js:149 https://leetcode.com/support/
common-libs.ef23ff10d.js:149 https://leetcode.com/jobs/
common-libs.ef23ff10d.js:149 https://leetcode.com/bugbounty/
common-libs.ef23ff10d.js:149 https://leetcode.com/terms/
common-libs.ef23ff10d.js:149 https://leetcode.com/privacy/
common-libs.ef23ff10d.js:149 https://leetcode.com/region/
common-libs.ef23ff10d.js:149 mailto:billing@leetcode.com?subject=Billing%20Issue&body=Name:%0D%0A%0D%0AUsername:%0D%0A%0D%0AMessage:%0D%0A%0D%0A
common-libs.ef23ff10d.js:149 mailto:support@leetcode.com?subject=General%20Support&body=Name:%0D%0A%0D%0AUsername:%0D%0A%0D%0AMessage:%0D%0A%0D%0A
common-libs.ef23ff10d.js:149 mailto:feedback@leetcode.com?subject=Other%20Inquiries&body=Name:%0D%0A%0D%0AUsername:%0D%0A%0D%0AMessage:%0D%0A%0D%0A
undefined
