var links = document.getElementsByTagName('a');
var all_links =  Array.prototype.slice.call(links);
all_links.forEach(function(val){
    console.log(val.href);
});
common-libs.ef23ff10d.js:149 https://leetcode.com/
common-libs.ef23ff10d.js:149 https://leetcode.com/subscribe/
common-libs.ef23ff10d.js:149 https://leetcode.com/explore/
common-libs.ef23ff10d.js:149 https://leetcode.com/problemset/all/
common-libs.ef23ff10d.js:149 https://leetcode.com/interview/
common-libs.ef23ff10d.js:149 https://leetcode.com/contest/
common-libs.ef23ff10d.js:149 https://leetcode.com/articles/
common-libs.ef23ff10d.js:149 https://leetcode.com/discuss/
common-libs.ef23ff10d.js:149 https://leetcode.com/playground/
common-libs.ef23ff10d.js:149 https://leetcode.com/tag/union-find/#
common-libs.ef23ff10d.js:149 https://leetcode.com/store/
common-libs.ef23ff10d.js:149 https://leetcode.com/subscribe/
common-libs.ef23ff10d.js:149 https://leetcode.com/book/
common-libs.ef23ff10d.js:149 https://leetcode.com/subscribe/
common-libs.ef23ff10d.js:149 https://leetcode.com/subscribe
common-libs.ef23ff10d.js:149 https://leetcode.com/problems/longest-consecutive-sequence
common-libs.ef23ff10d.js:149 https://leetcode.com/problems/surrounded-regions
common-libs.ef23ff10d.js:149 https://leetcode.com/problems/number-of-islands
common-libs.ef23ff10d.js:149 https://leetcode.com/problems/graph-valid-tree
common-libs.ef23ff10d.js:149 https://leetcode.com/problems/number-of-islands-ii
common-libs.ef23ff10d.js:149 https://leetcode.com/problems/number-of-connected-components-in-an-undirected-graph
common-libs.ef23ff10d.js:149 https://leetcode.com/problems/evaluate-division
common-libs.ef23ff10d.js:149 https://leetcode.com/problems/friend-circles
common-libs.ef23ff10d.js:149 https://leetcode.com/problems/redundant-connection
common-libs.ef23ff10d.js:149 https://leetcode.com/problems/redundant-connection-ii
common-libs.ef23ff10d.js:149 https://leetcode.com/problems/accounts-merge
common-libs.ef23ff10d.js:149 https://leetcode.com/problems/sentence-similarity-ii
common-libs.ef23ff10d.js:149 https://leetcode.com/problems/couples-holding-hands
common-libs.ef23ff10d.js:149 https://leetcode.com/problems/swim-in-rising-water
common-libs.ef23ff10d.js:149 https://leetcode.com/problems/bricks-falling-when-hit
common-libs.ef23ff10d.js:149 https://leetcode.com/problems/similar-string-groups
common-libs.ef23ff10d.js:149 https://leetcode.com/problems/minimize-malware-spread
common-libs.ef23ff10d.js:149 https://leetcode.com/problems/minimize-malware-spread-ii
common-libs.ef23ff10d.js:149 https://leetcode.com/problems/most-stones-removed-with-same-row-or-column
common-libs.ef23ff10d.js:149 https://leetcode.com/problems/largest-component-size-by-common-factor
common-libs.ef23ff10d.js:149 https://leetcode.com/problems/regions-cut-by-slashes
common-libs.ef23ff10d.js:149 https://leetcode.com/problems/satisfiability-of-equality-equations
common-libs.ef23ff10d.js:149 https://leetcode.com/support/
common-libs.ef23ff10d.js:149 https://leetcode.com/jobs/
common-libs.ef23ff10d.js:149 https://leetcode.com/bugbounty/
common-libs.ef23ff10d.js:149 https://leetcode.com/terms/
common-libs.ef23ff10d.js:149 https://leetcode.com/privacy/
common-libs.ef23ff10d.js:149 https://leetcode.com/region/
common-libs.ef23ff10d.js:149 mailto:billing@leetcode.com?subject=Billing%20Issue&body=Name:%0D%0A%0D%0AUsername:%0D%0A%0D%0AMessage:%0D%0A%0D%0A
common-libs.ef23ff10d.js:149 mailto:support@leetcode.com?subject=General%20Support&body=Name:%0D%0A%0D%0AUsername:%0D%0A%0D%0AMessage:%0D%0A%0D%0A
common-libs.ef23ff10d.js:149 mailto:feedback@leetcode.com?subject=Other%20Inquiries&body=Name:%0D%0A%0D%0AUsername:%0D%0A%0D%0AMessage:%0D%0A%0D%0A
undefined
