var links = document.getElementsByTagName('a');
var all_links =  Array.prototype.slice.call(links);
all_links.forEach(function(val){
    console.log(val.href);
});
common-libs.ef23ff10d.js:149 https://leetcode.com/
common-libs.ef23ff10d.js:149 https://leetcode.com/subscribe/
common-libs.ef23ff10d.js:149 https://leetcode.com/explore/
common-libs.ef23ff10d.js:149 https://leetcode.com/problemset/all/
common-libs.ef23ff10d.js:149 https://leetcode.com/interview/
common-libs.ef23ff10d.js:149 https://leetcode.com/contest/
common-libs.ef23ff10d.js:149 https://leetcode.com/articles/
common-libs.ef23ff10d.js:149 https://leetcode.com/discuss/
common-libs.ef23ff10d.js:149 https://leetcode.com/playground/
common-libs.ef23ff10d.js:149 https://leetcode.com/tag/divide-and-conquer/#
common-libs.ef23ff10d.js:149 https://leetcode.com/store/
common-libs.ef23ff10d.js:149 https://leetcode.com/subscribe/
common-libs.ef23ff10d.js:149 https://leetcode.com/book/
common-libs.ef23ff10d.js:149 https://leetcode.com/subscribe/
common-libs.ef23ff10d.js:149 https://leetcode.com/subscribe
common-libs.ef23ff10d.js:149 https://leetcode.com/problems/median-of-two-sorted-arrays
common-libs.ef23ff10d.js:149 https://leetcode.com/problems/merge-k-sorted-lists
common-libs.ef23ff10d.js:149 https://leetcode.com/problems/maximum-subarray
common-libs.ef23ff10d.js:149 https://leetcode.com/problems/majority-element
common-libs.ef23ff10d.js:149 https://leetcode.com/problems/kth-largest-element-in-an-array
common-libs.ef23ff10d.js:149 https://leetcode.com/problems/the-skyline-problem
common-libs.ef23ff10d.js:149 https://leetcode.com/problems/search-a-2d-matrix-ii
common-libs.ef23ff10d.js:149 https://leetcode.com/problems/different-ways-to-add-parentheses
common-libs.ef23ff10d.js:149 https://leetcode.com/problems/expression-add-operators
common-libs.ef23ff10d.js:149 https://leetcode.com/problems/burst-balloons
common-libs.ef23ff10d.js:149 https://leetcode.com/problems/count-of-smaller-numbers-after-self
common-libs.ef23ff10d.js:149 https://leetcode.com/problems/count-of-range-sum
common-libs.ef23ff10d.js:149 https://leetcode.com/problems/reverse-pairs
common-libs.ef23ff10d.js:149 https://leetcode.com/problems/freedom-trail
common-libs.ef23ff10d.js:149 https://leetcode.com/problems/convert-binary-search-tree-to-sorted-doubly-linked-list
common-libs.ef23ff10d.js:149 https://leetcode.com/problems/valid-permutations-for-di-sequence
common-libs.ef23ff10d.js:149 https://leetcode.com/problems/beautiful-array
common-libs.ef23ff10d.js:149 https://leetcode.com/problems/k-closest-points-to-origin
common-libs.ef23ff10d.js:149 https://leetcode.com/support/
common-libs.ef23ff10d.js:149 https://leetcode.com/jobs/
common-libs.ef23ff10d.js:149 https://leetcode.com/bugbounty/
common-libs.ef23ff10d.js:149 https://leetcode.com/terms/
common-libs.ef23ff10d.js:149 https://leetcode.com/privacy/
common-libs.ef23ff10d.js:149 https://leetcode.com/region/
common-libs.ef23ff10d.js:149 mailto:billing@leetcode.com?subject=Billing%20Issue&body=Name:%0D%0A%0D%0AUsername:%0D%0A%0D%0AMessage:%0D%0A%0D%0A
common-libs.ef23ff10d.js:149 mailto:support@leetcode.com?subject=General%20Support&body=Name:%0D%0A%0D%0AUsername:%0D%0A%0D%0AMessage:%0D%0A%0D%0A
common-libs.ef23ff10d.js:149 mailto:feedback@leetcode.com?subject=Other%20Inquiries&body=Name:%0D%0A%0D%0AUsername:%0D%0A%0D%0AMessage:%0D%0A%0D%0A
undefined
