var links = document.getElementsByTagName('a');
var all_links =  Array.prototype.slice.call(links);
all_links.forEach(function(val){
    console.log(val.href);
});
common-libs.ef23ff10d.js:149 https://leetcode.com/
common-libs.ef23ff10d.js:149 https://leetcode.com/subscribe/
common-libs.ef23ff10d.js:149 https://leetcode.com/explore/
common-libs.ef23ff10d.js:149 https://leetcode.com/problemset/all/
common-libs.ef23ff10d.js:149 https://leetcode.com/interview/
common-libs.ef23ff10d.js:149 https://leetcode.com/contest/
common-libs.ef23ff10d.js:149 https://leetcode.com/articles/
common-libs.ef23ff10d.js:149 https://leetcode.com/discuss/
common-libs.ef23ff10d.js:149 https://leetcode.com/playground/
common-libs.ef23ff10d.js:149 https://leetcode.com/tag/trie/#
common-libs.ef23ff10d.js:149 https://leetcode.com/store/
common-libs.ef23ff10d.js:149 https://leetcode.com/subscribe/
common-libs.ef23ff10d.js:149 https://leetcode.com/book/
common-libs.ef23ff10d.js:149 https://leetcode.com/subscribe/
common-libs.ef23ff10d.js:149 https://leetcode.com/subscribe
common-libs.ef23ff10d.js:149 https://leetcode.com/problems/implement-trie-prefix-tree
common-libs.ef23ff10d.js:149 https://leetcode.com/problems/add-and-search-word-data-structure-design
common-libs.ef23ff10d.js:149 https://leetcode.com/problems/word-search-ii
common-libs.ef23ff10d.js:149 https://leetcode.com/problems/palindrome-pairs
common-libs.ef23ff10d.js:149 https://leetcode.com/problems/maximum-xor-of-two-numbers-in-an-array
common-libs.ef23ff10d.js:149 https://leetcode.com/problems/word-squares
common-libs.ef23ff10d.js:149 https://leetcode.com/problems/concatenated-words
common-libs.ef23ff10d.js:149 https://leetcode.com/problems/design-search-autocomplete-system
common-libs.ef23ff10d.js:149 https://leetcode.com/problems/replace-words
common-libs.ef23ff10d.js:149 https://leetcode.com/problems/implement-magic-dictionary
common-libs.ef23ff10d.js:149 https://leetcode.com/problems/map-sum-pairs
common-libs.ef23ff10d.js:149 https://leetcode.com/problems/top-k-frequent-words
common-libs.ef23ff10d.js:149 https://leetcode.com/problems/longest-word-in-dictionary
common-libs.ef23ff10d.js:149 https://leetcode.com/problems/prefix-and-suffix-search
common-libs.ef23ff10d.js:149 https://leetcode.com/problems/camelcase-matching
common-libs.ef23ff10d.js:149 https://leetcode.com/problems/stream-of-characters
common-libs.ef23ff10d.js:149 https://leetcode.com/support/
common-libs.ef23ff10d.js:149 https://leetcode.com/jobs/
common-libs.ef23ff10d.js:149 https://leetcode.com/bugbounty/
common-libs.ef23ff10d.js:149 https://leetcode.com/terms/
common-libs.ef23ff10d.js:149 https://leetcode.com/privacy/
common-libs.ef23ff10d.js:149 https://leetcode.com/region/
common-libs.ef23ff10d.js:149 mailto:billing@leetcode.com?subject=Billing%20Issue&body=Name:%0D%0A%0D%0AUsername:%0D%0A%0D%0AMessage:%0D%0A%0D%0A
common-libs.ef23ff10d.js:149 mailto:support@leetcode.com?subject=General%20Support&body=Name:%0D%0A%0D%0AUsername:%0D%0A%0D%0AMessage:%0D%0A%0D%0A
common-libs.ef23ff10d.js:149 mailto:feedback@leetcode.com?subject=Other%20Inquiries&body=Name:%0D%0A%0D%0AUsername:%0D%0A%0D%0AMessage:%0D%0A%0D%0A
undefined
