var links = document.getElementsByTagName('a');
var all_links =  Array.prototype.slice.call(links);
all_links.forEach(function(val){
    console.log(val.href);
});
common-libs.ef23ff10d.js:149 https://leetcode.com/
common-libs.ef23ff10d.js:149 https://leetcode.com/subscribe/
common-libs.ef23ff10d.js:149 https://leetcode.com/explore/
common-libs.ef23ff10d.js:149 https://leetcode.com/problemset/all/
common-libs.ef23ff10d.js:149 https://leetcode.com/interview/
common-libs.ef23ff10d.js:149 https://leetcode.com/contest/
common-libs.ef23ff10d.js:149 https://leetcode.com/articles/
common-libs.ef23ff10d.js:149 https://leetcode.com/discuss/
common-libs.ef23ff10d.js:149 https://leetcode.com/playground/
common-libs.ef23ff10d.js:149 https://leetcode.com/tag/recursion/#
common-libs.ef23ff10d.js:149 https://leetcode.com/store/
common-libs.ef23ff10d.js:149 https://leetcode.com/subscribe/
common-libs.ef23ff10d.js:149 https://leetcode.com/book/
common-libs.ef23ff10d.js:149 https://leetcode.com/subscribe/
common-libs.ef23ff10d.js:149 https://leetcode.com/subscribe
common-libs.ef23ff10d.js:149 https://leetcode.com/problems/strobogrammatic-number-ii
common-libs.ef23ff10d.js:149 https://leetcode.com/problems/strobogrammatic-number-iii
common-libs.ef23ff10d.js:149 https://leetcode.com/problems/output-contest-matches
common-libs.ef23ff10d.js:149 https://leetcode.com/problems/minimum-factorization
common-libs.ef23ff10d.js:149 https://leetcode.com/problems/longest-univalue-path
common-libs.ef23ff10d.js:149 https://leetcode.com/problems/partition-to-k-equal-sum-subsets
common-libs.ef23ff10d.js:149 https://leetcode.com/problems/number-of-atoms
common-libs.ef23ff10d.js:149 https://leetcode.com/problems/special-binary-string
common-libs.ef23ff10d.js:149 https://leetcode.com/problems/split-bst
common-libs.ef23ff10d.js:149 https://leetcode.com/problems/k-th-symbol-in-grammar
common-libs.ef23ff10d.js:149 https://leetcode.com/problems/minimum-distance-between-bst-nodes
common-libs.ef23ff10d.js:149 https://leetcode.com/problems/valid-tic-tac-toe-state
common-libs.ef23ff10d.js:149 https://leetcode.com/problems/all-possible-full-binary-trees
common-libs.ef23ff10d.js:149 https://leetcode.com/problems/range-sum-of-bst
common-libs.ef23ff10d.js:149 https://leetcode.com/support/
common-libs.ef23ff10d.js:149 https://leetcode.com/jobs/
common-libs.ef23ff10d.js:149 https://leetcode.com/bugbounty/
common-libs.ef23ff10d.js:149 https://leetcode.com/terms/
common-libs.ef23ff10d.js:149 https://leetcode.com/privacy/
common-libs.ef23ff10d.js:149 https://leetcode.com/region/
common-libs.ef23ff10d.js:149 mailto:billing@leetcode.com?subject=Billing%20Issue&body=Name:%0D%0A%0D%0AUsername:%0D%0A%0D%0AMessage:%0D%0A%0D%0A
common-libs.ef23ff10d.js:149 mailto:support@leetcode.com?subject=General%20Support&body=Name:%0D%0A%0D%0AUsername:%0D%0A%0D%0AMessage:%0D%0A%0D%0A
common-libs.ef23ff10d.js:149 mailto:feedback@leetcode.com?subject=Other%20Inquiries&body=Name:%0D%0A%0D%0AUsername:%0D%0A%0D%0AMessage:%0D%0A%0D%0A
undefined
