var links = document.getElementsByTagName('a');
var all_links =  Array.prototype.slice.call(links);
all_links.forEach(function(val){
    console.log(val.href);
});
common-libs.ef23ff10d.js:149 https://leetcode.com/
common-libs.ef23ff10d.js:149 https://leetcode.com/subscribe/
common-libs.ef23ff10d.js:149 https://leetcode.com/explore/
common-libs.ef23ff10d.js:149 https://leetcode.com/problemset/all/
common-libs.ef23ff10d.js:149 https://leetcode.com/interview/
common-libs.ef23ff10d.js:149 https://leetcode.com/contest/
common-libs.ef23ff10d.js:149 https://leetcode.com/articles/
common-libs.ef23ff10d.js:149 https://leetcode.com/discuss/
common-libs.ef23ff10d.js:149 https://leetcode.com/playground/
common-libs.ef23ff10d.js:149 https://leetcode.com/tag/sliding-window/#
common-libs.ef23ff10d.js:149 https://leetcode.com/store/
common-libs.ef23ff10d.js:149 https://leetcode.com/subscribe/
common-libs.ef23ff10d.js:149 https://leetcode.com/book/
common-libs.ef23ff10d.js:149 https://leetcode.com/subscribe/
common-libs.ef23ff10d.js:149 https://leetcode.com/subscribe
common-libs.ef23ff10d.js:149 https://leetcode.com/problems/longest-substring-without-repeating-characters
common-libs.ef23ff10d.js:149 https://leetcode.com/problems/minimum-window-substring
common-libs.ef23ff10d.js:149 https://leetcode.com/problems/longest-substring-with-at-most-two-distinct-characters
common-libs.ef23ff10d.js:149 https://leetcode.com/problems/sliding-window-maximum
common-libs.ef23ff10d.js:149 https://leetcode.com/problems/longest-substring-with-at-most-k-distinct-characters
common-libs.ef23ff10d.js:149 https://leetcode.com/problems/longest-repeating-character-replacement
common-libs.ef23ff10d.js:149 https://leetcode.com/problems/sliding-window-median
common-libs.ef23ff10d.js:149 https://leetcode.com/problems/permutation-in-string
common-libs.ef23ff10d.js:149 https://leetcode.com/problems/minimum-window-subsequence
common-libs.ef23ff10d.js:149 https://leetcode.com/problems/longest-turbulent-subarray
common-libs.ef23ff10d.js:149 https://leetcode.com/problems/subarrays-with-k-different-integers
common-libs.ef23ff10d.js:149 https://leetcode.com/problems/minimum-number-of-k-consecutive-bit-flips
common-libs.ef23ff10d.js:149 https://leetcode.com/problems/max-consecutive-ones-iii
common-libs.ef23ff10d.js:149 https://leetcode.com/problems/moving-stones-until-consecutive-ii
common-libs.ef23ff10d.js:149 https://leetcode.com/support/
common-libs.ef23ff10d.js:149 https://leetcode.com/jobs/
common-libs.ef23ff10d.js:149 https://leetcode.com/bugbounty/
common-libs.ef23ff10d.js:149 https://leetcode.com/terms/
common-libs.ef23ff10d.js:149 https://leetcode.com/privacy/
common-libs.ef23ff10d.js:149 https://leetcode.com/region/
common-libs.ef23ff10d.js:149 mailto:billing@leetcode.com?subject=Billing%20Issue&body=Name:%0D%0A%0D%0AUsername:%0D%0A%0D%0AMessage:%0D%0A%0D%0A
common-libs.ef23ff10d.js:149 mailto:support@leetcode.com?subject=General%20Support&body=Name:%0D%0A%0D%0AUsername:%0D%0A%0D%0AMessage:%0D%0A%0D%0A
common-libs.ef23ff10d.js:149 mailto:feedback@leetcode.com?subject=Other%20Inquiries&body=Name:%0D%0A%0D%0AUsername:%0D%0A%0D%0AMessage:%0D%0A%0D%0A
undefined
