var links = document.getElementsByTagName('a');
var all_links =  Array.prototype.slice.call(links);
all_links.forEach(function(val){
    console.log(val.href);
});
common-libs.ef23ff10d.js:149 https://leetcode.com/
common-libs.ef23ff10d.js:149 https://leetcode.com/subscribe/
common-libs.ef23ff10d.js:149 https://leetcode.com/explore/
common-libs.ef23ff10d.js:149 https://leetcode.com/problemset/all/
common-libs.ef23ff10d.js:149 https://leetcode.com/interview/
common-libs.ef23ff10d.js:149 https://leetcode.com/contest/
common-libs.ef23ff10d.js:149 https://leetcode.com/articles/
common-libs.ef23ff10d.js:149 https://leetcode.com/discuss/
common-libs.ef23ff10d.js:149 https://leetcode.com/playground/
common-libs.ef23ff10d.js:149 https://leetcode.com/tag/math/#
common-libs.ef23ff10d.js:149 https://leetcode.com/store/
common-libs.ef23ff10d.js:149 https://leetcode.com/subscribe/
common-libs.ef23ff10d.js:149 https://leetcode.com/book/
common-libs.ef23ff10d.js:149 https://leetcode.com/subscribe/
common-libs.ef23ff10d.js:149 https://leetcode.com/subscribe
common-libs.ef23ff10d.js:149 https://leetcode.com/problems/add-two-numbers
common-libs.ef23ff10d.js:149 https://leetcode.com/problems/reverse-integer
common-libs.ef23ff10d.js:149 https://leetcode.com/problems/string-to-integer-atoi
common-libs.ef23ff10d.js:149 https://leetcode.com/problems/palindrome-number
common-libs.ef23ff10d.js:149 https://leetcode.com/problems/integer-to-roman
common-libs.ef23ff10d.js:149 https://leetcode.com/problems/roman-to-integer
common-libs.ef23ff10d.js:149 https://leetcode.com/problems/divide-two-integers
common-libs.ef23ff10d.js:149 https://leetcode.com/problems/multiply-strings
common-libs.ef23ff10d.js:149 https://leetcode.com/problems/powx-n
common-libs.ef23ff10d.js:149 https://leetcode.com/problems/permutation-sequence
common-libs.ef23ff10d.js:149 https://leetcode.com/problems/valid-number
common-libs.ef23ff10d.js:149 https://leetcode.com/problems/add-binary
common-libs.ef23ff10d.js:149 https://leetcode.com/problems/sqrtx
common-libs.ef23ff10d.js:149 https://leetcode.com/problems/max-points-on-a-line
common-libs.ef23ff10d.js:149 https://leetcode.com/problems/fraction-to-recurring-decimal
common-libs.ef23ff10d.js:149 https://leetcode.com/problems/excel-sheet-column-title
common-libs.ef23ff10d.js:149 https://leetcode.com/problems/excel-sheet-column-number
common-libs.ef23ff10d.js:149 https://leetcode.com/problems/factorial-trailing-zeroes
common-libs.ef23ff10d.js:149 https://leetcode.com/problems/happy-number
common-libs.ef23ff10d.js:149 https://leetcode.com/problems/count-primes
common-libs.ef23ff10d.js:149 https://leetcode.com/problems/rectangle-area
common-libs.ef23ff10d.js:149 https://leetcode.com/problems/basic-calculator
common-libs.ef23ff10d.js:149 https://leetcode.com/problems/power-of-two
common-libs.ef23ff10d.js:149 https://leetcode.com/problems/number-of-digit-one
common-libs.ef23ff10d.js:149 https://leetcode.com/problems/strobogrammatic-number
common-libs.ef23ff10d.js:149 https://leetcode.com/problems/strobogrammatic-number-ii
common-libs.ef23ff10d.js:149 https://leetcode.com/problems/strobogrammatic-number-iii
common-libs.ef23ff10d.js:149 https://leetcode.com/problems/add-digits
common-libs.ef23ff10d.js:149 https://leetcode.com/problems/ugly-number
common-libs.ef23ff10d.js:149 https://leetcode.com/problems/ugly-number-ii
common-libs.ef23ff10d.js:149 https://leetcode.com/problems/missing-number
common-libs.ef23ff10d.js:149 https://leetcode.com/problems/integer-to-english-words
common-libs.ef23ff10d.js:149 https://leetcode.com/problems/perfect-squares
common-libs.ef23ff10d.js:149 https://leetcode.com/problems/best-meeting-point
common-libs.ef23ff10d.js:149 https://leetcode.com/problems/super-ugly-number
common-libs.ef23ff10d.js:149 https://leetcode.com/problems/bulb-switcher
common-libs.ef23ff10d.js:149 https://leetcode.com/problems/power-of-three
common-libs.ef23ff10d.js:149 https://leetcode.com/problems/self-crossing
common-libs.ef23ff10d.js:149 https://leetcode.com/problems/integer-break
common-libs.ef23ff10d.js:149 https://leetcode.com/problems/line-reflection
common-libs.ef23ff10d.js:149 https://leetcode.com/problems/count-numbers-with-unique-digits
common-libs.ef23ff10d.js:149 https://leetcode.com/problems/sort-transformed-array
common-libs.ef23ff10d.js:149 https://leetcode.com/problems/water-and-jug-problem
common-libs.ef23ff10d.js:149 https://leetcode.com/problems/valid-perfect-square
common-libs.ef23ff10d.js:149 https://leetcode.com/problems/largest-divisible-subset
common-libs.ef23ff10d.js:149 https://leetcode.com/problems/super-pow
common-libs.ef23ff10d.js:149 https://leetcode.com/problems/rotate-function
common-libs.ef23ff10d.js:149 https://leetcode.com/problems/integer-replacement
common-libs.ef23ff10d.js:149 https://leetcode.com/problems/nth-digit
common-libs.ef23ff10d.js:149 https://leetcode.com/problems/arithmetic-slices
common-libs.ef23ff10d.js:149 https://leetcode.com/problems/reconstruct-original-digits-from-english
common-libs.ef23ff10d.js:149 https://leetcode.com/problems/arranging-coins
common-libs.ef23ff10d.js:149 https://leetcode.com/problems/minimum-moves-to-equal-array-elements
common-libs.ef23ff10d.js:149 https://leetcode.com/problems/poor-pigs
common-libs.ef23ff10d.js:149 https://leetcode.com/problems/minimum-moves-to-equal-array-elements-ii
common-libs.ef23ff10d.js:149 https://leetcode.com/problems/convex-polygon
common-libs.ef23ff10d.js:149 https://leetcode.com/problems/smallest-good-base
common-libs.ef23ff10d.js:149 https://leetcode.com/problems/perfect-number
common-libs.ef23ff10d.js:149 https://leetcode.com/problems/super-washing-machines
common-libs.ef23ff10d.js:149 https://leetcode.com/problems/continuous-subarray-sum
common-libs.ef23ff10d.js:149 https://leetcode.com/problems/encode-and-decode-tinyurl
common-libs.ef23ff10d.js:149 https://leetcode.com/problems/complex-number-multiplication
common-libs.ef23ff10d.js:149 https://leetcode.com/problems/optimal-division
common-libs.ef23ff10d.js:149 https://leetcode.com/problems/squirrel-simulation
common-libs.ef23ff10d.js:149 https://leetcode.com/problems/fraction-addition-and-subtraction
common-libs.ef23ff10d.js:149 https://leetcode.com/problems/valid-square
common-libs.ef23ff10d.js:149 https://leetcode.com/problems/range-addition-ii
common-libs.ef23ff10d.js:149 https://leetcode.com/problems/minimum-factorization
common-libs.ef23ff10d.js:149 https://leetcode.com/problems/maximum-product-of-three-numbers
common-libs.ef23ff10d.js:149 https://leetcode.com/problems/sum-of-square-numbers
common-libs.ef23ff10d.js:149 https://leetcode.com/problems/find-the-derangement-of-an-array
common-libs.ef23ff10d.js:149 https://leetcode.com/problems/solve-the-equation
common-libs.ef23ff10d.js:149 https://leetcode.com/problems/set-mismatch
common-libs.ef23ff10d.js:149 https://leetcode.com/problems/4-keys-keyboard
common-libs.ef23ff10d.js:149 https://leetcode.com/problems/remove-9
common-libs.ef23ff10d.js:149 https://leetcode.com/problems/maximum-swap
common-libs.ef23ff10d.js:149 https://leetcode.com/problems/bulb-switcher-ii
common-libs.ef23ff10d.js:149 https://leetcode.com/problems/self-dividing-numbers
common-libs.ef23ff10d.js:149 https://leetcode.com/problems/cracking-the-safe
common-libs.ef23ff10d.js:149 https://leetcode.com/problems/reach-a-number
common-libs.ef23ff10d.js:149 https://leetcode.com/problems/global-and-local-inversions
common-libs.ef23ff10d.js:149 https://leetcode.com/problems/reaching-points
common-libs.ef23ff10d.js:149 https://leetcode.com/problems/rabbits-in-forest
common-libs.ef23ff10d.js:149 https://leetcode.com/problems/transform-to-chessboard
common-libs.ef23ff10d.js:149 https://leetcode.com/problems/escape-the-ghosts
common-libs.ef23ff10d.js:149 https://leetcode.com/problems/valid-tic-tac-toe-state
common-libs.ef23ff10d.js:149 https://leetcode.com/problems/similar-rgb-color
common-libs.ef23ff10d.js:149 https://leetcode.com/problems/split-array-with-same-average
common-libs.ef23ff10d.js:149 https://leetcode.com/problems/chalkboard-xor-game
common-libs.ef23ff10d.js:149 https://leetcode.com/problems/largest-triangle-area
common-libs.ef23ff10d.js:149 https://leetcode.com/problems/consecutive-numbers-sum
common-libs.ef23ff10d.js:149 https://leetcode.com/problems/rectangle-overlap
common-libs.ef23ff10d.js:149 https://leetcode.com/problems/mirror-reflection
common-libs.ef23ff10d.js:149 https://leetcode.com/problems/prime-palindrome
common-libs.ef23ff10d.js:149 https://leetcode.com/problems/binary-gap
common-libs.ef23ff10d.js:149 https://leetcode.com/problems/reordered-power-of-2
common-libs.ef23ff10d.js:149 https://leetcode.com/problems/stone-game
common-libs.ef23ff10d.js:149 https://leetcode.com/problems/nth-magical-number
common-libs.ef23ff10d.js:149 https://leetcode.com/problems/generate-random-point-in-a-circle
common-libs.ef23ff10d.js:149 https://leetcode.com/problems/projection-area-of-3d-shapes
common-libs.ef23ff10d.js:149 https://leetcode.com/problems/spiral-matrix-iii
common-libs.ef23ff10d.js:149 https://leetcode.com/problems/super-egg-drop
common-libs.ef23ff10d.js:149 https://leetcode.com/problems/sum-of-subsequence-widths
common-libs.ef23ff10d.js:149 https://leetcode.com/problems/surface-area-of-3d-shapes
common-libs.ef23ff10d.js:149 https://leetcode.com/problems/orderly-queue
common-libs.ef23ff10d.js:149 https://leetcode.com/problems/numbers-at-most-n-given-digit-set
common-libs.ef23ff10d.js:149 https://leetcode.com/problems/super-palindromes
common-libs.ef23ff10d.js:149 https://leetcode.com/problems/smallest-range-i
common-libs.ef23ff10d.js:149 https://leetcode.com/problems/smallest-range-ii
common-libs.ef23ff10d.js:149 https://leetcode.com/problems/x-of-a-kind-in-a-deck-of-cards
common-libs.ef23ff10d.js:149 https://leetcode.com/problems/three-equal-parts
common-libs.ef23ff10d.js:149 https://leetcode.com/problems/di-string-match
common-libs.ef23ff10d.js:149 https://leetcode.com/problems/largest-time-for-given-digits
common-libs.ef23ff10d.js:149 https://leetcode.com/problems/largest-component-size-by-common-factor
common-libs.ef23ff10d.js:149 https://leetcode.com/problems/minimum-area-rectangle-ii
common-libs.ef23ff10d.js:149 https://leetcode.com/problems/least-operators-to-express-number
common-libs.ef23ff10d.js:149 https://leetcode.com/problems/powerful-integers
common-libs.ef23ff10d.js:149 https://leetcode.com/problems/equal-rational-numbers
common-libs.ef23ff10d.js:149 https://leetcode.com/problems/largest-perimeter-triangle
common-libs.ef23ff10d.js:149 https://leetcode.com/problems/broken-calculator
common-libs.ef23ff10d.js:149 https://leetcode.com/problems/number-of-squareful-arrays
common-libs.ef23ff10d.js:149 https://leetcode.com/problems/clumsy-factorial
common-libs.ef23ff10d.js:149 https://leetcode.com/problems/complement-of-base-10-integer
common-libs.ef23ff10d.js:149 https://leetcode.com/problems/numbers-with-repeated-digits
common-libs.ef23ff10d.js:149 https://leetcode.com/problems/smallest-integer-divisible-by-k
common-libs.ef23ff10d.js:149 https://leetcode.com/problems/convert-to-base-2
common-libs.ef23ff10d.js:149 https://leetcode.com/problems/divisor-game
common-libs.ef23ff10d.js:149 https://leetcode.com/problems/valid-boomerang
common-libs.ef23ff10d.js:149 https://leetcode.com/problems/robot-bounded-in-circle
common-libs.ef23ff10d.js:149 https://leetcode.com/support/
common-libs.ef23ff10d.js:149 https://leetcode.com/jobs/
common-libs.ef23ff10d.js:149 https://leetcode.com/bugbounty/
common-libs.ef23ff10d.js:149 https://leetcode.com/terms/
common-libs.ef23ff10d.js:149 https://leetcode.com/privacy/
common-libs.ef23ff10d.js:149 https://leetcode.com/region/
common-libs.ef23ff10d.js:149 mailto:billing@leetcode.com?subject=Billing%20Issue&body=Name:%0D%0A%0D%0AUsername:%0D%0A%0D%0AMessage:%0D%0A%0D%0A
common-libs.ef23ff10d.js:149 mailto:support@leetcode.com?subject=General%20Support&body=Name:%0D%0A%0D%0AUsername:%0D%0A%0D%0AMessage:%0D%0A%0D%0A
common-libs.ef23ff10d.js:149 mailto:feedback@leetcode.com?subject=Other%20Inquiries&body=Name:%0D%0A%0D%0AUsername:%0D%0A%0D%0AMessage:%0D%0A%0D%0A
undefined
