var links = document.getElementsByTagName('a');
var all_links =  Array.prototype.slice.call(links);
all_links.forEach(function(val){
    console.log(val.href);
});
common-libs.ef23ff10d.js:149 https://leetcode.com/
common-libs.ef23ff10d.js:149 https://leetcode.com/subscribe/
common-libs.ef23ff10d.js:149 https://leetcode.com/explore/
common-libs.ef23ff10d.js:149 https://leetcode.com/problemset/all/
common-libs.ef23ff10d.js:149 https://leetcode.com/interview/
common-libs.ef23ff10d.js:149 https://leetcode.com/contest/
common-libs.ef23ff10d.js:149 https://leetcode.com/articles/
common-libs.ef23ff10d.js:149 https://leetcode.com/discuss/
common-libs.ef23ff10d.js:149 https://leetcode.com/playground/
common-libs.ef23ff10d.js:149 https://leetcode.com/tag/string/#
common-libs.ef23ff10d.js:149 https://leetcode.com/store/
common-libs.ef23ff10d.js:149 https://leetcode.com/subscribe/
common-libs.ef23ff10d.js:149 https://leetcode.com/book/
common-libs.ef23ff10d.js:149 https://leetcode.com/subscribe/
common-libs.ef23ff10d.js:149 https://leetcode.com/subscribe
common-libs.ef23ff10d.js:149 https://leetcode.com/problems/longest-substring-without-repeating-characters
common-libs.ef23ff10d.js:149 https://leetcode.com/problems/longest-palindromic-substring
common-libs.ef23ff10d.js:149 https://leetcode.com/problems/zigzag-conversion
common-libs.ef23ff10d.js:149 https://leetcode.com/problems/string-to-integer-atoi
common-libs.ef23ff10d.js:149 https://leetcode.com/problems/regular-expression-matching
common-libs.ef23ff10d.js:149 https://leetcode.com/problems/integer-to-roman
common-libs.ef23ff10d.js:149 https://leetcode.com/problems/roman-to-integer
common-libs.ef23ff10d.js:149 https://leetcode.com/problems/longest-common-prefix
common-libs.ef23ff10d.js:149 https://leetcode.com/problems/letter-combinations-of-a-phone-number
common-libs.ef23ff10d.js:149 https://leetcode.com/problems/valid-parentheses
common-libs.ef23ff10d.js:149 https://leetcode.com/problems/generate-parentheses
common-libs.ef23ff10d.js:149 https://leetcode.com/problems/implement-strstr
common-libs.ef23ff10d.js:149 https://leetcode.com/problems/substring-with-concatenation-of-all-words
common-libs.ef23ff10d.js:149 https://leetcode.com/problems/longest-valid-parentheses
common-libs.ef23ff10d.js:149 https://leetcode.com/problems/count-and-say
common-libs.ef23ff10d.js:149 https://leetcode.com/problems/multiply-strings
common-libs.ef23ff10d.js:149 https://leetcode.com/problems/wildcard-matching
common-libs.ef23ff10d.js:149 https://leetcode.com/problems/group-anagrams
common-libs.ef23ff10d.js:149 https://leetcode.com/problems/length-of-last-word
common-libs.ef23ff10d.js:149 https://leetcode.com/problems/valid-number
common-libs.ef23ff10d.js:149 https://leetcode.com/problems/add-binary
common-libs.ef23ff10d.js:149 https://leetcode.com/problems/text-justification
common-libs.ef23ff10d.js:149 https://leetcode.com/problems/simplify-path
common-libs.ef23ff10d.js:149 https://leetcode.com/problems/edit-distance
common-libs.ef23ff10d.js:149 https://leetcode.com/problems/minimum-window-substring
common-libs.ef23ff10d.js:149 https://leetcode.com/problems/scramble-string
common-libs.ef23ff10d.js:149 https://leetcode.com/problems/decode-ways
common-libs.ef23ff10d.js:149 https://leetcode.com/problems/restore-ip-addresses
common-libs.ef23ff10d.js:149 https://leetcode.com/problems/interleaving-string
common-libs.ef23ff10d.js:149 https://leetcode.com/problems/distinct-subsequences
common-libs.ef23ff10d.js:149 https://leetcode.com/problems/valid-palindrome
common-libs.ef23ff10d.js:149 https://leetcode.com/problems/word-ladder-ii
common-libs.ef23ff10d.js:149 https://leetcode.com/problems/reverse-words-in-a-string
common-libs.ef23ff10d.js:149 https://leetcode.com/problems/read-n-characters-given-read4
common-libs.ef23ff10d.js:149 https://leetcode.com/problems/read-n-characters-given-read4-ii-call-multiple-times
common-libs.ef23ff10d.js:149 https://leetcode.com/problems/longest-substring-with-at-most-two-distinct-characters
common-libs.ef23ff10d.js:149 https://leetcode.com/problems/one-edit-distance
common-libs.ef23ff10d.js:149 https://leetcode.com/problems/compare-version-numbers
common-libs.ef23ff10d.js:149 https://leetcode.com/problems/reverse-words-in-a-string-ii
common-libs.ef23ff10d.js:149 https://leetcode.com/problems/shortest-palindrome
common-libs.ef23ff10d.js:149 https://leetcode.com/problems/basic-calculator-ii
common-libs.ef23ff10d.js:149 https://leetcode.com/problems/group-shifted-strings
common-libs.ef23ff10d.js:149 https://leetcode.com/problems/encode-and-decode-strings
common-libs.ef23ff10d.js:149 https://leetcode.com/problems/integer-to-english-words
common-libs.ef23ff10d.js:149 https://leetcode.com/problems/flip-game
common-libs.ef23ff10d.js:149 https://leetcode.com/problems/palindrome-pairs
common-libs.ef23ff10d.js:149 https://leetcode.com/problems/longest-substring-with-at-most-k-distinct-characters
common-libs.ef23ff10d.js:149 https://leetcode.com/problems/reverse-string
common-libs.ef23ff10d.js:149 https://leetcode.com/problems/reverse-vowels-of-a-string
common-libs.ef23ff10d.js:149 https://leetcode.com/problems/ransom-note
common-libs.ef23ff10d.js:149 https://leetcode.com/problems/mini-parser
common-libs.ef23ff10d.js:149 https://leetcode.com/problems/first-unique-character-in-a-string
common-libs.ef23ff10d.js:149 https://leetcode.com/problems/valid-word-abbreviation
common-libs.ef23ff10d.js:149 https://leetcode.com/problems/add-strings
common-libs.ef23ff10d.js:149 https://leetcode.com/problems/number-of-segments-in-a-string
common-libs.ef23ff10d.js:149 https://leetcode.com/problems/string-compression
common-libs.ef23ff10d.js:149 https://leetcode.com/problems/repeated-substring-pattern
common-libs.ef23ff10d.js:149 https://leetcode.com/problems/validate-ip-address
common-libs.ef23ff10d.js:149 https://leetcode.com/problems/detect-capital
common-libs.ef23ff10d.js:149 https://leetcode.com/problems/longest-uncommon-subsequence-i
common-libs.ef23ff10d.js:149 https://leetcode.com/problems/longest-uncommon-subsequence-ii
common-libs.ef23ff10d.js:149 https://leetcode.com/problems/word-abbreviation
common-libs.ef23ff10d.js:149 https://leetcode.com/problems/construct-binary-tree-from-string
common-libs.ef23ff10d.js:149 https://leetcode.com/problems/complex-number-multiplication
common-libs.ef23ff10d.js:149 https://leetcode.com/problems/minimum-time-difference
common-libs.ef23ff10d.js:149 https://leetcode.com/problems/reverse-string-ii
common-libs.ef23ff10d.js:149 https://leetcode.com/problems/output-contest-matches
common-libs.ef23ff10d.js:149 https://leetcode.com/problems/student-attendance-record-i
common-libs.ef23ff10d.js:149 https://leetcode.com/problems/optimal-division
common-libs.ef23ff10d.js:149 https://leetcode.com/problems/split-concatenated-strings
common-libs.ef23ff10d.js:149 https://leetcode.com/problems/next-greater-element-iii
common-libs.ef23ff10d.js:149 https://leetcode.com/problems/reverse-words-in-a-string-iii
common-libs.ef23ff10d.js:149 https://leetcode.com/problems/find-the-closest-palindrome
common-libs.ef23ff10d.js:149 https://leetcode.com/problems/delete-operation-for-two-strings
common-libs.ef23ff10d.js:149 https://leetcode.com/problems/tag-validator
common-libs.ef23ff10d.js:149 https://leetcode.com/problems/construct-string-from-binary-tree
common-libs.ef23ff10d.js:149 https://leetcode.com/problems/find-duplicate-file-in-system
common-libs.ef23ff10d.js:149 https://leetcode.com/problems/add-bold-tag-in-string
common-libs.ef23ff10d.js:149 https://leetcode.com/problems/smallest-range
common-libs.ef23ff10d.js:149 https://leetcode.com/problems/design-log-storage-system
common-libs.ef23ff10d.js:149 https://leetcode.com/problems/palindromic-substrings
common-libs.ef23ff10d.js:149 https://leetcode.com/problems/robot-return-to-origin
common-libs.ef23ff10d.js:149 https://leetcode.com/problems/valid-parenthesis-string
common-libs.ef23ff10d.js:149 https://leetcode.com/problems/valid-palindrome-ii
common-libs.ef23ff10d.js:149 https://leetcode.com/problems/next-closest-time
common-libs.ef23ff10d.js:149 https://leetcode.com/problems/repeated-string-match
common-libs.ef23ff10d.js:149 https://leetcode.com/problems/count-binary-substrings
common-libs.ef23ff10d.js:149 https://leetcode.com/problems/remove-comments
common-libs.ef23ff10d.js:149 https://leetcode.com/problems/count-different-palindromic-subsequences
common-libs.ef23ff10d.js:149 https://leetcode.com/problems/parse-lisp-expression
common-libs.ef23ff10d.js:149 https://leetcode.com/problems/to-lower-case
common-libs.ef23ff10d.js:149 https://leetcode.com/problems/bold-words-in-string
common-libs.ef23ff10d.js:149 https://leetcode.com/problems/special-binary-string
common-libs.ef23ff10d.js:149 https://leetcode.com/problems/reorganize-string
common-libs.ef23ff10d.js:149 https://leetcode.com/problems/basic-calculator-iv
common-libs.ef23ff10d.js:149 https://leetcode.com/problems/basic-calculator-iii
common-libs.ef23ff10d.js:149 https://leetcode.com/problems/rotated-digits
common-libs.ef23ff10d.js:149 https://leetcode.com/problems/custom-sort-string
common-libs.ef23ff10d.js:149 https://leetcode.com/problems/similar-rgb-color
common-libs.ef23ff10d.js:149 https://leetcode.com/problems/unique-morse-code-words
common-libs.ef23ff10d.js:149 https://leetcode.com/problems/expressive-words
common-libs.ef23ff10d.js:149 https://leetcode.com/problems/ambiguous-coordinates
common-libs.ef23ff10d.js:149 https://leetcode.com/problems/most-common-word
common-libs.ef23ff10d.js:149 https://leetcode.com/problems/goat-latin
common-libs.ef23ff10d.js:149 https://leetcode.com/problems/masking-personal-information
common-libs.ef23ff10d.js:149 https://leetcode.com/problems/find-and-replace-in-string
common-libs.ef23ff10d.js:149 https://leetcode.com/problems/split-array-into-fibonacci-sequence
common-libs.ef23ff10d.js:149 https://leetcode.com/problems/shifting-letters
common-libs.ef23ff10d.js:149 https://leetcode.com/problems/score-of-parentheses
common-libs.ef23ff10d.js:149 https://leetcode.com/problems/buddy-strings
common-libs.ef23ff10d.js:149 https://leetcode.com/problems/find-and-replace-pattern
common-libs.ef23ff10d.js:149 https://leetcode.com/problems/groups-of-special-equivalent-strings
common-libs.ef23ff10d.js:149 https://leetcode.com/problems/orderly-queue
common-libs.ef23ff10d.js:149 https://leetcode.com/problems/word-subsets
common-libs.ef23ff10d.js:149 https://leetcode.com/problems/reverse-only-letters
common-libs.ef23ff10d.js:149 https://leetcode.com/problems/long-pressed-name
common-libs.ef23ff10d.js:149 https://leetcode.com/problems/unique-email-addresses
common-libs.ef23ff10d.js:149 https://leetcode.com/problems/stamping-the-sequence
common-libs.ef23ff10d.js:149 https://leetcode.com/problems/reorder-log-files
common-libs.ef23ff10d.js:149 https://leetcode.com/problems/vowel-spellchecker
common-libs.ef23ff10d.js:149 https://leetcode.com/problems/check-if-word-is-valid-after-substitutions
common-libs.ef23ff10d.js:149 https://leetcode.com/problems/binary-string-with-substrings-representing-1-to-n
common-libs.ef23ff10d.js:149 https://leetcode.com/problems/camelcase-matching
common-libs.ef23ff10d.js:149 https://leetcode.com/support/
common-libs.ef23ff10d.js:149 https://leetcode.com/jobs/
common-libs.ef23ff10d.js:149 https://leetcode.com/bugbounty/
common-libs.ef23ff10d.js:149 https://leetcode.com/terms/
common-libs.ef23ff10d.js:149 https://leetcode.com/privacy/
common-libs.ef23ff10d.js:149 https://leetcode.com/region/
common-libs.ef23ff10d.js:149 mailto:billing@leetcode.com?subject=Billing%20Issue&body=Name:%0D%0A%0D%0AUsername:%0D%0A%0D%0AMessage:%0D%0A%0D%0A
common-libs.ef23ff10d.js:149 mailto:support@leetcode.com?subject=General%20Support&body=Name:%0D%0A%0D%0AUsername:%0D%0A%0D%0AMessage:%0D%0A%0D%0A
common-libs.ef23ff10d.js:149 mailto:feedback@leetcode.com?subject=Other%20Inquiries&body=Name:%0D%0A%0D%0AUsername:%0D%0A%0D%0AMessage:%0D%0A%0D%0A
undefined
