var links = document.getElementsByTagName('a');
var all_links =  Array.prototype.slice.call(links);
all_links.forEach(function(val){
    console.log(val.href);
});
common-libs.ef23ff10d.js:149 https://leetcode.com/
common-libs.ef23ff10d.js:149 https://leetcode.com/subscribe/
common-libs.ef23ff10d.js:149 https://leetcode.com/explore/
common-libs.ef23ff10d.js:149 https://leetcode.com/problemset/all/
common-libs.ef23ff10d.js:149 https://leetcode.com/interview/
common-libs.ef23ff10d.js:149 https://leetcode.com/contest/
common-libs.ef23ff10d.js:149 https://leetcode.com/articles/
common-libs.ef23ff10d.js:149 https://leetcode.com/discuss/
common-libs.ef23ff10d.js:149 https://leetcode.com/playground/
common-libs.ef23ff10d.js:149 https://leetcode.com/tag/tree/#
common-libs.ef23ff10d.js:149 https://leetcode.com/store/
common-libs.ef23ff10d.js:149 https://leetcode.com/subscribe/
common-libs.ef23ff10d.js:149 https://leetcode.com/book/
common-libs.ef23ff10d.js:149 https://leetcode.com/subscribe/
common-libs.ef23ff10d.js:149 https://leetcode.com/subscribe
common-libs.ef23ff10d.js:149 https://leetcode.com/problems/binary-tree-inorder-traversal
common-libs.ef23ff10d.js:149 https://leetcode.com/problems/unique-binary-search-trees-ii
common-libs.ef23ff10d.js:149 https://leetcode.com/problems/unique-binary-search-trees
common-libs.ef23ff10d.js:149 https://leetcode.com/problems/validate-binary-search-tree
common-libs.ef23ff10d.js:149 https://leetcode.com/problems/recover-binary-search-tree
common-libs.ef23ff10d.js:149 https://leetcode.com/problems/same-tree
common-libs.ef23ff10d.js:149 https://leetcode.com/problems/symmetric-tree
common-libs.ef23ff10d.js:149 https://leetcode.com/problems/binary-tree-level-order-traversal
common-libs.ef23ff10d.js:149 https://leetcode.com/problems/binary-tree-zigzag-level-order-traversal
common-libs.ef23ff10d.js:149 https://leetcode.com/problems/maximum-depth-of-binary-tree
common-libs.ef23ff10d.js:149 https://leetcode.com/problems/construct-binary-tree-from-preorder-and-inorder-traversal
common-libs.ef23ff10d.js:149 https://leetcode.com/problems/construct-binary-tree-from-inorder-and-postorder-traversal
common-libs.ef23ff10d.js:149 https://leetcode.com/problems/binary-tree-level-order-traversal-ii
common-libs.ef23ff10d.js:149 https://leetcode.com/problems/convert-sorted-array-to-binary-search-tree
common-libs.ef23ff10d.js:149 https://leetcode.com/problems/balanced-binary-tree
common-libs.ef23ff10d.js:149 https://leetcode.com/problems/minimum-depth-of-binary-tree
common-libs.ef23ff10d.js:149 https://leetcode.com/problems/path-sum
common-libs.ef23ff10d.js:149 https://leetcode.com/problems/path-sum-ii
common-libs.ef23ff10d.js:149 https://leetcode.com/problems/flatten-binary-tree-to-linked-list
common-libs.ef23ff10d.js:149 https://leetcode.com/problems/populating-next-right-pointers-in-each-node
common-libs.ef23ff10d.js:149 https://leetcode.com/problems/populating-next-right-pointers-in-each-node-ii
common-libs.ef23ff10d.js:149 https://leetcode.com/problems/binary-tree-maximum-path-sum
common-libs.ef23ff10d.js:149 https://leetcode.com/problems/sum-root-to-leaf-numbers
common-libs.ef23ff10d.js:149 https://leetcode.com/problems/binary-tree-preorder-traversal
common-libs.ef23ff10d.js:149 https://leetcode.com/problems/binary-tree-postorder-traversal
common-libs.ef23ff10d.js:149 https://leetcode.com/problems/binary-tree-upside-down
common-libs.ef23ff10d.js:149 https://leetcode.com/problems/binary-search-tree-iterator
common-libs.ef23ff10d.js:149 https://leetcode.com/problems/binary-tree-right-side-view
common-libs.ef23ff10d.js:149 https://leetcode.com/problems/count-complete-tree-nodes
common-libs.ef23ff10d.js:149 https://leetcode.com/problems/invert-binary-tree
common-libs.ef23ff10d.js:149 https://leetcode.com/problems/kth-smallest-element-in-a-bst
common-libs.ef23ff10d.js:149 https://leetcode.com/problems/lowest-common-ancestor-of-a-binary-search-tree
common-libs.ef23ff10d.js:149 https://leetcode.com/problems/lowest-common-ancestor-of-a-binary-tree
common-libs.ef23ff10d.js:149 https://leetcode.com/problems/count-univalue-subtrees
common-libs.ef23ff10d.js:149 https://leetcode.com/problems/verify-preorder-sequence-in-binary-search-tree
common-libs.ef23ff10d.js:149 https://leetcode.com/problems/binary-tree-paths
common-libs.ef23ff10d.js:149 https://leetcode.com/problems/closest-binary-search-tree-value
common-libs.ef23ff10d.js:149 https://leetcode.com/problems/closest-binary-search-tree-value-ii
common-libs.ef23ff10d.js:149 https://leetcode.com/problems/inorder-successor-in-bst
common-libs.ef23ff10d.js:149 https://leetcode.com/problems/serialize-and-deserialize-binary-tree
common-libs.ef23ff10d.js:149 https://leetcode.com/problems/binary-tree-longest-consecutive-sequence
common-libs.ef23ff10d.js:149 https://leetcode.com/problems/largest-bst-subtree
common-libs.ef23ff10d.js:149 https://leetcode.com/problems/house-robber-iii
common-libs.ef23ff10d.js:149 https://leetcode.com/problems/find-leaves-of-binary-tree
common-libs.ef23ff10d.js:149 https://leetcode.com/problems/sum-of-left-leaves
common-libs.ef23ff10d.js:149 https://leetcode.com/problems/path-sum-iii
common-libs.ef23ff10d.js:149 https://leetcode.com/problems/serialize-and-deserialize-bst
common-libs.ef23ff10d.js:149 https://leetcode.com/problems/delete-node-in-a-bst
common-libs.ef23ff10d.js:149 https://leetcode.com/problems/find-mode-in-binary-search-tree
common-libs.ef23ff10d.js:149 https://leetcode.com/problems/most-frequent-subtree-sum
common-libs.ef23ff10d.js:149 https://leetcode.com/problems/inorder-successor-in-bst-ii
common-libs.ef23ff10d.js:149 https://leetcode.com/problems/find-bottom-left-tree-value
common-libs.ef23ff10d.js:149 https://leetcode.com/problems/find-largest-value-in-each-tree-row
common-libs.ef23ff10d.js:149 https://leetcode.com/problems/minimum-absolute-difference-in-bst
common-libs.ef23ff10d.js:149 https://leetcode.com/problems/construct-binary-tree-from-string
common-libs.ef23ff10d.js:149 https://leetcode.com/problems/convert-bst-to-greater-tree
common-libs.ef23ff10d.js:149 https://leetcode.com/problems/diameter-of-binary-tree
common-libs.ef23ff10d.js:149 https://leetcode.com/problems/boundary-of-binary-tree
common-libs.ef23ff10d.js:149 https://leetcode.com/problems/binary-tree-longest-consecutive-sequence-ii
common-libs.ef23ff10d.js:149 https://leetcode.com/problems/binary-tree-tilt
common-libs.ef23ff10d.js:149 https://leetcode.com/problems/subtree-of-another-tree
common-libs.ef23ff10d.js:149 https://leetcode.com/problems/kill-process
common-libs.ef23ff10d.js:149 https://leetcode.com/problems/construct-string-from-binary-tree
common-libs.ef23ff10d.js:149 https://leetcode.com/problems/merge-two-binary-trees
common-libs.ef23ff10d.js:149 https://leetcode.com/problems/add-one-row-to-tree
common-libs.ef23ff10d.js:149 https://leetcode.com/problems/average-of-levels-in-binary-tree
common-libs.ef23ff10d.js:149 https://leetcode.com/problems/find-duplicate-subtrees
common-libs.ef23ff10d.js:149 https://leetcode.com/problems/two-sum-iv-input-is-a-bst
common-libs.ef23ff10d.js:149 https://leetcode.com/problems/maximum-binary-tree
common-libs.ef23ff10d.js:149 https://leetcode.com/problems/print-binary-tree
common-libs.ef23ff10d.js:149 https://leetcode.com/problems/maximum-width-of-binary-tree
common-libs.ef23ff10d.js:149 https://leetcode.com/problems/equal-tree-partition
common-libs.ef23ff10d.js:149 https://leetcode.com/problems/path-sum-iv
common-libs.ef23ff10d.js:149 https://leetcode.com/problems/trim-a-binary-search-tree
common-libs.ef23ff10d.js:149 https://leetcode.com/problems/second-minimum-node-in-a-binary-tree
common-libs.ef23ff10d.js:149 https://leetcode.com/problems/redundant-connection
common-libs.ef23ff10d.js:149 https://leetcode.com/problems/redundant-connection-ii
common-libs.ef23ff10d.js:149 https://leetcode.com/problems/longest-univalue-path
common-libs.ef23ff10d.js:149 https://leetcode.com/problems/closest-leaf-in-a-binary-tree
common-libs.ef23ff10d.js:149 https://leetcode.com/problems/convert-binary-search-tree-to-sorted-doubly-linked-list
common-libs.ef23ff10d.js:149 https://leetcode.com/problems/n-ary-tree-level-order-traversal
common-libs.ef23ff10d.js:149 https://leetcode.com/problems/serialize-and-deserialize-n-ary-tree
common-libs.ef23ff10d.js:149 https://leetcode.com/problems/encode-n-ary-tree-to-binary-tree
common-libs.ef23ff10d.js:149 https://leetcode.com/problems/maximum-depth-of-n-ary-tree
common-libs.ef23ff10d.js:149 https://leetcode.com/problems/n-ary-tree-preorder-traversal
common-libs.ef23ff10d.js:149 https://leetcode.com/problems/n-ary-tree-postorder-traversal
common-libs.ef23ff10d.js:149 https://leetcode.com/problems/search-in-a-binary-search-tree
common-libs.ef23ff10d.js:149 https://leetcode.com/problems/insert-into-a-binary-search-tree
common-libs.ef23ff10d.js:149 https://leetcode.com/problems/split-bst
common-libs.ef23ff10d.js:149 https://leetcode.com/problems/minimum-distance-between-bst-nodes
common-libs.ef23ff10d.js:149 https://leetcode.com/problems/binary-tree-pruning
common-libs.ef23ff10d.js:149 https://leetcode.com/problems/sum-of-distances-in-tree
common-libs.ef23ff10d.js:149 https://leetcode.com/problems/all-nodes-distance-k-in-binary-tree
common-libs.ef23ff10d.js:149 https://leetcode.com/problems/smallest-subtree-with-all-the-deepest-nodes
common-libs.ef23ff10d.js:149 https://leetcode.com/problems/leaf-similar-trees
common-libs.ef23ff10d.js:149 https://leetcode.com/problems/construct-binary-tree-from-preorder-and-postorder-traversal
common-libs.ef23ff10d.js:149 https://leetcode.com/problems/all-possible-full-binary-trees
common-libs.ef23ff10d.js:149 https://leetcode.com/problems/increasing-order-search-tree
common-libs.ef23ff10d.js:149 https://leetcode.com/problems/complete-binary-tree-inserter
common-libs.ef23ff10d.js:149 https://leetcode.com/problems/range-sum-of-bst
common-libs.ef23ff10d.js:149 https://leetcode.com/problems/flip-equivalent-binary-trees
common-libs.ef23ff10d.js:149 https://leetcode.com/problems/check-completeness-of-a-binary-tree
common-libs.ef23ff10d.js:149 https://leetcode.com/problems/univalued-binary-tree
common-libs.ef23ff10d.js:149 https://leetcode.com/problems/binary-tree-cameras
common-libs.ef23ff10d.js:149 https://leetcode.com/problems/flip-binary-tree-to-match-preorder-traversal
common-libs.ef23ff10d.js:149 https://leetcode.com/problems/distribute-coins-in-binary-tree
common-libs.ef23ff10d.js:149 https://leetcode.com/problems/vertical-order-traversal-of-a-binary-tree
common-libs.ef23ff10d.js:149 https://leetcode.com/problems/smallest-string-starting-from-leaf
common-libs.ef23ff10d.js:149 https://leetcode.com/problems/cousins-in-binary-tree
common-libs.ef23ff10d.js:149 https://leetcode.com/problems/maximum-binary-tree-ii
common-libs.ef23ff10d.js:149 https://leetcode.com/problems/construct-binary-search-tree-from-preorder-traversal
common-libs.ef23ff10d.js:149 https://leetcode.com/problems/sum-of-root-to-leaf-binary-numbers
common-libs.ef23ff10d.js:149 https://leetcode.com/problems/maximum-difference-between-node-and-ancestor
common-libs.ef23ff10d.js:149 https://leetcode.com/problems/recover-a-tree-from-preorder-traversal
common-libs.ef23ff10d.js:149 https://leetcode.com/support/
common-libs.ef23ff10d.js:149 https://leetcode.com/jobs/
common-libs.ef23ff10d.js:149 https://leetcode.com/bugbounty/
common-libs.ef23ff10d.js:149 https://leetcode.com/terms/
common-libs.ef23ff10d.js:149 https://leetcode.com/privacy/
common-libs.ef23ff10d.js:149 https://leetcode.com/region/
common-libs.ef23ff10d.js:149 mailto:billing@leetcode.com?subject=Billing%20Issue&body=Name:%0D%0A%0D%0AUsername:%0D%0A%0D%0AMessage:%0D%0A%0D%0A
common-libs.ef23ff10d.js:149 mailto:support@leetcode.com?subject=General%20Support&body=Name:%0D%0A%0D%0AUsername:%0D%0A%0D%0AMessage:%0D%0A%0D%0A
common-libs.ef23ff10d.js:149 mailto:feedback@leetcode.com?subject=Other%20Inquiries&body=Name:%0D%0A%0D%0AUsername:%0D%0A%0D%0AMessage:%0D%0A%0D%0A
undefined
