var links = document.getElementsByTagName('a');
var all_links =  Array.prototype.slice.call(links);
all_links.forEach(function(val){
    console.log(val.href);
});
common-libs.ef23ff10d.js:149 https://leetcode.com/
common-libs.ef23ff10d.js:149 https://leetcode.com/subscribe/
common-libs.ef23ff10d.js:149 https://leetcode.com/explore/
common-libs.ef23ff10d.js:149 https://leetcode.com/problemset/all/
common-libs.ef23ff10d.js:149 https://leetcode.com/interview/
common-libs.ef23ff10d.js:149 https://leetcode.com/contest/
common-libs.ef23ff10d.js:149 https://leetcode.com/articles/
common-libs.ef23ff10d.js:149 https://leetcode.com/discuss/
common-libs.ef23ff10d.js:149 https://leetcode.com/playground/
common-libs.ef23ff10d.js:149 https://leetcode.com/tag/hash-table/#
common-libs.ef23ff10d.js:149 https://leetcode.com/store/
common-libs.ef23ff10d.js:149 https://leetcode.com/subscribe/
common-libs.ef23ff10d.js:149 https://leetcode.com/book/
common-libs.ef23ff10d.js:149 https://leetcode.com/subscribe/
common-libs.ef23ff10d.js:149 https://leetcode.com/subscribe
common-libs.ef23ff10d.js:149 https://leetcode.com/problems/two-sum
common-libs.ef23ff10d.js:149 https://leetcode.com/problems/longest-substring-without-repeating-characters
common-libs.ef23ff10d.js:149 https://leetcode.com/problems/4sum
common-libs.ef23ff10d.js:149 https://leetcode.com/problems/substring-with-concatenation-of-all-words
common-libs.ef23ff10d.js:149 https://leetcode.com/problems/valid-sudoku
common-libs.ef23ff10d.js:149 https://leetcode.com/problems/sudoku-solver
common-libs.ef23ff10d.js:149 https://leetcode.com/problems/group-anagrams
common-libs.ef23ff10d.js:149 https://leetcode.com/problems/minimum-window-substring
common-libs.ef23ff10d.js:149 https://leetcode.com/problems/maximal-rectangle
common-libs.ef23ff10d.js:149 https://leetcode.com/problems/binary-tree-inorder-traversal
common-libs.ef23ff10d.js:149 https://leetcode.com/problems/single-number
common-libs.ef23ff10d.js:149 https://leetcode.com/problems/copy-list-with-random-pointer
common-libs.ef23ff10d.js:149 https://leetcode.com/problems/max-points-on-a-line
common-libs.ef23ff10d.js:149 https://leetcode.com/problems/longest-substring-with-at-most-two-distinct-characters
common-libs.ef23ff10d.js:149 https://leetcode.com/problems/fraction-to-recurring-decimal
common-libs.ef23ff10d.js:149 https://leetcode.com/problems/two-sum-iii-data-structure-design
common-libs.ef23ff10d.js:149 https://leetcode.com/problems/repeated-dna-sequences
common-libs.ef23ff10d.js:149 https://leetcode.com/problems/happy-number
common-libs.ef23ff10d.js:149 https://leetcode.com/problems/count-primes
common-libs.ef23ff10d.js:149 https://leetcode.com/problems/isomorphic-strings
common-libs.ef23ff10d.js:149 https://leetcode.com/problems/contains-duplicate
common-libs.ef23ff10d.js:149 https://leetcode.com/problems/contains-duplicate-ii
common-libs.ef23ff10d.js:149 https://leetcode.com/problems/valid-anagram
common-libs.ef23ff10d.js:149 https://leetcode.com/problems/shortest-word-distance-ii
common-libs.ef23ff10d.js:149 https://leetcode.com/problems/strobogrammatic-number
common-libs.ef23ff10d.js:149 https://leetcode.com/problems/group-shifted-strings
common-libs.ef23ff10d.js:149 https://leetcode.com/problems/palindrome-permutation
common-libs.ef23ff10d.js:149 https://leetcode.com/problems/h-index
common-libs.ef23ff10d.js:149 https://leetcode.com/problems/unique-word-abbreviation
common-libs.ef23ff10d.js:149 https://leetcode.com/problems/word-pattern
common-libs.ef23ff10d.js:149 https://leetcode.com/problems/bulls-and-cows
common-libs.ef23ff10d.js:149 https://leetcode.com/problems/sparse-matrix-multiplication
common-libs.ef23ff10d.js:149 https://leetcode.com/problems/binary-tree-vertical-order-traversal
common-libs.ef23ff10d.js:149 https://leetcode.com/problems/maximum-size-subarray-sum-equals-k
common-libs.ef23ff10d.js:149 https://leetcode.com/problems/palindrome-pairs
common-libs.ef23ff10d.js:149 https://leetcode.com/problems/longest-substring-with-at-most-k-distinct-characters
common-libs.ef23ff10d.js:149 https://leetcode.com/problems/top-k-frequent-elements
common-libs.ef23ff10d.js:149 https://leetcode.com/problems/intersection-of-two-arrays
common-libs.ef23ff10d.js:149 https://leetcode.com/problems/intersection-of-two-arrays-ii
common-libs.ef23ff10d.js:149 https://leetcode.com/problems/design-twitter
common-libs.ef23ff10d.js:149 https://leetcode.com/problems/line-reflection
common-libs.ef23ff10d.js:149 https://leetcode.com/problems/rearrange-string-k-distance-apart
common-libs.ef23ff10d.js:149 https://leetcode.com/problems/logger-rate-limiter
common-libs.ef23ff10d.js:149 https://leetcode.com/problems/insert-delete-getrandom-o1
common-libs.ef23ff10d.js:149 https://leetcode.com/problems/insert-delete-getrandom-o1-duplicates-allowed
common-libs.ef23ff10d.js:149 https://leetcode.com/problems/first-unique-character-in-a-string
common-libs.ef23ff10d.js:149 https://leetcode.com/problems/find-the-difference
common-libs.ef23ff10d.js:149 https://leetcode.com/problems/longest-palindrome
common-libs.ef23ff10d.js:149 https://leetcode.com/problems/find-all-anagrams-in-a-string
common-libs.ef23ff10d.js:149 https://leetcode.com/problems/number-of-boomerangs
common-libs.ef23ff10d.js:149 https://leetcode.com/problems/sort-characters-by-frequency
common-libs.ef23ff10d.js:149 https://leetcode.com/problems/4sum-ii
common-libs.ef23ff10d.js:149 https://leetcode.com/problems/island-perimeter
common-libs.ef23ff10d.js:149 https://leetcode.com/problems/keyboard-row
common-libs.ef23ff10d.js:149 https://leetcode.com/problems/most-frequent-subtree-sum
common-libs.ef23ff10d.js:149 https://leetcode.com/problems/contiguous-array
common-libs.ef23ff10d.js:149 https://leetcode.com/problems/encode-and-decode-tinyurl
common-libs.ef23ff10d.js:149 https://leetcode.com/problems/brick-wall
common-libs.ef23ff10d.js:149 https://leetcode.com/problems/subarray-sum-equals-k
common-libs.ef23ff10d.js:149 https://leetcode.com/problems/distribute-candies
common-libs.ef23ff10d.js:149 https://leetcode.com/problems/longest-harmonious-subsequence
common-libs.ef23ff10d.js:149 https://leetcode.com/problems/minimum-index-sum-of-two-lists
common-libs.ef23ff10d.js:149 https://leetcode.com/problems/find-duplicate-file-in-system
common-libs.ef23ff10d.js:149 https://leetcode.com/problems/maximum-distance-in-arrays
common-libs.ef23ff10d.js:149 https://leetcode.com/problems/smallest-range
common-libs.ef23ff10d.js:149 https://leetcode.com/problems/set-mismatch
common-libs.ef23ff10d.js:149 https://leetcode.com/problems/replace-words
common-libs.ef23ff10d.js:149 https://leetcode.com/problems/implement-magic-dictionary
common-libs.ef23ff10d.js:149 https://leetcode.com/problems/employee-importance
common-libs.ef23ff10d.js:149 https://leetcode.com/problems/top-k-frequent-words
common-libs.ef23ff10d.js:149 https://leetcode.com/problems/number-of-distinct-islands
common-libs.ef23ff10d.js:149 https://leetcode.com/problems/number-of-distinct-islands-ii
common-libs.ef23ff10d.js:149 https://leetcode.com/problems/maximum-length-of-repeated-subarray
common-libs.ef23ff10d.js:149 https://leetcode.com/problems/longest-word-in-dictionary
common-libs.ef23ff10d.js:149 https://leetcode.com/problems/number-of-atoms
common-libs.ef23ff10d.js:149 https://leetcode.com/problems/sentence-similarity
common-libs.ef23ff10d.js:149 https://leetcode.com/problems/daily-temperatures
common-libs.ef23ff10d.js:149 https://leetcode.com/problems/shortest-completing-word
common-libs.ef23ff10d.js:149 https://leetcode.com/problems/find-anagram-mappings
common-libs.ef23ff10d.js:149 https://leetcode.com/problems/basic-calculator-iv
common-libs.ef23ff10d.js:149 https://leetcode.com/problems/jewels-and-stones
common-libs.ef23ff10d.js:149 https://leetcode.com/problems/rabbits-in-forest
common-libs.ef23ff10d.js:149 https://leetcode.com/problems/design-hashset
common-libs.ef23ff10d.js:149 https://leetcode.com/problems/design-hashmap
common-libs.ef23ff10d.js:149 https://leetcode.com/problems/subdomain-visit-count
common-libs.ef23ff10d.js:149 https://leetcode.com/problems/random-pick-with-blacklist
common-libs.ef23ff10d.js:149 https://leetcode.com/problems/uncommon-words-from-two-sentences
common-libs.ef23ff10d.js:149 https://leetcode.com/problems/maximum-frequency-stack
common-libs.ef23ff10d.js:149 https://leetcode.com/problems/binary-subarrays-with-sum
common-libs.ef23ff10d.js:149 https://leetcode.com/problems/minimum-area-rectangle
common-libs.ef23ff10d.js:149 https://leetcode.com/problems/verifying-an-alien-dictionary
common-libs.ef23ff10d.js:149 https://leetcode.com/problems/array-of-doubled-pairs
common-libs.ef23ff10d.js:149 https://leetcode.com/problems/prison-cells-after-n-days
common-libs.ef23ff10d.js:149 https://leetcode.com/problems/n-repeated-element-in-size-2n-array
common-libs.ef23ff10d.js:149 https://leetcode.com/problems/vowel-spellchecker
common-libs.ef23ff10d.js:149 https://leetcode.com/problems/powerful-integers
common-libs.ef23ff10d.js:149 https://leetcode.com/problems/subarray-sums-divisible-by-k
common-libs.ef23ff10d.js:149 https://leetcode.com/problems/time-based-key-value-store
common-libs.ef23ff10d.js:149 https://leetcode.com/problems/vertical-order-traversal-of-a-binary-tree
common-libs.ef23ff10d.js:149 https://leetcode.com/problems/subarrays-with-k-different-integers
common-libs.ef23ff10d.js:149 https://leetcode.com/problems/grid-illumination
common-libs.ef23ff10d.js:149 https://leetcode.com/problems/find-common-characters
common-libs.ef23ff10d.js:149 https://leetcode.com/problems/longest-duplicate-substring
common-libs.ef23ff10d.js:149 https://leetcode.com/problems/longest-string-chain
common-libs.ef23ff10d.js:149 https://leetcode.com/support/
common-libs.ef23ff10d.js:149 https://leetcode.com/jobs/
common-libs.ef23ff10d.js:149 https://leetcode.com/bugbounty/
common-libs.ef23ff10d.js:149 https://leetcode.com/terms/
common-libs.ef23ff10d.js:149 https://leetcode.com/privacy/
common-libs.ef23ff10d.js:149 https://leetcode.com/region/
common-libs.ef23ff10d.js:149 mailto:billing@leetcode.com?subject=Billing%20Issue&body=Name:%0D%0A%0D%0AUsername:%0D%0A%0D%0AMessage:%0D%0A%0D%0A
common-libs.ef23ff10d.js:149 mailto:support@leetcode.com?subject=General%20Support&body=Name:%0D%0A%0D%0AUsername:%0D%0A%0D%0AMessage:%0D%0A%0D%0A
common-libs.ef23ff10d.js:149 mailto:feedback@leetcode.com?subject=Other%20Inquiries&body=Name:%0D%0A%0D%0AUsername:%0D%0A%0D%0AMessage:%0D%0A%0D%0A
undefined
