var links = document.getElementsByTagName('a');
var all_links =  Array.prototype.slice.call(links);
all_links.forEach(function(val){
    console.log(val.href);
});
common-libs.ef23ff10d.js:149 https://leetcode.com/
common-libs.ef23ff10d.js:149 https://leetcode.com/subscribe/
common-libs.ef23ff10d.js:149 https://leetcode.com/explore/
common-libs.ef23ff10d.js:149 https://leetcode.com/problemset/all/
common-libs.ef23ff10d.js:149 https://leetcode.com/interview/
common-libs.ef23ff10d.js:149 https://leetcode.com/contest/
common-libs.ef23ff10d.js:149 https://leetcode.com/articles/
common-libs.ef23ff10d.js:149 https://leetcode.com/discuss/
common-libs.ef23ff10d.js:149 https://leetcode.com/playground/
common-libs.ef23ff10d.js:149 https://leetcode.com/tag/depth-first-search/#
common-libs.ef23ff10d.js:149 https://leetcode.com/store/
common-libs.ef23ff10d.js:149 https://leetcode.com/subscribe/
common-libs.ef23ff10d.js:149 https://leetcode.com/book/
common-libs.ef23ff10d.js:149 https://leetcode.com/subscribe/
common-libs.ef23ff10d.js:149 https://leetcode.com/subscribe
common-libs.ef23ff10d.js:149 https://leetcode.com/problems/validate-binary-search-tree
common-libs.ef23ff10d.js:149 https://leetcode.com/problems/recover-binary-search-tree
common-libs.ef23ff10d.js:149 https://leetcode.com/problems/same-tree
common-libs.ef23ff10d.js:149 https://leetcode.com/problems/symmetric-tree
common-libs.ef23ff10d.js:149 https://leetcode.com/problems/maximum-depth-of-binary-tree
common-libs.ef23ff10d.js:149 https://leetcode.com/problems/construct-binary-tree-from-preorder-and-inorder-traversal
common-libs.ef23ff10d.js:149 https://leetcode.com/problems/construct-binary-tree-from-inorder-and-postorder-traversal
common-libs.ef23ff10d.js:149 https://leetcode.com/problems/convert-sorted-array-to-binary-search-tree
common-libs.ef23ff10d.js:149 https://leetcode.com/problems/convert-sorted-list-to-binary-search-tree
common-libs.ef23ff10d.js:149 https://leetcode.com/problems/balanced-binary-tree
common-libs.ef23ff10d.js:149 https://leetcode.com/problems/minimum-depth-of-binary-tree
common-libs.ef23ff10d.js:149 https://leetcode.com/problems/path-sum
common-libs.ef23ff10d.js:149 https://leetcode.com/problems/path-sum-ii
common-libs.ef23ff10d.js:149 https://leetcode.com/problems/flatten-binary-tree-to-linked-list
common-libs.ef23ff10d.js:149 https://leetcode.com/problems/populating-next-right-pointers-in-each-node
common-libs.ef23ff10d.js:149 https://leetcode.com/problems/populating-next-right-pointers-in-each-node-ii
common-libs.ef23ff10d.js:149 https://leetcode.com/problems/binary-tree-maximum-path-sum
common-libs.ef23ff10d.js:149 https://leetcode.com/problems/sum-root-to-leaf-numbers
common-libs.ef23ff10d.js:149 https://leetcode.com/problems/surrounded-regions
common-libs.ef23ff10d.js:149 https://leetcode.com/problems/clone-graph
common-libs.ef23ff10d.js:149 https://leetcode.com/problems/binary-tree-right-side-view
common-libs.ef23ff10d.js:149 https://leetcode.com/problems/number-of-islands
common-libs.ef23ff10d.js:149 https://leetcode.com/problems/course-schedule
common-libs.ef23ff10d.js:149 https://leetcode.com/problems/course-schedule-ii
common-libs.ef23ff10d.js:149 https://leetcode.com/problems/binary-tree-paths
common-libs.ef23ff10d.js:149 https://leetcode.com/problems/graph-valid-tree
common-libs.ef23ff10d.js:149 https://leetcode.com/problems/remove-invalid-parentheses
common-libs.ef23ff10d.js:149 https://leetcode.com/problems/number-of-connected-components-in-an-undirected-graph
common-libs.ef23ff10d.js:149 https://leetcode.com/problems/longest-increasing-path-in-a-matrix
common-libs.ef23ff10d.js:149 https://leetcode.com/problems/reconstruct-itinerary
common-libs.ef23ff10d.js:149 https://leetcode.com/problems/house-robber-iii
common-libs.ef23ff10d.js:149 https://leetcode.com/problems/nested-list-weight-sum
common-libs.ef23ff10d.js:149 https://leetcode.com/problems/nested-list-weight-sum-ii
common-libs.ef23ff10d.js:149 https://leetcode.com/problems/find-leaves-of-binary-tree
common-libs.ef23ff10d.js:149 https://leetcode.com/problems/decode-string
common-libs.ef23ff10d.js:149 https://leetcode.com/problems/pacific-atlantic-water-flow
common-libs.ef23ff10d.js:149 https://leetcode.com/problems/ternary-expression-parser
common-libs.ef23ff10d.js:149 https://leetcode.com/problems/concatenated-words
common-libs.ef23ff10d.js:149 https://leetcode.com/problems/matchsticks-to-square
common-libs.ef23ff10d.js:149 https://leetcode.com/problems/zuma-game
common-libs.ef23ff10d.js:149 https://leetcode.com/problems/the-maze
common-libs.ef23ff10d.js:149 https://leetcode.com/problems/increasing-subsequences
common-libs.ef23ff10d.js:149 https://leetcode.com/problems/target-sum
common-libs.ef23ff10d.js:149 https://leetcode.com/problems/the-maze-iii
common-libs.ef23ff10d.js:149 https://leetcode.com/problems/the-maze-ii
common-libs.ef23ff10d.js:149 https://leetcode.com/problems/find-bottom-left-tree-value
common-libs.ef23ff10d.js:149 https://leetcode.com/problems/freedom-trail
common-libs.ef23ff10d.js:149 https://leetcode.com/problems/find-largest-value-in-each-tree-row
common-libs.ef23ff10d.js:149 https://leetcode.com/problems/minesweeper
common-libs.ef23ff10d.js:149 https://leetcode.com/problems/lonely-pixel-i
common-libs.ef23ff10d.js:149 https://leetcode.com/problems/lonely-pixel-ii
common-libs.ef23ff10d.js:149 https://leetcode.com/problems/01-matrix
common-libs.ef23ff10d.js:149 https://leetcode.com/problems/remove-boxes
common-libs.ef23ff10d.js:149 https://leetcode.com/problems/friend-circles
common-libs.ef23ff10d.js:149 https://leetcode.com/problems/out-of-boundary-paths
common-libs.ef23ff10d.js:149 https://leetcode.com/problems/shopping-offers
common-libs.ef23ff10d.js:149 https://leetcode.com/problems/strange-printer
common-libs.ef23ff10d.js:149 https://leetcode.com/problems/24-game
common-libs.ef23ff10d.js:149 https://leetcode.com/problems/redundant-connection-ii
common-libs.ef23ff10d.js:149 https://leetcode.com/problems/employee-importance
common-libs.ef23ff10d.js:149 https://leetcode.com/problems/number-of-distinct-islands
common-libs.ef23ff10d.js:149 https://leetcode.com/problems/max-area-of-island
common-libs.ef23ff10d.js:149 https://leetcode.com/problems/number-of-distinct-islands-ii
common-libs.ef23ff10d.js:149 https://leetcode.com/problems/accounts-merge
common-libs.ef23ff10d.js:149 https://leetcode.com/problems/flood-fill
common-libs.ef23ff10d.js:149 https://leetcode.com/problems/sentence-similarity-ii
common-libs.ef23ff10d.js:149 https://leetcode.com/problems/network-delay-time
common-libs.ef23ff10d.js:149 https://leetcode.com/problems/contain-virus
common-libs.ef23ff10d.js:149 https://leetcode.com/problems/cracking-the-safe
common-libs.ef23ff10d.js:149 https://leetcode.com/problems/pyramid-transition-matrix
common-libs.ef23ff10d.js:149 https://leetcode.com/problems/flatten-a-multilevel-doubly-linked-list
common-libs.ef23ff10d.js:149 https://leetcode.com/problems/maximum-depth-of-n-ary-tree
common-libs.ef23ff10d.js:149 https://leetcode.com/problems/swim-in-rising-water
common-libs.ef23ff10d.js:149 https://leetcode.com/problems/is-graph-bipartite
common-libs.ef23ff10d.js:149 https://leetcode.com/problems/find-eventual-safe-states
common-libs.ef23ff10d.js:149 https://leetcode.com/problems/making-a-large-island
common-libs.ef23ff10d.js:149 https://leetcode.com/problems/sum-of-distances-in-tree
common-libs.ef23ff10d.js:149 https://leetcode.com/problems/robot-room-cleaner
common-libs.ef23ff10d.js:149 https://leetcode.com/problems/similar-string-groups
common-libs.ef23ff10d.js:149 https://leetcode.com/problems/keys-and-rooms
common-libs.ef23ff10d.js:149 https://leetcode.com/problems/loud-and-rich
common-libs.ef23ff10d.js:149 https://leetcode.com/problems/all-nodes-distance-k-in-binary-tree
common-libs.ef23ff10d.js:149 https://leetcode.com/problems/leaf-similar-trees
common-libs.ef23ff10d.js:149 https://leetcode.com/problems/possible-bipartition
common-libs.ef23ff10d.js:149 https://leetcode.com/problems/increasing-order-search-tree
common-libs.ef23ff10d.js:149 https://leetcode.com/problems/minimize-malware-spread
common-libs.ef23ff10d.js:149 https://leetcode.com/problems/minimize-malware-spread-ii
common-libs.ef23ff10d.js:149 https://leetcode.com/problems/shortest-bridge
common-libs.ef23ff10d.js:149 https://leetcode.com/problems/most-stones-removed-with-same-row-or-column
common-libs.ef23ff10d.js:149 https://leetcode.com/problems/regions-cut-by-slashes
common-libs.ef23ff10d.js:149 https://leetcode.com/problems/binary-tree-cameras
common-libs.ef23ff10d.js:149 https://leetcode.com/problems/flip-binary-tree-to-match-preorder-traversal
common-libs.ef23ff10d.js:149 https://leetcode.com/problems/distribute-coins-in-binary-tree
common-libs.ef23ff10d.js:149 https://leetcode.com/problems/unique-paths-iii
common-libs.ef23ff10d.js:149 https://leetcode.com/problems/smallest-string-starting-from-leaf
common-libs.ef23ff10d.js:149 https://leetcode.com/problems/number-of-enclaves
common-libs.ef23ff10d.js:149 https://leetcode.com/problems/maximum-difference-between-node-and-ancestor
common-libs.ef23ff10d.js:149 https://leetcode.com/problems/recover-a-tree-from-preorder-traversal
common-libs.ef23ff10d.js:149 https://leetcode.com/problems/coloring-a-border
common-libs.ef23ff10d.js:149 https://leetcode.com/support/
common-libs.ef23ff10d.js:149 https://leetcode.com/jobs/
common-libs.ef23ff10d.js:149 https://leetcode.com/bugbounty/
common-libs.ef23ff10d.js:149 https://leetcode.com/terms/
common-libs.ef23ff10d.js:149 https://leetcode.com/privacy/
common-libs.ef23ff10d.js:149 https://leetcode.com/region/
common-libs.ef23ff10d.js:149 mailto:billing@leetcode.com?subject=Billing%20Issue&body=Name:%0D%0A%0D%0AUsername:%0D%0A%0D%0AMessage:%0D%0A%0D%0A
common-libs.ef23ff10d.js:149 mailto:support@leetcode.com?subject=General%20Support&body=Name:%0D%0A%0D%0AUsername:%0D%0A%0D%0AMessage:%0D%0A%0D%0A
common-libs.ef23ff10d.js:149 mailto:feedback@leetcode.com?subject=Other%20Inquiries&body=Name:%0D%0A%0D%0AUsername:%0D%0A%0D%0AMessage:%0D%0A%0D%0A
undefined
