var links = document.getElementsByTagName('a');
var all_links =  Array.prototype.slice.call(links);
all_links.forEach(function(val){
    console.log(val.href);
});
common-libs.ef23ff10d.js:149 https://leetcode.com/
common-libs.ef23ff10d.js:149 https://leetcode.com/subscribe/
common-libs.ef23ff10d.js:149 https://leetcode.com/explore/
common-libs.ef23ff10d.js:149 https://leetcode.com/problemset/all/
common-libs.ef23ff10d.js:149 https://leetcode.com/interview/
common-libs.ef23ff10d.js:149 https://leetcode.com/contest/
common-libs.ef23ff10d.js:149 https://leetcode.com/articles/
common-libs.ef23ff10d.js:149 https://leetcode.com/discuss/
common-libs.ef23ff10d.js:149 https://leetcode.com/playground/
common-libs.ef23ff10d.js:149 https://leetcode.com/tag/binary-search/#
common-libs.ef23ff10d.js:149 https://leetcode.com/store/
common-libs.ef23ff10d.js:149 https://leetcode.com/subscribe/
common-libs.ef23ff10d.js:149 https://leetcode.com/book/
common-libs.ef23ff10d.js:149 https://leetcode.com/subscribe/
common-libs.ef23ff10d.js:149 https://leetcode.com/subscribe
common-libs.ef23ff10d.js:149 https://leetcode.com/problems/median-of-two-sorted-arrays
common-libs.ef23ff10d.js:149 https://leetcode.com/problems/divide-two-integers
common-libs.ef23ff10d.js:149 https://leetcode.com/problems/search-in-rotated-sorted-array
common-libs.ef23ff10d.js:149 https://leetcode.com/problems/find-first-and-last-position-of-element-in-sorted-array
common-libs.ef23ff10d.js:149 https://leetcode.com/problems/search-insert-position
common-libs.ef23ff10d.js:149 https://leetcode.com/problems/powx-n
common-libs.ef23ff10d.js:149 https://leetcode.com/problems/sqrtx
common-libs.ef23ff10d.js:149 https://leetcode.com/problems/search-a-2d-matrix
common-libs.ef23ff10d.js:149 https://leetcode.com/problems/search-in-rotated-sorted-array-ii
common-libs.ef23ff10d.js:149 https://leetcode.com/problems/find-minimum-in-rotated-sorted-array
common-libs.ef23ff10d.js:149 https://leetcode.com/problems/find-minimum-in-rotated-sorted-array-ii
common-libs.ef23ff10d.js:149 https://leetcode.com/problems/find-peak-element
common-libs.ef23ff10d.js:149 https://leetcode.com/problems/two-sum-ii-input-array-is-sorted
common-libs.ef23ff10d.js:149 https://leetcode.com/problems/dungeon-game
common-libs.ef23ff10d.js:149 https://leetcode.com/problems/minimum-size-subarray-sum
common-libs.ef23ff10d.js:149 https://leetcode.com/problems/count-complete-tree-nodes
common-libs.ef23ff10d.js:149 https://leetcode.com/problems/kth-smallest-element-in-a-bst
common-libs.ef23ff10d.js:149 https://leetcode.com/problems/search-a-2d-matrix-ii
common-libs.ef23ff10d.js:149 https://leetcode.com/problems/closest-binary-search-tree-value
common-libs.ef23ff10d.js:149 https://leetcode.com/problems/h-index-ii
common-libs.ef23ff10d.js:149 https://leetcode.com/problems/first-bad-version
common-libs.ef23ff10d.js:149 https://leetcode.com/problems/find-the-duplicate-number
common-libs.ef23ff10d.js:149 https://leetcode.com/problems/longest-increasing-subsequence
common-libs.ef23ff10d.js:149 https://leetcode.com/problems/smallest-rectangle-enclosing-black-pixels
common-libs.ef23ff10d.js:149 https://leetcode.com/problems/count-of-smaller-numbers-after-self
common-libs.ef23ff10d.js:149 https://leetcode.com/problems/count-of-range-sum
common-libs.ef23ff10d.js:149 https://leetcode.com/problems/intersection-of-two-arrays
common-libs.ef23ff10d.js:149 https://leetcode.com/problems/intersection-of-two-arrays-ii
common-libs.ef23ff10d.js:149 https://leetcode.com/problems/data-stream-as-disjoint-intervals
common-libs.ef23ff10d.js:149 https://leetcode.com/problems/russian-doll-envelopes
common-libs.ef23ff10d.js:149 https://leetcode.com/problems/max-sum-of-rectangle-no-larger-than-k
common-libs.ef23ff10d.js:149 https://leetcode.com/problems/valid-perfect-square
common-libs.ef23ff10d.js:149 https://leetcode.com/problems/guess-number-higher-or-lower
common-libs.ef23ff10d.js:149 https://leetcode.com/problems/kth-smallest-element-in-a-sorted-matrix
common-libs.ef23ff10d.js:149 https://leetcode.com/problems/is-subsequence
common-libs.ef23ff10d.js:149 https://leetcode.com/problems/split-array-largest-sum
common-libs.ef23ff10d.js:149 https://leetcode.com/problems/find-right-interval
common-libs.ef23ff10d.js:149 https://leetcode.com/problems/arranging-coins
common-libs.ef23ff10d.js:149 https://leetcode.com/problems/4sum-ii
common-libs.ef23ff10d.js:149 https://leetcode.com/problems/heaters
common-libs.ef23ff10d.js:149 https://leetcode.com/problems/smallest-good-base
common-libs.ef23ff10d.js:149 https://leetcode.com/problems/reverse-pairs
common-libs.ef23ff10d.js:149 https://leetcode.com/problems/maximum-average-subarray-ii
common-libs.ef23ff10d.js:149 https://leetcode.com/problems/find-k-closest-elements
common-libs.ef23ff10d.js:149 https://leetcode.com/problems/kth-smallest-number-in-multiplication-table
common-libs.ef23ff10d.js:149 https://leetcode.com/problems/maximum-length-of-repeated-subarray
common-libs.ef23ff10d.js:149 https://leetcode.com/problems/find-k-th-smallest-pair-distance
common-libs.ef23ff10d.js:149 https://leetcode.com/problems/find-smallest-letter-greater-than-target
common-libs.ef23ff10d.js:149 https://leetcode.com/problems/search-in-a-sorted-array-of-unknown-size
common-libs.ef23ff10d.js:149 https://leetcode.com/problems/minimize-max-distance-to-gas-station
common-libs.ef23ff10d.js:149 https://leetcode.com/problems/binary-search
common-libs.ef23ff10d.js:149 https://leetcode.com/problems/swim-in-rising-water
common-libs.ef23ff10d.js:149 https://leetcode.com/problems/k-th-smallest-prime-fraction
common-libs.ef23ff10d.js:149 https://leetcode.com/problems/preimage-size-of-factorial-zeroes-function
common-libs.ef23ff10d.js:149 https://leetcode.com/problems/peak-index-in-a-mountain-array
common-libs.ef23ff10d.js:149 https://leetcode.com/problems/shortest-subarray-with-sum-at-least-k
common-libs.ef23ff10d.js:149 https://leetcode.com/problems/random-pick-with-blacklist
common-libs.ef23ff10d.js:149 https://leetcode.com/problems/koko-eating-bananas
common-libs.ef23ff10d.js:149 https://leetcode.com/problems/nth-magical-number
common-libs.ef23ff10d.js:149 https://leetcode.com/problems/random-pick-with-weight
common-libs.ef23ff10d.js:149 https://leetcode.com/problems/random-point-in-non-overlapping-rectangles
common-libs.ef23ff10d.js:149 https://leetcode.com/problems/super-egg-drop
common-libs.ef23ff10d.js:149 https://leetcode.com/problems/online-election
common-libs.ef23ff10d.js:149 https://leetcode.com/problems/three-equal-parts
common-libs.ef23ff10d.js:149 https://leetcode.com/problems/time-based-key-value-store
common-libs.ef23ff10d.js:149 https://leetcode.com/problems/capacity-to-ship-packages-within-d-days
common-libs.ef23ff10d.js:149 https://leetcode.com/problems/longest-duplicate-substring
common-libs.ef23ff10d.js:149 https://leetcode.com/support/
common-libs.ef23ff10d.js:149 https://leetcode.com/jobs/
common-libs.ef23ff10d.js:149 https://leetcode.com/bugbounty/
common-libs.ef23ff10d.js:149 https://leetcode.com/terms/
common-libs.ef23ff10d.js:149 https://leetcode.com/privacy/
common-libs.ef23ff10d.js:149 https://leetcode.com/region/
common-libs.ef23ff10d.js:149 mailto:billing@leetcode.com?subject=Billing%20Issue&body=Name:%0D%0A%0D%0AUsername:%0D%0A%0D%0AMessage:%0D%0A%0D%0A
common-libs.ef23ff10d.js:149 mailto:support@leetcode.com?subject=General%20Support&body=Name:%0D%0A%0D%0AUsername:%0D%0A%0D%0AMessage:%0D%0A%0D%0A
common-libs.ef23ff10d.js:149 mailto:feedback@leetcode.com?subject=Other%20Inquiries&body=Name:%0D%0A%0D%0AUsername:%0D%0A%0D%0AMessage:%0D%0A%0D%0A
undefined
