var links = document.getElementsByTagName('a');
var all_links =  Array.prototype.slice.call(links);
all_links.forEach(function(val){
    console.log(val.href);
});
common-libs.ef23ff10d.js:149 https://leetcode.com/
common-libs.ef23ff10d.js:149 https://leetcode.com/subscribe/
common-libs.ef23ff10d.js:149 https://leetcode.com/explore/
common-libs.ef23ff10d.js:149 https://leetcode.com/problemset/all/
common-libs.ef23ff10d.js:149 https://leetcode.com/interview/
common-libs.ef23ff10d.js:149 https://leetcode.com/contest/
common-libs.ef23ff10d.js:149 https://leetcode.com/articles/
common-libs.ef23ff10d.js:149 https://leetcode.com/discuss/
common-libs.ef23ff10d.js:149 https://leetcode.com/playground/
common-libs.ef23ff10d.js:149 https://leetcode.com/tag/two-pointers/#
common-libs.ef23ff10d.js:149 https://leetcode.com/store/
common-libs.ef23ff10d.js:149 https://leetcode.com/subscribe/
common-libs.ef23ff10d.js:149 https://leetcode.com/book/
common-libs.ef23ff10d.js:149 https://leetcode.com/subscribe/
common-libs.ef23ff10d.js:149 https://leetcode.com/subscribe
common-libs.ef23ff10d.js:149 https://leetcode.com/problems/longest-substring-without-repeating-characters
common-libs.ef23ff10d.js:149 https://leetcode.com/problems/container-with-most-water
common-libs.ef23ff10d.js:149 https://leetcode.com/problems/3sum
common-libs.ef23ff10d.js:149 https://leetcode.com/problems/3sum-closest
common-libs.ef23ff10d.js:149 https://leetcode.com/problems/4sum
common-libs.ef23ff10d.js:149 https://leetcode.com/problems/remove-nth-node-from-end-of-list
common-libs.ef23ff10d.js:149 https://leetcode.com/problems/remove-duplicates-from-sorted-array
common-libs.ef23ff10d.js:149 https://leetcode.com/problems/remove-element
common-libs.ef23ff10d.js:149 https://leetcode.com/problems/implement-strstr
common-libs.ef23ff10d.js:149 https://leetcode.com/problems/substring-with-concatenation-of-all-words
common-libs.ef23ff10d.js:149 https://leetcode.com/problems/trapping-rain-water
common-libs.ef23ff10d.js:149 https://leetcode.com/problems/rotate-list
common-libs.ef23ff10d.js:149 https://leetcode.com/problems/sort-colors
common-libs.ef23ff10d.js:149 https://leetcode.com/problems/minimum-window-substring
common-libs.ef23ff10d.js:149 https://leetcode.com/problems/remove-duplicates-from-sorted-array-ii
common-libs.ef23ff10d.js:149 https://leetcode.com/problems/partition-list
common-libs.ef23ff10d.js:149 https://leetcode.com/problems/merge-sorted-array
common-libs.ef23ff10d.js:149 https://leetcode.com/problems/valid-palindrome
common-libs.ef23ff10d.js:149 https://leetcode.com/problems/linked-list-cycle
common-libs.ef23ff10d.js:149 https://leetcode.com/problems/linked-list-cycle-ii
common-libs.ef23ff10d.js:149 https://leetcode.com/problems/longest-substring-with-at-most-two-distinct-characters
common-libs.ef23ff10d.js:149 https://leetcode.com/problems/two-sum-ii-input-array-is-sorted
common-libs.ef23ff10d.js:149 https://leetcode.com/problems/minimum-size-subarray-sum
common-libs.ef23ff10d.js:149 https://leetcode.com/problems/palindrome-linked-list
common-libs.ef23ff10d.js:149 https://leetcode.com/problems/3sum-smaller
common-libs.ef23ff10d.js:149 https://leetcode.com/problems/move-zeroes
common-libs.ef23ff10d.js:149 https://leetcode.com/problems/find-the-duplicate-number
common-libs.ef23ff10d.js:149 https://leetcode.com/problems/reverse-string
common-libs.ef23ff10d.js:149 https://leetcode.com/problems/reverse-vowels-of-a-string
common-libs.ef23ff10d.js:149 https://leetcode.com/problems/intersection-of-two-arrays
common-libs.ef23ff10d.js:149 https://leetcode.com/problems/intersection-of-two-arrays-ii
common-libs.ef23ff10d.js:149 https://leetcode.com/problems/sort-transformed-array
common-libs.ef23ff10d.js:149 https://leetcode.com/problems/longest-repeating-character-replacement
common-libs.ef23ff10d.js:149 https://leetcode.com/problems/circular-array-loop
common-libs.ef23ff10d.js:149 https://leetcode.com/problems/max-consecutive-ones-ii
common-libs.ef23ff10d.js:149 https://leetcode.com/problems/longest-word-in-dictionary-through-deleting
common-libs.ef23ff10d.js:149 https://leetcode.com/problems/k-diff-pairs-in-an-array
common-libs.ef23ff10d.js:149 https://leetcode.com/problems/permutation-in-string
common-libs.ef23ff10d.js:149 https://leetcode.com/problems/smallest-range
common-libs.ef23ff10d.js:149 https://leetcode.com/problems/subarray-product-less-than-k
common-libs.ef23ff10d.js:149 https://leetcode.com/problems/candy-crush
common-libs.ef23ff10d.js:149 https://leetcode.com/problems/partition-labels
common-libs.ef23ff10d.js:149 https://leetcode.com/problems/most-profit-assigning-work
common-libs.ef23ff10d.js:149 https://leetcode.com/problems/unique-letter-string
common-libs.ef23ff10d.js:149 https://leetcode.com/problems/push-dominoes
common-libs.ef23ff10d.js:149 https://leetcode.com/problems/backspace-string-compare
common-libs.ef23ff10d.js:149 https://leetcode.com/problems/longest-mountain-in-array
common-libs.ef23ff10d.js:149 https://leetcode.com/problems/boats-to-save-people
common-libs.ef23ff10d.js:149 https://leetcode.com/problems/fruit-into-baskets
common-libs.ef23ff10d.js:149 https://leetcode.com/problems/3sum-with-multiplicity
common-libs.ef23ff10d.js:149 https://leetcode.com/problems/long-pressed-name
common-libs.ef23ff10d.js:149 https://leetcode.com/problems/binary-subarrays-with-sum
common-libs.ef23ff10d.js:149 https://leetcode.com/problems/squares-of-a-sorted-array
common-libs.ef23ff10d.js:149 https://leetcode.com/problems/interval-list-intersections
common-libs.ef23ff10d.js:149 https://leetcode.com/problems/subarrays-with-k-different-integers
common-libs.ef23ff10d.js:149 https://leetcode.com/problems/max-consecutive-ones-iii
common-libs.ef23ff10d.js:149 https://leetcode.com/support/
common-libs.ef23ff10d.js:149 https://leetcode.com/jobs/
common-libs.ef23ff10d.js:149 https://leetcode.com/bugbounty/
common-libs.ef23ff10d.js:149 https://leetcode.com/terms/
common-libs.ef23ff10d.js:149 https://leetcode.com/privacy/
common-libs.ef23ff10d.js:149 https://leetcode.com/region/
common-libs.ef23ff10d.js:149 mailto:billing@leetcode.com?subject=Billing%20Issue&body=Name:%0D%0A%0D%0AUsername:%0D%0A%0D%0AMessage:%0D%0A%0D%0A
common-libs.ef23ff10d.js:149 mailto:support@leetcode.com?subject=General%20Support&body=Name:%0D%0A%0D%0AUsername:%0D%0A%0D%0AMessage:%0D%0A%0D%0A
common-libs.ef23ff10d.js:149 mailto:feedback@leetcode.com?subject=Other%20Inquiries&body=Name:%0D%0A%0D%0AUsername:%0D%0A%0D%0AMessage:%0D%0A%0D%0A
undefined
