var links = document.getElementsByTagName('a');
var all_links =  Array.prototype.slice.call(links);
all_links.forEach(function(val){
    console.log(val.href);
});
common-libs.ef23ff10d.js:149 
common-libs.ef23ff10d.js:149 
common-libs.ef23ff10d.js:149 https://leetcode.com/company/google/#
common-libs.ef23ff10d.js:149 https://leetcode.com/
common-libs.ef23ff10d.js:149 https://leetcode.com/explore/
common-libs.ef23ff10d.js:149 https://leetcode.com/problemset/all/
common-libs.ef23ff10d.js:149 https://leetcode.com/interview/
common-libs.ef23ff10d.js:149 https://leetcode.com/contest/
common-libs.ef23ff10d.js:149 https://leetcode.com/articles/
common-libs.ef23ff10d.js:149 https://leetcode.com/discuss/
common-libs.ef23ff10d.js:149 https://leetcode.com/playground/
common-libs.ef23ff10d.js:149 https://leetcode.com/company/google/#
common-libs.ef23ff10d.js:149 https://leetcode.com/store/
common-libs.ef23ff10d.js:149 https://leetcode.com/subscribe/
common-libs.ef23ff10d.js:149 https://leetcode.com/book/
common-libs.ef23ff10d.js:149 https://leetcode.com/problems/two-sum
common-libs.ef23ff10d.js:149 https://leetcode.com/problems/add-two-numbers
common-libs.ef23ff10d.js:149 https://leetcode.com/problems/longest-substring-without-repeating-characters
common-libs.ef23ff10d.js:149 https://leetcode.com/problems/median-of-two-sorted-arrays
common-libs.ef23ff10d.js:149 https://leetcode.com/problems/longest-palindromic-substring
common-libs.ef23ff10d.js:149 https://leetcode.com/problems/zigzag-conversion
common-libs.ef23ff10d.js:149 https://leetcode.com/problems/reverse-integer
common-libs.ef23ff10d.js:149 https://leetcode.com/problems/string-to-integer-atoi
common-libs.ef23ff10d.js:149 https://leetcode.com/problems/palindrome-number
common-libs.ef23ff10d.js:149 https://leetcode.com/problems/regular-expression-matching
common-libs.ef23ff10d.js:149 https://leetcode.com/problems/container-with-most-water
common-libs.ef23ff10d.js:149 https://leetcode.com/problems/integer-to-roman
common-libs.ef23ff10d.js:149 https://leetcode.com/problems/roman-to-integer
common-libs.ef23ff10d.js:149 https://leetcode.com/problems/longest-common-prefix
common-libs.ef23ff10d.js:149 https://leetcode.com/problems/3sum
common-libs.ef23ff10d.js:149 https://leetcode.com/problems/3sum-closest
common-libs.ef23ff10d.js:149 https://leetcode.com/problems/letter-combinations-of-a-phone-number
common-libs.ef23ff10d.js:149 https://leetcode.com/problems/4sum
common-libs.ef23ff10d.js:149 https://leetcode.com/problems/remove-nth-node-from-end-of-list
common-libs.ef23ff10d.js:149 https://leetcode.com/problems/valid-parentheses
common-libs.ef23ff10d.js:149 https://leetcode.com/problems/merge-two-sorted-lists
common-libs.ef23ff10d.js:149 https://leetcode.com/problems/generate-parentheses
common-libs.ef23ff10d.js:149 https://leetcode.com/problems/merge-k-sorted-lists
common-libs.ef23ff10d.js:149 https://leetcode.com/problems/swap-nodes-in-pairs
common-libs.ef23ff10d.js:149 https://leetcode.com/problems/remove-duplicates-from-sorted-array
common-libs.ef23ff10d.js:149 https://leetcode.com/problems/remove-element
common-libs.ef23ff10d.js:149 https://leetcode.com/problems/implement-strstr
common-libs.ef23ff10d.js:149 https://leetcode.com/problems/divide-two-integers
common-libs.ef23ff10d.js:149 https://leetcode.com/problems/substring-with-concatenation-of-all-words
common-libs.ef23ff10d.js:149 https://leetcode.com/problems/next-permutation
common-libs.ef23ff10d.js:149 https://leetcode.com/problems/longest-valid-parentheses
common-libs.ef23ff10d.js:149 https://leetcode.com/problems/search-in-rotated-sorted-array
common-libs.ef23ff10d.js:149 https://leetcode.com/problems/find-first-and-last-position-of-element-in-sorted-array
common-libs.ef23ff10d.js:149 https://leetcode.com/problems/search-insert-position
common-libs.ef23ff10d.js:149 https://leetcode.com/problems/valid-sudoku
common-libs.ef23ff10d.js:149 https://leetcode.com/problems/sudoku-solver
common-libs.ef23ff10d.js:149 https://leetcode.com/problems/count-and-say
common-libs.ef23ff10d.js:149 https://leetcode.com/problems/first-missing-positive
common-libs.ef23ff10d.js:149 https://leetcode.com/problems/trapping-rain-water
common-libs.ef23ff10d.js:149 https://leetcode.com/problems/multiply-strings
common-libs.ef23ff10d.js:149 https://leetcode.com/problems/wildcard-matching
common-libs.ef23ff10d.js:149 https://leetcode.com/problems/jump-game-ii
common-libs.ef23ff10d.js:149 https://leetcode.com/problems/permutations
common-libs.ef23ff10d.js:149 https://leetcode.com/problems/rotate-image
common-libs.ef23ff10d.js:149 https://leetcode.com/problems/group-anagrams
common-libs.ef23ff10d.js:149 https://leetcode.com/problems/powx-n
common-libs.ef23ff10d.js:149 https://leetcode.com/problems/maximum-subarray
common-libs.ef23ff10d.js:149 https://leetcode.com/problems/spiral-matrix
common-libs.ef23ff10d.js:149 https://leetcode.com/problems/jump-game
common-libs.ef23ff10d.js:149 https://leetcode.com/problems/merge-intervals
common-libs.ef23ff10d.js:149 https://leetcode.com/problems/insert-interval
common-libs.ef23ff10d.js:149 https://leetcode.com/problems/unique-paths
common-libs.ef23ff10d.js:149 https://leetcode.com/problems/unique-paths-ii
common-libs.ef23ff10d.js:149 https://leetcode.com/problems/minimum-path-sum
common-libs.ef23ff10d.js:149 https://leetcode.com/problems/valid-number
common-libs.ef23ff10d.js:149 https://leetcode.com/problems/plus-one
common-libs.ef23ff10d.js:149 https://leetcode.com/problems/text-justification
common-libs.ef23ff10d.js:149 https://leetcode.com/problems/sqrtx
common-libs.ef23ff10d.js:149 https://leetcode.com/problems/climbing-stairs
common-libs.ef23ff10d.js:149 https://leetcode.com/problems/edit-distance
common-libs.ef23ff10d.js:149 https://leetcode.com/problems/search-a-2d-matrix
common-libs.ef23ff10d.js:149 https://leetcode.com/problems/minimum-window-substring
common-libs.ef23ff10d.js:149 https://leetcode.com/problems/subsets
common-libs.ef23ff10d.js:149 https://leetcode.com/problems/word-search
common-libs.ef23ff10d.js:149 https://leetcode.com/problems/search-in-rotated-sorted-array-ii
common-libs.ef23ff10d.js:149 https://leetcode.com/problems/remove-duplicates-from-sorted-list-ii
common-libs.ef23ff10d.js:149 https://leetcode.com/problems/remove-duplicates-from-sorted-list
common-libs.ef23ff10d.js:149 https://leetcode.com/problems/largest-rectangle-in-histogram
common-libs.ef23ff10d.js:149 https://leetcode.com/problems/maximal-rectangle
common-libs.ef23ff10d.js:149 https://leetcode.com/problems/scramble-string
common-libs.ef23ff10d.js:149 https://leetcode.com/problems/decode-ways
common-libs.ef23ff10d.js:149 https://leetcode.com/problems/reverse-linked-list-ii
common-libs.ef23ff10d.js:149 https://leetcode.com/problems/binary-tree-inorder-traversal
common-libs.ef23ff10d.js:149 https://leetcode.com/problems/validate-binary-search-tree
common-libs.ef23ff10d.js:149 https://leetcode.com/problems/recover-binary-search-tree
common-libs.ef23ff10d.js:149 https://leetcode.com/problems/same-tree
common-libs.ef23ff10d.js:149 https://leetcode.com/problems/symmetric-tree
common-libs.ef23ff10d.js:149 https://leetcode.com/problems/binary-tree-level-order-traversal
common-libs.ef23ff10d.js:149 https://leetcode.com/problems/binary-tree-zigzag-level-order-traversal
common-libs.ef23ff10d.js:149 https://leetcode.com/problems/maximum-depth-of-binary-tree
common-libs.ef23ff10d.js:149 https://leetcode.com/problems/construct-binary-tree-from-preorder-and-inorder-traversal
common-libs.ef23ff10d.js:149 https://leetcode.com/problems/convert-sorted-array-to-binary-search-tree
common-libs.ef23ff10d.js:149 https://leetcode.com/problems/convert-sorted-list-to-binary-search-tree
common-libs.ef23ff10d.js:149 https://leetcode.com/problems/balanced-binary-tree
common-libs.ef23ff10d.js:149 https://leetcode.com/problems/populating-next-right-pointers-in-each-node
common-libs.ef23ff10d.js:149 https://leetcode.com/problems/triangle
common-libs.ef23ff10d.js:149 https://leetcode.com/problems/best-time-to-buy-and-sell-stock
common-libs.ef23ff10d.js:149 https://leetcode.com/problems/best-time-to-buy-and-sell-stock-ii
common-libs.ef23ff10d.js:149 https://leetcode.com/problems/binary-tree-maximum-path-sum
common-libs.ef23ff10d.js:149 https://leetcode.com/problems/valid-palindrome
common-libs.ef23ff10d.js:149 https://leetcode.com/problems/word-ladder-ii
common-libs.ef23ff10d.js:149 https://leetcode.com/problems/word-ladder
common-libs.ef23ff10d.js:149 https://leetcode.com/problems/longest-consecutive-sequence
common-libs.ef23ff10d.js:149 https://leetcode.com/problems/sum-root-to-leaf-numbers
common-libs.ef23ff10d.js:149 https://leetcode.com/problems/palindrome-partitioning-ii
common-libs.ef23ff10d.js:149 https://leetcode.com/problems/clone-graph
common-libs.ef23ff10d.js:149 https://leetcode.com/problems/gas-station
common-libs.ef23ff10d.js:149 https://leetcode.com/problems/candy
common-libs.ef23ff10d.js:149 https://leetcode.com/problems/single-number
common-libs.ef23ff10d.js:149 https://leetcode.com/problems/single-number-ii
common-libs.ef23ff10d.js:149 https://leetcode.com/problems/copy-list-with-random-pointer
common-libs.ef23ff10d.js:149 https://leetcode.com/problems/word-break
common-libs.ef23ff10d.js:149 https://leetcode.com/problems/word-break-ii
common-libs.ef23ff10d.js:149 https://leetcode.com/problems/linked-list-cycle
common-libs.ef23ff10d.js:149 https://leetcode.com/problems/binary-tree-preorder-traversal
common-libs.ef23ff10d.js:149 https://leetcode.com/problems/lru-cache
common-libs.ef23ff10d.js:149 https://leetcode.com/problems/sort-list
common-libs.ef23ff10d.js:149 https://leetcode.com/problems/max-points-on-a-line
common-libs.ef23ff10d.js:149 https://leetcode.com/problems/evaluate-reverse-polish-notation
common-libs.ef23ff10d.js:149 https://leetcode.com/problems/reverse-words-in-a-string
common-libs.ef23ff10d.js:149 https://leetcode.com/problems/maximum-product-subarray
common-libs.ef23ff10d.js:149 https://leetcode.com/problems/find-minimum-in-rotated-sorted-array
common-libs.ef23ff10d.js:149 https://leetcode.com/problems/find-minimum-in-rotated-sorted-array-ii
common-libs.ef23ff10d.js:149 https://leetcode.com/problems/min-stack
common-libs.ef23ff10d.js:149 https://leetcode.com/problems/binary-tree-upside-down
common-libs.ef23ff10d.js:149 https://leetcode.com/problems/read-n-characters-given-read4
common-libs.ef23ff10d.js:149 https://leetcode.com/problems/read-n-characters-given-read4-ii-call-multiple-times
common-libs.ef23ff10d.js:149 https://leetcode.com/problems/longest-substring-with-at-most-two-distinct-characters
common-libs.ef23ff10d.js:149 https://leetcode.com/problems/one-edit-distance
common-libs.ef23ff10d.js:149 https://leetcode.com/problems/find-peak-element
common-libs.ef23ff10d.js:149 https://leetcode.com/problems/missing-ranges
common-libs.ef23ff10d.js:149 https://leetcode.com/problems/compare-version-numbers
common-libs.ef23ff10d.js:149 https://leetcode.com/problems/fraction-to-recurring-decimal
common-libs.ef23ff10d.js:149 https://leetcode.com/problems/two-sum-ii-input-array-is-sorted
common-libs.ef23ff10d.js:149 https://leetcode.com/problems/majority-element
common-libs.ef23ff10d.js:149 https://leetcode.com/problems/excel-sheet-column-number
common-libs.ef23ff10d.js:149 https://leetcode.com/problems/binary-search-tree-iterator
common-libs.ef23ff10d.js:149 https://leetcode.com/problems/combine-two-tables
common-libs.ef23ff10d.js:149 https://leetcode.com/problems/second-highest-salary
common-libs.ef23ff10d.js:149 https://leetcode.com/problems/department-top-three-salaries
common-libs.ef23ff10d.js:149 https://leetcode.com/problems/repeated-dna-sequences
common-libs.ef23ff10d.js:149 https://leetcode.com/problems/number-of-1-bits
common-libs.ef23ff10d.js:149 https://leetcode.com/problems/valid-phone-numbers
common-libs.ef23ff10d.js:149 https://leetcode.com/problems/house-robber
common-libs.ef23ff10d.js:149 https://leetcode.com/problems/binary-tree-right-side-view
common-libs.ef23ff10d.js:149 https://leetcode.com/problems/number-of-islands
common-libs.ef23ff10d.js:149 https://leetcode.com/problems/happy-number
common-libs.ef23ff10d.js:149 https://leetcode.com/problems/remove-linked-list-elements
common-libs.ef23ff10d.js:149 https://leetcode.com/problems/count-primes
common-libs.ef23ff10d.js:149 https://leetcode.com/problems/isomorphic-strings
common-libs.ef23ff10d.js:149 https://leetcode.com/problems/reverse-linked-list
common-libs.ef23ff10d.js:149 https://leetcode.com/problems/course-schedule
common-libs.ef23ff10d.js:149 https://leetcode.com/problems/implement-trie-prefix-tree
common-libs.ef23ff10d.js:149 https://leetcode.com/problems/minimum-size-subarray-sum
common-libs.ef23ff10d.js:149 https://leetcode.com/problems/course-schedule-ii
common-libs.ef23ff10d.js:149 https://leetcode.com/problems/add-and-search-word-data-structure-design
common-libs.ef23ff10d.js:149 https://leetcode.com/problems/word-search-ii
common-libs.ef23ff10d.js:149 https://leetcode.com/problems/house-robber-ii
common-libs.ef23ff10d.js:149 https://leetcode.com/problems/kth-largest-element-in-an-array
common-libs.ef23ff10d.js:149 https://leetcode.com/problems/the-skyline-problem
common-libs.ef23ff10d.js:149 https://leetcode.com/problems/maximal-square
common-libs.ef23ff10d.js:149 https://leetcode.com/problems/count-complete-tree-nodes
common-libs.ef23ff10d.js:149 https://leetcode.com/problems/basic-calculator
common-libs.ef23ff10d.js:149 https://leetcode.com/problems/invert-binary-tree
common-libs.ef23ff10d.js:149 https://leetcode.com/problems/majority-element-ii
common-libs.ef23ff10d.js:149 https://leetcode.com/problems/kth-smallest-element-in-a-bst
common-libs.ef23ff10d.js:149 https://leetcode.com/problems/implement-queue-using-stacks
common-libs.ef23ff10d.js:149 https://leetcode.com/problems/lowest-common-ancestor-of-a-binary-search-tree
common-libs.ef23ff10d.js:149 https://leetcode.com/problems/lowest-common-ancestor-of-a-binary-tree
common-libs.ef23ff10d.js:149 https://leetcode.com/problems/delete-node-in-a-linked-list
common-libs.ef23ff10d.js:149 https://leetcode.com/problems/product-of-array-except-self
common-libs.ef23ff10d.js:149 https://leetcode.com/problems/sliding-window-maximum
common-libs.ef23ff10d.js:149 https://leetcode.com/problems/search-a-2d-matrix-ii
common-libs.ef23ff10d.js:149 https://leetcode.com/problems/valid-anagram
common-libs.ef23ff10d.js:149 https://leetcode.com/problems/shortest-word-distance
common-libs.ef23ff10d.js:149 https://leetcode.com/problems/strobogrammatic-number
common-libs.ef23ff10d.js:149 https://leetcode.com/problems/strobogrammatic-number-ii
common-libs.ef23ff10d.js:149 https://leetcode.com/problems/strobogrammatic-number-iii
common-libs.ef23ff10d.js:149 https://leetcode.com/problems/group-shifted-strings
common-libs.ef23ff10d.js:149 https://leetcode.com/problems/count-univalue-subtrees
common-libs.ef23ff10d.js:149 https://leetcode.com/problems/meeting-rooms-ii
common-libs.ef23ff10d.js:149 https://leetcode.com/problems/3sum-smaller
common-libs.ef23ff10d.js:149 https://leetcode.com/problems/graph-valid-tree
common-libs.ef23ff10d.js:149 https://leetcode.com/problems/ugly-number-ii
common-libs.ef23ff10d.js:149 https://leetcode.com/problems/missing-number
common-libs.ef23ff10d.js:149 https://leetcode.com/problems/alien-dictionary
common-libs.ef23ff10d.js:149 https://leetcode.com/problems/encode-and-decode-strings
common-libs.ef23ff10d.js:149 https://leetcode.com/problems/integer-to-english-words
common-libs.ef23ff10d.js:149 https://leetcode.com/problems/find-the-celebrity
common-libs.ef23ff10d.js:149 https://leetcode.com/problems/first-bad-version
common-libs.ef23ff10d.js:149 https://leetcode.com/problems/perfect-squares
common-libs.ef23ff10d.js:149 https://leetcode.com/problems/wiggle-sort
common-libs.ef23ff10d.js:149 https://leetcode.com/problems/zigzag-iterator
common-libs.ef23ff10d.js:149 https://leetcode.com/problems/expression-add-operators
common-libs.ef23ff10d.js:149 https://leetcode.com/problems/move-zeroes
common-libs.ef23ff10d.js:149 https://leetcode.com/problems/peeking-iterator
common-libs.ef23ff10d.js:149 https://leetcode.com/problems/inorder-successor-in-bst
common-libs.ef23ff10d.js:149 https://leetcode.com/problems/find-the-duplicate-number
common-libs.ef23ff10d.js:149 https://leetcode.com/problems/unique-word-abbreviation
common-libs.ef23ff10d.js:149 https://leetcode.com/problems/game-of-life
common-libs.ef23ff10d.js:149 https://leetcode.com/problems/word-pattern
common-libs.ef23ff10d.js:149 https://leetcode.com/problems/flip-game-ii
common-libs.ef23ff10d.js:149 https://leetcode.com/problems/find-median-from-data-stream
common-libs.ef23ff10d.js:149 https://leetcode.com/problems/best-meeting-point
common-libs.ef23ff10d.js:149 https://leetcode.com/problems/serialize-and-deserialize-binary-tree
common-libs.ef23ff10d.js:149 https://leetcode.com/problems/binary-tree-longest-consecutive-sequence
common-libs.ef23ff10d.js:149 https://leetcode.com/problems/bulls-and-cows
common-libs.ef23ff10d.js:149 https://leetcode.com/problems/longest-increasing-subsequence
common-libs.ef23ff10d.js:149 https://leetcode.com/problems/smallest-rectangle-enclosing-black-pixels
common-libs.ef23ff10d.js:149 https://leetcode.com/problems/range-sum-query-2d-immutable
common-libs.ef23ff10d.js:149 https://leetcode.com/problems/number-of-islands-ii
common-libs.ef23ff10d.js:149 https://leetcode.com/problems/range-sum-query-mutable
common-libs.ef23ff10d.js:149 https://leetcode.com/problems/range-sum-query-2d-mutable
common-libs.ef23ff10d.js:149 https://leetcode.com/problems/best-time-to-buy-and-sell-stock-with-cooldown
common-libs.ef23ff10d.js:149 https://leetcode.com/problems/minimum-height-trees
common-libs.ef23ff10d.js:149 https://leetcode.com/problems/burst-balloons
common-libs.ef23ff10d.js:149 https://leetcode.com/problems/count-of-smaller-numbers-after-self
common-libs.ef23ff10d.js:149 https://leetcode.com/problems/remove-duplicate-letters
common-libs.ef23ff10d.js:149 https://leetcode.com/problems/shortest-distance-from-all-buildings
common-libs.ef23ff10d.js:149 https://leetcode.com/problems/maximum-product-of-word-lengths
common-libs.ef23ff10d.js:149 https://leetcode.com/problems/generalized-abbreviation
common-libs.ef23ff10d.js:149 https://leetcode.com/problems/coin-change
common-libs.ef23ff10d.js:149 https://leetcode.com/problems/longest-increasing-path-in-a-matrix
common-libs.ef23ff10d.js:149 https://leetcode.com/problems/reconstruct-itinerary
common-libs.ef23ff10d.js:149 https://leetcode.com/problems/largest-bst-subtree
common-libs.ef23ff10d.js:149 https://leetcode.com/problems/increasing-triplet-subsequence
common-libs.ef23ff10d.js:149 https://leetcode.com/problems/palindrome-pairs
common-libs.ef23ff10d.js:149 https://leetcode.com/problems/house-robber-iii
common-libs.ef23ff10d.js:149 https://leetcode.com/problems/longest-substring-with-at-most-k-distinct-characters
common-libs.ef23ff10d.js:149 https://leetcode.com/problems/flatten-nested-list-iterator
common-libs.ef23ff10d.js:149 https://leetcode.com/problems/integer-break
common-libs.ef23ff10d.js:149 https://leetcode.com/problems/reverse-string
common-libs.ef23ff10d.js:149 https://leetcode.com/problems/reverse-vowels-of-a-string
common-libs.ef23ff10d.js:149 https://leetcode.com/problems/moving-average-from-data-stream
common-libs.ef23ff10d.js:149 https://leetcode.com/problems/top-k-frequent-elements
common-libs.ef23ff10d.js:149 https://leetcode.com/problems/intersection-of-two-arrays-ii
common-libs.ef23ff10d.js:149 https://leetcode.com/problems/android-unlock-patterns
common-libs.ef23ff10d.js:149 https://leetcode.com/problems/design-snake-game
common-libs.ef23ff10d.js:149 https://leetcode.com/problems/russian-doll-envelopes
common-libs.ef23ff10d.js:149 https://leetcode.com/problems/rearrange-string-k-distance-apart
common-libs.ef23ff10d.js:149 https://leetcode.com/problems/logger-rate-limiter
common-libs.ef23ff10d.js:149 https://leetcode.com/problems/sort-transformed-array
common-libs.ef23ff10d.js:149 https://leetcode.com/problems/bomb-enemy
common-libs.ef23ff10d.js:149 https://leetcode.com/problems/max-sum-of-rectangle-no-larger-than-k
common-libs.ef23ff10d.js:149 https://leetcode.com/problems/find-leaves-of-binary-tree
common-libs.ef23ff10d.js:149 https://leetcode.com/problems/plus-one-linked-list
common-libs.ef23ff10d.js:149 https://leetcode.com/problems/sum-of-two-integers
common-libs.ef23ff10d.js:149 https://leetcode.com/problems/guess-number-higher-or-lower
common-libs.ef23ff10d.js:149 https://leetcode.com/problems/kth-smallest-element-in-a-sorted-matrix
common-libs.ef23ff10d.js:149 https://leetcode.com/problems/design-phone-directory
common-libs.ef23ff10d.js:149 https://leetcode.com/problems/insert-delete-getrandom-o1
common-libs.ef23ff10d.js:149 https://leetcode.com/problems/insert-delete-getrandom-o1-duplicates-allowed
common-libs.ef23ff10d.js:149 https://leetcode.com/problems/lexicographical-numbers
common-libs.ef23ff10d.js:149 https://leetcode.com/problems/longest-absolute-file-path
common-libs.ef23ff10d.js:149 https://leetcode.com/problems/is-subsequence
common-libs.ef23ff10d.js:149 https://leetcode.com/problems/utf-8-validation
common-libs.ef23ff10d.js:149 https://leetcode.com/problems/decode-string
common-libs.ef23ff10d.js:149 https://leetcode.com/problems/random-pick-index
common-libs.ef23ff10d.js:149 https://leetcode.com/problems/evaluate-division
common-libs.ef23ff10d.js:149 https://leetcode.com/problems/sum-of-left-leaves
common-libs.ef23ff10d.js:149 https://leetcode.com/problems/queue-reconstruction-by-height
common-libs.ef23ff10d.js:149 https://leetcode.com/problems/split-array-largest-sum
common-libs.ef23ff10d.js:149 https://leetcode.com/problems/fizz-buzz
common-libs.ef23ff10d.js:149 https://leetcode.com/problems/third-maximum-number
common-libs.ef23ff10d.js:149 https://leetcode.com/problems/add-strings
common-libs.ef23ff10d.js:149 https://leetcode.com/problems/pacific-atlantic-water-flow
common-libs.ef23ff10d.js:149 https://leetcode.com/problems/sentence-screen-fitting
common-libs.ef23ff10d.js:149 https://leetcode.com/problems/word-squares
common-libs.ef23ff10d.js:149 https://leetcode.com/problems/minimum-genetic-mutation
common-libs.ef23ff10d.js:149 https://leetcode.com/problems/find-all-anagrams-in-a-string
common-libs.ef23ff10d.js:149 https://leetcode.com/problems/string-compression
common-libs.ef23ff10d.js:149 https://leetcode.com/problems/sequence-reconstruction
common-libs.ef23ff10d.js:149 https://leetcode.com/problems/find-all-numbers-disappeared-in-an-array
common-libs.ef23ff10d.js:149 https://leetcode.com/problems/delete-node-in-a-bst
common-libs.ef23ff10d.js:149 https://leetcode.com/problems/circular-array-loop
common-libs.ef23ff10d.js:149 https://leetcode.com/problems/repeated-substring-pattern
common-libs.ef23ff10d.js:149 https://leetcode.com/problems/lfu-cache
common-libs.ef23ff10d.js:149 https://leetcode.com/problems/island-perimeter
common-libs.ef23ff10d.js:149 https://leetcode.com/problems/can-i-win
common-libs.ef23ff10d.js:149 https://leetcode.com/problems/optimal-account-balancing
common-libs.ef23ff10d.js:149 https://leetcode.com/problems/encode-string-with-shortest-length
common-libs.ef23ff10d.js:149 https://leetcode.com/problems/heaters
common-libs.ef23ff10d.js:149 https://leetcode.com/problems/number-complement
common-libs.ef23ff10d.js:149 https://leetcode.com/problems/sliding-window-median
common-libs.ef23ff10d.js:149 https://leetcode.com/problems/license-key-formatting
common-libs.ef23ff10d.js:149 https://leetcode.com/problems/find-permutation
common-libs.ef23ff10d.js:149 https://leetcode.com/problems/zuma-game
common-libs.ef23ff10d.js:149 https://leetcode.com/problems/the-maze
common-libs.ef23ff10d.js:149 https://leetcode.com/problems/reverse-pairs
common-libs.ef23ff10d.js:149 https://leetcode.com/problems/diagonal-traverse
common-libs.ef23ff10d.js:149 https://leetcode.com/problems/the-maze-ii
common-libs.ef23ff10d.js:149 https://leetcode.com/problems/inorder-successor-in-bst-ii
common-libs.ef23ff10d.js:149 https://leetcode.com/problems/coin-change-2
common-libs.ef23ff10d.js:149 https://leetcode.com/problems/longest-word-in-dictionary-through-deleting
common-libs.ef23ff10d.js:149 https://leetcode.com/problems/word-abbreviation
common-libs.ef23ff10d.js:149 https://leetcode.com/problems/encode-and-decode-tinyurl
common-libs.ef23ff10d.js:149 https://leetcode.com/problems/single-element-in-a-sorted-array
common-libs.ef23ff10d.js:149 https://leetcode.com/problems/diameter-of-binary-tree
common-libs.ef23ff10d.js:149 https://leetcode.com/problems/output-contest-matches
common-libs.ef23ff10d.js:149 https://leetcode.com/problems/student-attendance-record-ii
common-libs.ef23ff10d.js:149 https://leetcode.com/problems/longest-line-of-consecutive-one-in-matrix
common-libs.ef23ff10d.js:149 https://leetcode.com/problems/find-the-closest-palindrome
common-libs.ef23ff10d.js:149 https://leetcode.com/problems/reshape-the-matrix
common-libs.ef23ff10d.js:149 https://leetcode.com/problems/permutation-in-string
common-libs.ef23ff10d.js:149 https://leetcode.com/problems/subtree-of-another-tree
common-libs.ef23ff10d.js:149 https://leetcode.com/problems/tag-validator
common-libs.ef23ff10d.js:149 https://leetcode.com/problems/big-countries
common-libs.ef23ff10d.js:149 https://leetcode.com/problems/add-bold-tag-in-string
common-libs.ef23ff10d.js:149 https://leetcode.com/problems/task-scheduler
common-libs.ef23ff10d.js:149 https://leetcode.com/problems/design-log-storage-system
common-libs.ef23ff10d.js:149 https://leetcode.com/problems/solve-the-equation
common-libs.ef23ff10d.js:149 https://leetcode.com/problems/design-search-autocomplete-system
common-libs.ef23ff10d.js:149 https://leetcode.com/problems/palindromic-substrings
common-libs.ef23ff10d.js:149 https://leetcode.com/problems/split-array-into-consecutive-subsequences
common-libs.ef23ff10d.js:149 https://leetcode.com/problems/maximum-width-of-binary-tree
common-libs.ef23ff10d.js:149 https://leetcode.com/problems/non-decreasing-array
common-libs.ef23ff10d.js:149 https://leetcode.com/problems/implement-magic-dictionary
common-libs.ef23ff10d.js:149 https://leetcode.com/problems/24-game
common-libs.ef23ff10d.js:149 https://leetcode.com/problems/valid-palindrome-ii
common-libs.ef23ff10d.js:149 https://leetcode.com/problems/next-closest-time
common-libs.ef23ff10d.js:149 https://leetcode.com/problems/k-empty-slots
common-libs.ef23ff10d.js:149 https://leetcode.com/problems/redundant-connection
common-libs.ef23ff10d.js:149 https://leetcode.com/problems/redundant-connection-ii
common-libs.ef23ff10d.js:149 https://leetcode.com/problems/repeated-string-match
common-libs.ef23ff10d.js:149 https://leetcode.com/problems/knight-probability-in-chessboard
common-libs.ef23ff10d.js:149 https://leetcode.com/problems/employee-importance
common-libs.ef23ff10d.js:149 https://leetcode.com/problems/number-of-distinct-islands
common-libs.ef23ff10d.js:149 https://leetcode.com/problems/max-area-of-island
common-libs.ef23ff10d.js:149 https://leetcode.com/problems/remove-comments
common-libs.ef23ff10d.js:149 https://leetcode.com/problems/candy-crush
common-libs.ef23ff10d.js:149 https://leetcode.com/problems/find-pivot-index
common-libs.ef23ff10d.js:149 https://leetcode.com/problems/minimum-window-subsequence
common-libs.ef23ff10d.js:149 https://leetcode.com/problems/my-calendar-i
common-libs.ef23ff10d.js:149 https://leetcode.com/problems/my-calendar-ii
common-libs.ef23ff10d.js:149 https://leetcode.com/problems/my-calendar-iii
common-libs.ef23ff10d.js:149 https://leetcode.com/problems/flood-fill
common-libs.ef23ff10d.js:149 https://leetcode.com/problems/sentence-similarity
common-libs.ef23ff10d.js:149 https://leetcode.com/problems/parse-lisp-expression
common-libs.ef23ff10d.js:149 https://leetcode.com/problems/sentence-similarity-ii
common-libs.ef23ff10d.js:149 https://leetcode.com/problems/daily-temperatures
common-libs.ef23ff10d.js:149 https://leetcode.com/problems/closest-leaf-in-a-binary-tree
common-libs.ef23ff10d.js:149 https://leetcode.com/problems/network-delay-time
common-libs.ef23ff10d.js:149 https://leetcode.com/problems/number-of-corner-rectangles
common-libs.ef23ff10d.js:149 https://leetcode.com/problems/cracking-the-safe
common-libs.ef23ff10d.js:149 https://leetcode.com/problems/convert-binary-search-tree-to-sorted-doubly-linked-list
common-libs.ef23ff10d.js:149 https://leetcode.com/problems/employee-free-time
common-libs.ef23ff10d.js:149 https://leetcode.com/problems/special-binary-string
common-libs.ef23ff10d.js:149 https://leetcode.com/problems/serialize-and-deserialize-n-ary-tree
common-libs.ef23ff10d.js:149 https://leetcode.com/problems/maximum-depth-of-n-ary-tree
common-libs.ef23ff10d.js:149 https://leetcode.com/problems/toeplitz-matrix
common-libs.ef23ff10d.js:149 https://leetcode.com/problems/reorganize-string
common-libs.ef23ff10d.js:149 https://leetcode.com/problems/max-chunks-to-make-sorted-ii
common-libs.ef23ff10d.js:149 https://leetcode.com/problems/basic-calculator-iv
common-libs.ef23ff10d.js:149 https://leetcode.com/problems/jewels-and-stones
common-libs.ef23ff10d.js:149 https://leetcode.com/problems/basic-calculator-iii
common-libs.ef23ff10d.js:149 https://leetcode.com/problems/search-in-a-sorted-array-of-unknown-size
common-libs.ef23ff10d.js:149 https://leetcode.com/problems/sliding-puzzle
common-libs.ef23ff10d.js:149 https://leetcode.com/problems/minimize-max-distance-to-gas-station
common-libs.ef23ff10d.js:149 https://leetcode.com/problems/split-bst
common-libs.ef23ff10d.js:149 https://leetcode.com/problems/swap-adjacent-in-lr-string
common-libs.ef23ff10d.js:149 https://leetcode.com/problems/is-graph-bipartite
common-libs.ef23ff10d.js:149 https://leetcode.com/problems/rotated-digits
common-libs.ef23ff10d.js:149 https://leetcode.com/problems/number-of-matching-subsequences
common-libs.ef23ff10d.js:149 https://leetcode.com/problems/valid-tic-tac-toe-state
common-libs.ef23ff10d.js:149 https://leetcode.com/problems/champagne-tower
common-libs.ef23ff10d.js:149 https://leetcode.com/problems/bricks-falling-when-hit
common-libs.ef23ff10d.js:149 https://leetcode.com/problems/expressive-words
common-libs.ef23ff10d.js:149 https://leetcode.com/problems/subdomain-visit-count
common-libs.ef23ff10d.js:149 https://leetcode.com/problems/linked-list-components
common-libs.ef23ff10d.js:149 https://leetcode.com/problems/race-car
common-libs.ef23ff10d.js:149 https://leetcode.com/problems/design-linked-list
common-libs.ef23ff10d.js:149 https://leetcode.com/problems/shortest-distance-to-a-character
common-libs.ef23ff10d.js:149 https://leetcode.com/problems/insert-into-a-cyclic-sorted-list
common-libs.ef23ff10d.js:149 https://leetcode.com/problems/design-circular-queue
common-libs.ef23ff10d.js:149 https://leetcode.com/problems/find-and-replace-in-string
common-libs.ef23ff10d.js:149 https://leetcode.com/problems/image-overlap
common-libs.ef23ff10d.js:149 https://leetcode.com/problems/robot-room-cleaner
common-libs.ef23ff10d.js:149 https://leetcode.com/problems/rectangle-overlap
common-libs.ef23ff10d.js:149 https://leetcode.com/problems/new-21-game
common-libs.ef23ff10d.js:149 https://leetcode.com/problems/magic-squares-in-grid
common-libs.ef23ff10d.js:149 https://leetcode.com/problems/guess-the-word
common-libs.ef23ff10d.js:149 https://leetcode.com/problems/backspace-string-compare
common-libs.ef23ff10d.js:149 https://leetcode.com/problems/longest-mountain-in-array
common-libs.ef23ff10d.js:149 https://leetcode.com/problems/hand-of-straights
common-libs.ef23ff10d.js:149 https://leetcode.com/problems/maximize-distance-to-closest-person
common-libs.ef23ff10d.js:149 https://leetcode.com/problems/rectangle-area-ii
common-libs.ef23ff10d.js:149 https://leetcode.com/problems/peak-index-in-a-mountain-array
common-libs.ef23ff10d.js:149 https://leetcode.com/problems/car-fleet
common-libs.ef23ff10d.js:149 https://leetcode.com/problems/exam-room
common-libs.ef23ff10d.js:149 https://leetcode.com/problems/minimum-cost-to-hire-k-workers
common-libs.ef23ff10d.js:149 https://leetcode.com/problems/random-pick-with-blacklist
common-libs.ef23ff10d.js:149 https://leetcode.com/problems/stone-game
common-libs.ef23ff10d.js:149 https://leetcode.com/problems/random-pick-with-weight
common-libs.ef23ff10d.js:149 https://leetcode.com/problems/random-point-in-non-overlapping-rectangles
common-libs.ef23ff10d.js:149 https://leetcode.com/problems/find-and-replace-pattern
common-libs.ef23ff10d.js:149 https://leetcode.com/problems/all-possible-full-binary-trees
common-libs.ef23ff10d.js:149 https://leetcode.com/problems/rle-iterator
common-libs.ef23ff10d.js:149 https://leetcode.com/problems/fruit-into-baskets
common-libs.ef23ff10d.js:149 https://leetcode.com/problems/online-election
common-libs.ef23ff10d.js:149 https://leetcode.com/problems/cat-and-mouse
common-libs.ef23ff10d.js:149 https://leetcode.com/problems/x-of-a-kind-in-a-deck-of-cards
common-libs.ef23ff10d.js:149 https://leetcode.com/problems/number-of-music-playlists
common-libs.ef23ff10d.js:149 https://leetcode.com/problems/unique-email-addresses
common-libs.ef23ff10d.js:149 https://leetcode.com/problems/knight-dialer
common-libs.ef23ff10d.js:149 https://leetcode.com/problems/range-sum-of-bst
common-libs.ef23ff10d.js:149 https://leetcode.com/problems/minimum-area-rectangle
common-libs.ef23ff10d.js:149 https://leetcode.com/problems/valid-mountain-array
common-libs.ef23ff10d.js:149 https://leetcode.com/problems/di-string-match
common-libs.ef23ff10d.js:149 https://leetcode.com/problems/find-the-shortest-superstring
common-libs.ef23ff10d.js:149 https://leetcode.com/problems/most-stones-removed-with-same-row-or-column
common-libs.ef23ff10d.js:149 https://leetcode.com/problems/flip-equivalent-binary-trees
common-libs.ef23ff10d.js:149 https://leetcode.com/problems/minimum-area-rectangle-ii
common-libs.ef23ff10d.js:149 https://leetcode.com/problems/binary-tree-cameras
common-libs.ef23ff10d.js:149 https://leetcode.com/problems/k-closest-points-to-origin
common-libs.ef23ff10d.js:149 https://leetcode.com/problems/odd-even-jump
common-libs.ef23ff10d.js:149 https://leetcode.com/problems/squares-of-a-sorted-array
common-libs.ef23ff10d.js:149 https://leetcode.com/problems/distribute-coins-in-binary-tree
common-libs.ef23ff10d.js:149 https://leetcode.com/problems/time-based-key-value-store
common-libs.ef23ff10d.js:149 https://leetcode.com/problems/interval-list-intersections
common-libs.ef23ff10d.js:149 https://leetcode.com/problems/rotting-oranges
common-libs.ef23ff10d.js:149 https://leetcode.com/problems/minimum-domino-rotations-for-equal-row
common-libs.ef23ff10d.js:149 https://leetcode.com/problems/capacity-to-ship-packages-within-d-days
common-libs.ef23ff10d.js:149 https://leetcode.com/support/
common-libs.ef23ff10d.js:149 https://leetcode.com/jobs/
common-libs.ef23ff10d.js:149 https://leetcode.com/bugbounty/
common-libs.ef23ff10d.js:149 https://leetcode.com/terms/
common-libs.ef23ff10d.js:149 https://leetcode.com/privacy/
common-libs.ef23ff10d.js:149 https://leetcode.com/region/
common-libs.ef23ff10d.js:149 mailto:billing@leetcode.com?subject=Billing%20Issue&body=Name:%0D%0A%0D%0AUsername:%0D%0A%0D%0AMessage:%0D%0A%0D%0A
common-libs.ef23ff10d.js:149 mailto:support@leetcode.com?subject=General%20Support&body=Name:%0D%0A%0D%0AUsername:%0D%0A%0D%0AMessage:%0D%0A%0D%0A
common-libs.ef23ff10d.js:149 mailto:feedback@leetcode.com?subject=Other%20Inquiries&body=Name:%0D%0A%0D%0AUsername:%0D%0A%0D%0AMessage:%0D%0A%0D%0A
common-libs.ef23ff10d.js:149 https://leetcode.com/company/google/#
common-libs.ef23ff10d.js:149 https://www.twitter.com/bukketapp
common-libs.ef23ff10d.js:149 mailto:hi@bukketapp.com
undefined
