Unchecked runtime.lastError: The message port closed before a response was received.
Unchecked runtime.lastError: The message port closed before a response was received.
Unchecked runtime.lastError: The message port closed before a response was received.
Unchecked runtime.lastError: The message port closed before a response was received.
Unchecked runtime.lastError: The message port closed before a response was received.
Unchecked runtime.lastError: The message port closed before a response was received.
Unchecked runtime.lastError: The message port closed before a response was received.
Unchecked runtime.lastError: The message port closed before a response was received.
Unchecked runtime.lastError: The message port closed before a response was received.
Unchecked runtime.lastError: The message port closed before a response was received.
Unchecked runtime.lastError: The message port closed before a response was received.
Unchecked runtime.lastError: The message port closed before a response was received.
Unchecked runtime.lastError: The message port closed before a response was received.
Unchecked runtime.lastError: The message port closed before a response was received.
Unchecked runtime.lastError: The message port closed before a response was received.
Unchecked runtime.lastError: The message port closed before a response was received.
Unchecked runtime.lastError: The message port closed before a response was received.
Unchecked runtime.lastError: The message port closed before a response was received.
common-libs.ef23ff10d.js:149 worker error Event undefined undefined
(anonymous) @ common-libs.ef23ff10d.js:149
var links = document.getElementsByTagName('a');
var all_links =  Array.prototype.slice.call(links);
all_links.forEach(function(val){
    console.log(val.href);
});
common-libs.ef23ff10d.js:149 
common-libs.ef23ff10d.js:149 
common-libs.ef23ff10d.js:149 https://leetcode.com/company/amazon/#
common-libs.ef23ff10d.js:149 https://leetcode.com/
common-libs.ef23ff10d.js:149 https://leetcode.com/explore/
common-libs.ef23ff10d.js:149 https://leetcode.com/problemset/all/
common-libs.ef23ff10d.js:149 https://leetcode.com/interview/
common-libs.ef23ff10d.js:149 https://leetcode.com/contest/
common-libs.ef23ff10d.js:149 https://leetcode.com/articles/
common-libs.ef23ff10d.js:149 https://leetcode.com/discuss/
common-libs.ef23ff10d.js:149 https://leetcode.com/playground/
common-libs.ef23ff10d.js:149 https://leetcode.com/company/amazon/#
common-libs.ef23ff10d.js:149 https://leetcode.com/store/
common-libs.ef23ff10d.js:149 https://leetcode.com/subscribe/
common-libs.ef23ff10d.js:149 https://leetcode.com/book/
common-libs.ef23ff10d.js:149 https://leetcode.com/problems/two-sum
common-libs.ef23ff10d.js:149 https://leetcode.com/problems/add-two-numbers
common-libs.ef23ff10d.js:149 https://leetcode.com/problems/longest-substring-without-repeating-characters
common-libs.ef23ff10d.js:149 https://leetcode.com/problems/median-of-two-sorted-arrays
common-libs.ef23ff10d.js:149 https://leetcode.com/problems/longest-palindromic-substring
common-libs.ef23ff10d.js:149 https://leetcode.com/problems/zigzag-conversion
common-libs.ef23ff10d.js:149 https://leetcode.com/problems/reverse-integer
common-libs.ef23ff10d.js:149 https://leetcode.com/problems/string-to-integer-atoi
common-libs.ef23ff10d.js:149 https://leetcode.com/problems/palindrome-number
common-libs.ef23ff10d.js:149 https://leetcode.com/problems/regular-expression-matching
common-libs.ef23ff10d.js:149 https://leetcode.com/problems/container-with-most-water
common-libs.ef23ff10d.js:149 https://leetcode.com/problems/integer-to-roman
common-libs.ef23ff10d.js:149 https://leetcode.com/problems/roman-to-integer
common-libs.ef23ff10d.js:149 https://leetcode.com/problems/longest-common-prefix
common-libs.ef23ff10d.js:149 https://leetcode.com/problems/3sum
common-libs.ef23ff10d.js:149 https://leetcode.com/problems/3sum-closest
common-libs.ef23ff10d.js:149 https://leetcode.com/problems/letter-combinations-of-a-phone-number
common-libs.ef23ff10d.js:149 https://leetcode.com/problems/4sum
common-libs.ef23ff10d.js:149 https://leetcode.com/problems/remove-nth-node-from-end-of-list
common-libs.ef23ff10d.js:149 https://leetcode.com/problems/valid-parentheses
common-libs.ef23ff10d.js:149 https://leetcode.com/problems/merge-two-sorted-lists
common-libs.ef23ff10d.js:149 https://leetcode.com/problems/generate-parentheses
common-libs.ef23ff10d.js:149 https://leetcode.com/problems/merge-k-sorted-lists
common-libs.ef23ff10d.js:149 https://leetcode.com/problems/swap-nodes-in-pairs
common-libs.ef23ff10d.js:149 https://leetcode.com/problems/reverse-nodes-in-k-group
common-libs.ef23ff10d.js:149 https://leetcode.com/problems/remove-duplicates-from-sorted-array
common-libs.ef23ff10d.js:149 https://leetcode.com/problems/remove-element
common-libs.ef23ff10d.js:149 https://leetcode.com/problems/implement-strstr
common-libs.ef23ff10d.js:149 https://leetcode.com/problems/divide-two-integers
common-libs.ef23ff10d.js:149 https://leetcode.com/problems/next-permutation
common-libs.ef23ff10d.js:149 https://leetcode.com/problems/longest-valid-parentheses
common-libs.ef23ff10d.js:149 https://leetcode.com/problems/search-in-rotated-sorted-array
common-libs.ef23ff10d.js:149 https://leetcode.com/problems/find-first-and-last-position-of-element-in-sorted-array
common-libs.ef23ff10d.js:149 https://leetcode.com/problems/search-insert-position
common-libs.ef23ff10d.js:149 https://leetcode.com/problems/valid-sudoku
common-libs.ef23ff10d.js:149 https://leetcode.com/problems/sudoku-solver
common-libs.ef23ff10d.js:149 https://leetcode.com/problems/combination-sum
common-libs.ef23ff10d.js:149 https://leetcode.com/problems/combination-sum-ii
common-libs.ef23ff10d.js:149 https://leetcode.com/problems/first-missing-positive
common-libs.ef23ff10d.js:149 https://leetcode.com/problems/trapping-rain-water
common-libs.ef23ff10d.js:149 https://leetcode.com/problems/multiply-strings
common-libs.ef23ff10d.js:149 https://leetcode.com/problems/wildcard-matching
common-libs.ef23ff10d.js:149 https://leetcode.com/problems/jump-game-ii
common-libs.ef23ff10d.js:149 https://leetcode.com/problems/permutations
common-libs.ef23ff10d.js:149 https://leetcode.com/problems/permutations-ii
common-libs.ef23ff10d.js:149 https://leetcode.com/problems/rotate-image
common-libs.ef23ff10d.js:149 https://leetcode.com/problems/group-anagrams
common-libs.ef23ff10d.js:149 https://leetcode.com/problems/powx-n
common-libs.ef23ff10d.js:149 https://leetcode.com/problems/n-queens
common-libs.ef23ff10d.js:149 https://leetcode.com/problems/maximum-subarray
common-libs.ef23ff10d.js:149 https://leetcode.com/problems/spiral-matrix
common-libs.ef23ff10d.js:149 https://leetcode.com/problems/jump-game
common-libs.ef23ff10d.js:149 https://leetcode.com/problems/merge-intervals
common-libs.ef23ff10d.js:149 https://leetcode.com/problems/insert-interval
common-libs.ef23ff10d.js:149 https://leetcode.com/problems/spiral-matrix-ii
common-libs.ef23ff10d.js:149 https://leetcode.com/problems/rotate-list
common-libs.ef23ff10d.js:149 https://leetcode.com/problems/unique-paths
common-libs.ef23ff10d.js:149 https://leetcode.com/problems/unique-paths-ii
common-libs.ef23ff10d.js:149 https://leetcode.com/problems/minimum-path-sum
common-libs.ef23ff10d.js:149 https://leetcode.com/problems/plus-one
common-libs.ef23ff10d.js:149 https://leetcode.com/problems/text-justification
common-libs.ef23ff10d.js:149 https://leetcode.com/problems/sqrtx
common-libs.ef23ff10d.js:149 https://leetcode.com/problems/climbing-stairs
common-libs.ef23ff10d.js:149 https://leetcode.com/problems/simplify-path
common-libs.ef23ff10d.js:149 https://leetcode.com/problems/edit-distance
common-libs.ef23ff10d.js:149 https://leetcode.com/problems/search-a-2d-matrix
common-libs.ef23ff10d.js:149 https://leetcode.com/problems/sort-colors
common-libs.ef23ff10d.js:149 https://leetcode.com/problems/minimum-window-substring
common-libs.ef23ff10d.js:149 https://leetcode.com/problems/subsets
common-libs.ef23ff10d.js:149 https://leetcode.com/problems/word-search
common-libs.ef23ff10d.js:149 https://leetcode.com/problems/search-in-rotated-sorted-array-ii
common-libs.ef23ff10d.js:149 https://leetcode.com/problems/remove-duplicates-from-sorted-list
common-libs.ef23ff10d.js:149 https://leetcode.com/problems/largest-rectangle-in-histogram
common-libs.ef23ff10d.js:149 https://leetcode.com/problems/maximal-rectangle
common-libs.ef23ff10d.js:149 https://leetcode.com/problems/partition-list
common-libs.ef23ff10d.js:149 https://leetcode.com/problems/merge-sorted-array
common-libs.ef23ff10d.js:149 https://leetcode.com/problems/subsets-ii
common-libs.ef23ff10d.js:149 https://leetcode.com/problems/decode-ways
common-libs.ef23ff10d.js:149 https://leetcode.com/problems/reverse-linked-list-ii
common-libs.ef23ff10d.js:149 https://leetcode.com/problems/restore-ip-addresses
common-libs.ef23ff10d.js:149 https://leetcode.com/problems/binary-tree-inorder-traversal
common-libs.ef23ff10d.js:149 https://leetcode.com/problems/unique-binary-search-trees-ii
common-libs.ef23ff10d.js:149 https://leetcode.com/problems/unique-binary-search-trees
common-libs.ef23ff10d.js:149 https://leetcode.com/problems/interleaving-string
common-libs.ef23ff10d.js:149 https://leetcode.com/problems/validate-binary-search-tree
common-libs.ef23ff10d.js:149 https://leetcode.com/problems/recover-binary-search-tree
common-libs.ef23ff10d.js:149 https://leetcode.com/problems/same-tree
common-libs.ef23ff10d.js:149 https://leetcode.com/problems/symmetric-tree
common-libs.ef23ff10d.js:149 https://leetcode.com/problems/binary-tree-level-order-traversal
common-libs.ef23ff10d.js:149 https://leetcode.com/problems/binary-tree-zigzag-level-order-traversal
common-libs.ef23ff10d.js:149 https://leetcode.com/problems/maximum-depth-of-binary-tree
common-libs.ef23ff10d.js:149 https://leetcode.com/problems/construct-binary-tree-from-preorder-and-inorder-traversal
common-libs.ef23ff10d.js:149 https://leetcode.com/problems/construct-binary-tree-from-inorder-and-postorder-traversal
common-libs.ef23ff10d.js:149 https://leetcode.com/problems/convert-sorted-array-to-binary-search-tree
common-libs.ef23ff10d.js:149 https://leetcode.com/problems/balanced-binary-tree
common-libs.ef23ff10d.js:149 https://leetcode.com/problems/minimum-depth-of-binary-tree
common-libs.ef23ff10d.js:149 https://leetcode.com/problems/path-sum
common-libs.ef23ff10d.js:149 https://leetcode.com/problems/path-sum-ii
common-libs.ef23ff10d.js:149 https://leetcode.com/problems/flatten-binary-tree-to-linked-list
common-libs.ef23ff10d.js:149 https://leetcode.com/problems/populating-next-right-pointers-in-each-node
common-libs.ef23ff10d.js:149 https://leetcode.com/problems/populating-next-right-pointers-in-each-node-ii
common-libs.ef23ff10d.js:149 https://leetcode.com/problems/triangle
common-libs.ef23ff10d.js:149 https://leetcode.com/problems/best-time-to-buy-and-sell-stock
common-libs.ef23ff10d.js:149 https://leetcode.com/problems/best-time-to-buy-and-sell-stock-ii
common-libs.ef23ff10d.js:149 https://leetcode.com/problems/binary-tree-maximum-path-sum
common-libs.ef23ff10d.js:149 https://leetcode.com/problems/valid-palindrome
common-libs.ef23ff10d.js:149 https://leetcode.com/problems/word-ladder-ii
common-libs.ef23ff10d.js:149 https://leetcode.com/problems/word-ladder
common-libs.ef23ff10d.js:149 https://leetcode.com/problems/longest-consecutive-sequence
common-libs.ef23ff10d.js:149 https://leetcode.com/problems/sum-root-to-leaf-numbers
common-libs.ef23ff10d.js:149 https://leetcode.com/problems/palindrome-partitioning
common-libs.ef23ff10d.js:149 https://leetcode.com/problems/clone-graph
common-libs.ef23ff10d.js:149 https://leetcode.com/problems/candy
common-libs.ef23ff10d.js:149 https://leetcode.com/problems/single-number
common-libs.ef23ff10d.js:149 https://leetcode.com/problems/copy-list-with-random-pointer
common-libs.ef23ff10d.js:149 https://leetcode.com/problems/word-break
common-libs.ef23ff10d.js:149 https://leetcode.com/problems/word-break-ii
common-libs.ef23ff10d.js:149 https://leetcode.com/problems/linked-list-cycle
common-libs.ef23ff10d.js:149 https://leetcode.com/problems/linked-list-cycle-ii
common-libs.ef23ff10d.js:149 https://leetcode.com/problems/reorder-list
common-libs.ef23ff10d.js:149 https://leetcode.com/problems/binary-tree-postorder-traversal
common-libs.ef23ff10d.js:149 https://leetcode.com/problems/lru-cache
common-libs.ef23ff10d.js:149 https://leetcode.com/problems/max-points-on-a-line
common-libs.ef23ff10d.js:149 https://leetcode.com/problems/evaluate-reverse-polish-notation
common-libs.ef23ff10d.js:149 https://leetcode.com/problems/reverse-words-in-a-string
common-libs.ef23ff10d.js:149 https://leetcode.com/problems/maximum-product-subarray
common-libs.ef23ff10d.js:149 https://leetcode.com/problems/find-minimum-in-rotated-sorted-array
common-libs.ef23ff10d.js:149 https://leetcode.com/problems/min-stack
common-libs.ef23ff10d.js:149 https://leetcode.com/problems/longest-substring-with-at-most-two-distinct-characters
common-libs.ef23ff10d.js:149 https://leetcode.com/problems/intersection-of-two-linked-lists
common-libs.ef23ff10d.js:149 https://leetcode.com/problems/one-edit-distance
common-libs.ef23ff10d.js:149 https://leetcode.com/problems/find-peak-element
common-libs.ef23ff10d.js:149 https://leetcode.com/problems/maximum-gap
common-libs.ef23ff10d.js:149 https://leetcode.com/problems/compare-version-numbers
common-libs.ef23ff10d.js:149 https://leetcode.com/problems/two-sum-ii-input-array-is-sorted
common-libs.ef23ff10d.js:149 https://leetcode.com/problems/majority-element
common-libs.ef23ff10d.js:149 https://leetcode.com/problems/binary-search-tree-iterator
common-libs.ef23ff10d.js:149 https://leetcode.com/problems/dungeon-game
common-libs.ef23ff10d.js:149 https://leetcode.com/problems/combine-two-tables
common-libs.ef23ff10d.js:149 https://leetcode.com/problems/second-highest-salary
common-libs.ef23ff10d.js:149 https://leetcode.com/problems/nth-highest-salary
common-libs.ef23ff10d.js:149 https://leetcode.com/problems/rank-scores
common-libs.ef23ff10d.js:149 https://leetcode.com/problems/largest-number
common-libs.ef23ff10d.js:149 https://leetcode.com/problems/customers-who-never-order
common-libs.ef23ff10d.js:149 https://leetcode.com/problems/department-top-three-salaries
common-libs.ef23ff10d.js:149 https://leetcode.com/problems/best-time-to-buy-and-sell-stock-iv
common-libs.ef23ff10d.js:149 https://leetcode.com/problems/rotate-array
common-libs.ef23ff10d.js:149 https://leetcode.com/problems/reverse-bits
common-libs.ef23ff10d.js:149 https://leetcode.com/problems/word-frequency
common-libs.ef23ff10d.js:149 https://leetcode.com/problems/house-robber
common-libs.ef23ff10d.js:149 https://leetcode.com/problems/binary-tree-right-side-view
common-libs.ef23ff10d.js:149 https://leetcode.com/problems/number-of-islands
common-libs.ef23ff10d.js:149 https://leetcode.com/problems/remove-linked-list-elements
common-libs.ef23ff10d.js:149 https://leetcode.com/problems/reverse-linked-list
common-libs.ef23ff10d.js:149 https://leetcode.com/problems/course-schedule
common-libs.ef23ff10d.js:149 https://leetcode.com/problems/implement-trie-prefix-tree
common-libs.ef23ff10d.js:149 https://leetcode.com/problems/course-schedule-ii
common-libs.ef23ff10d.js:149 https://leetcode.com/problems/add-and-search-word-data-structure-design
common-libs.ef23ff10d.js:149 https://leetcode.com/problems/word-search-ii
common-libs.ef23ff10d.js:149 https://leetcode.com/problems/kth-largest-element-in-an-array
common-libs.ef23ff10d.js:149 https://leetcode.com/problems/contains-duplicate
common-libs.ef23ff10d.js:149 https://leetcode.com/problems/the-skyline-problem
common-libs.ef23ff10d.js:149 https://leetcode.com/problems/maximal-square
common-libs.ef23ff10d.js:149 https://leetcode.com/problems/basic-calculator
common-libs.ef23ff10d.js:149 https://leetcode.com/problems/implement-stack-using-queues
common-libs.ef23ff10d.js:149 https://leetcode.com/problems/invert-binary-tree
common-libs.ef23ff10d.js:149 https://leetcode.com/problems/basic-calculator-ii
common-libs.ef23ff10d.js:149 https://leetcode.com/problems/summary-ranges
common-libs.ef23ff10d.js:149 https://leetcode.com/problems/majority-element-ii
common-libs.ef23ff10d.js:149 https://leetcode.com/problems/kth-smallest-element-in-a-bst
common-libs.ef23ff10d.js:149 https://leetcode.com/problems/power-of-two
common-libs.ef23ff10d.js:149 https://leetcode.com/problems/implement-queue-using-stacks
common-libs.ef23ff10d.js:149 https://leetcode.com/problems/palindrome-linked-list
common-libs.ef23ff10d.js:149 https://leetcode.com/problems/lowest-common-ancestor-of-a-binary-search-tree
common-libs.ef23ff10d.js:149 https://leetcode.com/problems/lowest-common-ancestor-of-a-binary-tree
common-libs.ef23ff10d.js:149 https://leetcode.com/problems/product-of-array-except-self
common-libs.ef23ff10d.js:149 https://leetcode.com/problems/sliding-window-maximum
common-libs.ef23ff10d.js:149 https://leetcode.com/problems/search-a-2d-matrix-ii
common-libs.ef23ff10d.js:149 https://leetcode.com/problems/valid-anagram
common-libs.ef23ff10d.js:149 https://leetcode.com/problems/shortest-word-distance
common-libs.ef23ff10d.js:149 https://leetcode.com/problems/count-univalue-subtrees
common-libs.ef23ff10d.js:149 https://leetcode.com/problems/meeting-rooms
common-libs.ef23ff10d.js:149 https://leetcode.com/problems/meeting-rooms-ii
common-libs.ef23ff10d.js:149 https://leetcode.com/problems/graph-valid-tree
common-libs.ef23ff10d.js:149 https://leetcode.com/problems/palindrome-permutation
common-libs.ef23ff10d.js:149 https://leetcode.com/problems/palindrome-permutation-ii
common-libs.ef23ff10d.js:149 https://leetcode.com/problems/missing-number
common-libs.ef23ff10d.js:149 https://leetcode.com/problems/alien-dictionary
common-libs.ef23ff10d.js:149 https://leetcode.com/problems/closest-binary-search-tree-value
common-libs.ef23ff10d.js:149 https://leetcode.com/problems/closest-binary-search-tree-value-ii
common-libs.ef23ff10d.js:149 https://leetcode.com/problems/integer-to-english-words
common-libs.ef23ff10d.js:149 https://leetcode.com/problems/find-the-celebrity
common-libs.ef23ff10d.js:149 https://leetcode.com/problems/perfect-squares
common-libs.ef23ff10d.js:149 https://leetcode.com/problems/wiggle-sort
common-libs.ef23ff10d.js:149 https://leetcode.com/problems/move-zeroes
common-libs.ef23ff10d.js:149 https://leetcode.com/problems/peeking-iterator
common-libs.ef23ff10d.js:149 https://leetcode.com/problems/inorder-successor-in-bst
common-libs.ef23ff10d.js:149 https://leetcode.com/problems/walls-and-gates
common-libs.ef23ff10d.js:149 https://leetcode.com/problems/find-the-duplicate-number
common-libs.ef23ff10d.js:149 https://leetcode.com/problems/game-of-life
common-libs.ef23ff10d.js:149 https://leetcode.com/problems/word-pattern
common-libs.ef23ff10d.js:149 https://leetcode.com/problems/find-median-from-data-stream
common-libs.ef23ff10d.js:149 https://leetcode.com/problems/serialize-and-deserialize-binary-tree
common-libs.ef23ff10d.js:149 https://leetcode.com/problems/bulls-and-cows
common-libs.ef23ff10d.js:149 https://leetcode.com/problems/longest-increasing-subsequence
common-libs.ef23ff10d.js:149 https://leetcode.com/problems/remove-invalid-parentheses
common-libs.ef23ff10d.js:149 https://leetcode.com/problems/range-sum-query-2d-immutable
common-libs.ef23ff10d.js:149 https://leetcode.com/problems/burst-balloons
common-libs.ef23ff10d.js:149 https://leetcode.com/problems/binary-tree-vertical-order-traversal
common-libs.ef23ff10d.js:149 https://leetcode.com/problems/count-of-smaller-numbers-after-self
common-libs.ef23ff10d.js:149 https://leetcode.com/problems/coin-change
common-libs.ef23ff10d.js:149 https://leetcode.com/problems/number-of-connected-components-in-an-undirected-graph
common-libs.ef23ff10d.js:149 https://leetcode.com/problems/maximum-size-subarray-sum-equals-k
common-libs.ef23ff10d.js:149 https://leetcode.com/problems/odd-even-linked-list
common-libs.ef23ff10d.js:149 https://leetcode.com/problems/longest-increasing-path-in-a-matrix
common-libs.ef23ff10d.js:149 https://leetcode.com/problems/reconstruct-itinerary
common-libs.ef23ff10d.js:149 https://leetcode.com/problems/largest-bst-subtree
common-libs.ef23ff10d.js:149 https://leetcode.com/problems/increasing-triplet-subsequence
common-libs.ef23ff10d.js:149 https://leetcode.com/problems/palindrome-pairs
common-libs.ef23ff10d.js:149 https://leetcode.com/problems/house-robber-iii
common-libs.ef23ff10d.js:149 https://leetcode.com/problems/nested-list-weight-sum
common-libs.ef23ff10d.js:149 https://leetcode.com/problems/longest-substring-with-at-most-k-distinct-characters
common-libs.ef23ff10d.js:149 https://leetcode.com/problems/flatten-nested-list-iterator
common-libs.ef23ff10d.js:149 https://leetcode.com/problems/reverse-string
common-libs.ef23ff10d.js:149 https://leetcode.com/problems/moving-average-from-data-stream
common-libs.ef23ff10d.js:149 https://leetcode.com/problems/top-k-frequent-elements
common-libs.ef23ff10d.js:149 https://leetcode.com/problems/design-tic-tac-toe
common-libs.ef23ff10d.js:149 https://leetcode.com/problems/intersection-of-two-arrays
common-libs.ef23ff10d.js:149 https://leetcode.com/problems/intersection-of-two-arrays-ii
common-libs.ef23ff10d.js:149 https://leetcode.com/problems/design-twitter
common-libs.ef23ff10d.js:149 https://leetcode.com/problems/bomb-enemy
common-libs.ef23ff10d.js:149 https://leetcode.com/problems/design-hit-counter
common-libs.ef23ff10d.js:149 https://leetcode.com/problems/find-leaves-of-binary-tree
common-libs.ef23ff10d.js:149 https://leetcode.com/problems/plus-one-linked-list
common-libs.ef23ff10d.js:149 https://leetcode.com/problems/find-k-pairs-with-smallest-sums
common-libs.ef23ff10d.js:149 https://leetcode.com/problems/kth-smallest-element-in-a-sorted-matrix
common-libs.ef23ff10d.js:149 https://leetcode.com/problems/insert-delete-getrandom-o1
common-libs.ef23ff10d.js:149 https://leetcode.com/problems/shuffle-an-array
common-libs.ef23ff10d.js:149 https://leetcode.com/problems/first-unique-character-in-a-string
common-libs.ef23ff10d.js:149 https://leetcode.com/problems/decode-string
common-libs.ef23ff10d.js:149 https://leetcode.com/problems/integer-replacement
common-libs.ef23ff10d.js:149 https://leetcode.com/problems/evaluate-division
common-libs.ef23ff10d.js:149 https://leetcode.com/problems/remove-k-digits
common-libs.ef23ff10d.js:149 https://leetcode.com/problems/frog-jump
common-libs.ef23ff10d.js:149 https://leetcode.com/problems/sum-of-left-leaves
common-libs.ef23ff10d.js:149 https://leetcode.com/problems/trapping-rain-water-ii
common-libs.ef23ff10d.js:149 https://leetcode.com/problems/longest-palindrome
common-libs.ef23ff10d.js:149 https://leetcode.com/problems/fizz-buzz
common-libs.ef23ff10d.js:149 https://leetcode.com/problems/pacific-atlantic-water-flow
common-libs.ef23ff10d.js:149 https://leetcode.com/problems/battleships-in-a-board
common-libs.ef23ff10d.js:149 https://leetcode.com/problems/all-oone-data-structure
common-libs.ef23ff10d.js:149 https://leetcode.com/problems/path-sum-iii
common-libs.ef23ff10d.js:149 https://leetcode.com/problems/find-all-anagrams-in-a-string
common-libs.ef23ff10d.js:149 https://leetcode.com/problems/find-all-duplicates-in-an-array
common-libs.ef23ff10d.js:149 https://leetcode.com/problems/string-compression
common-libs.ef23ff10d.js:149 https://leetcode.com/problems/add-two-numbers-ii
common-libs.ef23ff10d.js:149 https://leetcode.com/problems/serialize-and-deserialize-bst
common-libs.ef23ff10d.js:149 https://leetcode.com/problems/delete-node-in-a-bst
common-libs.ef23ff10d.js:149 https://leetcode.com/problems/sort-characters-by-frequency
common-libs.ef23ff10d.js:149 https://leetcode.com/problems/lfu-cache
common-libs.ef23ff10d.js:149 https://leetcode.com/problems/island-perimeter
common-libs.ef23ff10d.js:149 https://leetcode.com/problems/validate-ip-address
common-libs.ef23ff10d.js:149 https://leetcode.com/problems/concatenated-words
common-libs.ef23ff10d.js:149 https://leetcode.com/problems/sliding-window-median
common-libs.ef23ff10d.js:149 https://leetcode.com/problems/max-consecutive-ones
common-libs.ef23ff10d.js:149 https://leetcode.com/problems/the-maze
common-libs.ef23ff10d.js:149 https://leetcode.com/problems/next-greater-element-i
common-libs.ef23ff10d.js:149 https://leetcode.com/problems/diagonal-traverse
common-libs.ef23ff10d.js:149 https://leetcode.com/problems/next-greater-element-ii
common-libs.ef23ff10d.js:149 https://leetcode.com/problems/the-maze-ii
common-libs.ef23ff10d.js:149 https://leetcode.com/problems/perfect-number
common-libs.ef23ff10d.js:149 https://leetcode.com/problems/most-frequent-subtree-sum
common-libs.ef23ff10d.js:149 https://leetcode.com/problems/longest-palindromic-subsequence
common-libs.ef23ff10d.js:149 https://leetcode.com/problems/coin-change-2
common-libs.ef23ff10d.js:149 https://leetcode.com/problems/contiguous-array
common-libs.ef23ff10d.js:149 https://leetcode.com/problems/k-diff-pairs-in-an-array
common-libs.ef23ff10d.js:149 https://leetcode.com/problems/encode-and-decode-tinyurl
common-libs.ef23ff10d.js:149 https://leetcode.com/problems/convert-bst-to-greater-tree
common-libs.ef23ff10d.js:149 https://leetcode.com/problems/single-element-in-a-sorted-array
common-libs.ef23ff10d.js:149 https://leetcode.com/problems/diameter-of-binary-tree
common-libs.ef23ff10d.js:149 https://leetcode.com/problems/boundary-of-binary-tree
common-libs.ef23ff10d.js:149 https://leetcode.com/problems/friend-circles
common-libs.ef23ff10d.js:149 https://leetcode.com/problems/next-greater-element-iii
common-libs.ef23ff10d.js:149 https://leetcode.com/problems/subarray-sum-equals-k
common-libs.ef23ff10d.js:149 https://leetcode.com/problems/array-partition-i
common-libs.ef23ff10d.js:149 https://leetcode.com/problems/find-the-closest-palindrome
common-libs.ef23ff10d.js:149 https://leetcode.com/problems/subtree-of-another-tree
common-libs.ef23ff10d.js:149 https://leetcode.com/problems/design-in-memory-file-system
common-libs.ef23ff10d.js:149 https://leetcode.com/problems/big-countries
common-libs.ef23ff10d.js:149 https://leetcode.com/problems/minimum-index-sum-of-two-lists
common-libs.ef23ff10d.js:149 https://leetcode.com/problems/find-duplicate-file-in-system
common-libs.ef23ff10d.js:149 https://leetcode.com/problems/task-scheduler
common-libs.ef23ff10d.js:149 https://leetcode.com/problems/maximum-product-of-three-numbers
common-libs.ef23ff10d.js:149 https://leetcode.com/problems/exclusive-time-of-functions
common-libs.ef23ff10d.js:149 https://leetcode.com/problems/average-of-levels-in-binary-tree
common-libs.ef23ff10d.js:149 https://leetcode.com/problems/solve-the-equation
common-libs.ef23ff10d.js:149 https://leetcode.com/problems/design-search-autocomplete-system
common-libs.ef23ff10d.js:149 https://leetcode.com/problems/palindromic-substrings
common-libs.ef23ff10d.js:149 https://leetcode.com/problems/find-duplicate-subtrees
common-libs.ef23ff10d.js:149 https://leetcode.com/problems/two-sum-iv-input-is-a-bst
common-libs.ef23ff10d.js:149 https://leetcode.com/problems/find-k-closest-elements
common-libs.ef23ff10d.js:149 https://leetcode.com/problems/maximum-width-of-binary-tree
common-libs.ef23ff10d.js:149 https://leetcode.com/problems/cut-off-trees-for-golf-event
common-libs.ef23ff10d.js:149 https://leetcode.com/problems/implement-magic-dictionary
common-libs.ef23ff10d.js:149 https://leetcode.com/problems/valid-parenthesis-string
common-libs.ef23ff10d.js:149 https://leetcode.com/problems/baseball-game
common-libs.ef23ff10d.js:149 https://leetcode.com/problems/longest-univalue-path
common-libs.ef23ff10d.js:149 https://leetcode.com/problems/top-k-frequent-words
common-libs.ef23ff10d.js:149 https://leetcode.com/problems/number-of-distinct-islands
common-libs.ef23ff10d.js:149 https://leetcode.com/problems/max-area-of-island
common-libs.ef23ff10d.js:149 https://leetcode.com/problems/max-stack
common-libs.ef23ff10d.js:149 https://leetcode.com/problems/number-of-atoms
common-libs.ef23ff10d.js:149 https://leetcode.com/problems/my-calendar-i
common-libs.ef23ff10d.js:149 https://leetcode.com/problems/my-calendar-ii
common-libs.ef23ff10d.js:149 https://leetcode.com/problems/flood-fill
common-libs.ef23ff10d.js:149 https://leetcode.com/problems/daily-temperatures
common-libs.ef23ff10d.js:149 https://leetcode.com/problems/network-delay-time
common-libs.ef23ff10d.js:149 https://leetcode.com/problems/employee-free-time
common-libs.ef23ff10d.js:149 https://leetcode.com/problems/serialize-and-deserialize-n-ary-tree
common-libs.ef23ff10d.js:149 https://leetcode.com/problems/flatten-a-multilevel-doubly-linked-list
common-libs.ef23ff10d.js:149 https://leetcode.com/problems/partition-labels
common-libs.ef23ff10d.js:149 https://leetcode.com/problems/maximum-depth-of-n-ary-tree
common-libs.ef23ff10d.js:149 https://leetcode.com/problems/reorganize-string
common-libs.ef23ff10d.js:149 https://leetcode.com/problems/jewels-and-stones
common-libs.ef23ff10d.js:149 https://leetcode.com/problems/insert-into-a-binary-search-tree
common-libs.ef23ff10d.js:149 https://leetcode.com/problems/basic-calculator-iii
common-libs.ef23ff10d.js:149 https://leetcode.com/problems/sliding-puzzle
common-libs.ef23ff10d.js:149 https://leetcode.com/problems/kth-largest-element-in-a-stream
common-libs.ef23ff10d.js:149 https://leetcode.com/problems/swim-in-rising-water
common-libs.ef23ff10d.js:149 https://leetcode.com/problems/is-graph-bipartite
common-libs.ef23ff10d.js:149 https://leetcode.com/problems/cheapest-flights-within-k-stops
common-libs.ef23ff10d.js:149 https://leetcode.com/problems/number-of-matching-subsequences
common-libs.ef23ff10d.js:149 https://leetcode.com/problems/all-paths-from-source-to-target
common-libs.ef23ff10d.js:149 https://leetcode.com/problems/design-hashmap
common-libs.ef23ff10d.js:149 https://leetcode.com/problems/max-increase-to-keep-city-skyline
common-libs.ef23ff10d.js:149 https://leetcode.com/problems/bus-routes
common-libs.ef23ff10d.js:149 https://leetcode.com/problems/most-common-word
common-libs.ef23ff10d.js:149 https://leetcode.com/problems/design-linked-list
common-libs.ef23ff10d.js:149 https://leetcode.com/problems/making-a-large-island
common-libs.ef23ff10d.js:149 https://leetcode.com/problems/design-circular-queue
common-libs.ef23ff10d.js:149 https://leetcode.com/problems/robot-room-cleaner
common-libs.ef23ff10d.js:149 https://leetcode.com/problems/guess-the-word
common-libs.ef23ff10d.js:149 https://leetcode.com/problems/shortest-path-visiting-all-nodes
common-libs.ef23ff10d.js:149 https://leetcode.com/problems/all-nodes-distance-k-in-binary-tree
common-libs.ef23ff10d.js:149 https://leetcode.com/problems/random-pick-with-blacklist
common-libs.ef23ff10d.js:149 https://leetcode.com/problems/random-pick-with-weight
common-libs.ef23ff10d.js:149 https://leetcode.com/problems/maximum-frequency-stack
common-libs.ef23ff10d.js:149 https://leetcode.com/problems/rle-iterator
common-libs.ef23ff10d.js:149 https://leetcode.com/problems/fruit-into-baskets
common-libs.ef23ff10d.js:149 https://leetcode.com/problems/sort-array-by-parity
common-libs.ef23ff10d.js:149 https://leetcode.com/problems/sum-of-subarray-minimums
common-libs.ef23ff10d.js:149 https://leetcode.com/problems/snakes-and-ladders
common-libs.ef23ff10d.js:149 https://leetcode.com/problems/minimize-malware-spread
common-libs.ef23ff10d.js:149 https://leetcode.com/problems/unique-email-addresses
common-libs.ef23ff10d.js:149 https://leetcode.com/problems/reorder-log-files
common-libs.ef23ff10d.js:149 https://leetcode.com/problems/di-string-match
common-libs.ef23ff10d.js:149 https://leetcode.com/problems/prison-cells-after-n-days
common-libs.ef23ff10d.js:149 https://leetcode.com/problems/fibonacci-number
common-libs.ef23ff10d.js:149 https://leetcode.com/problems/k-closest-points-to-origin
common-libs.ef23ff10d.js:149 https://leetcode.com/problems/squares-of-a-sorted-array
common-libs.ef23ff10d.js:149 https://leetcode.com/problems/longest-turbulent-subarray
common-libs.ef23ff10d.js:149 https://leetcode.com/problems/distribute-coins-in-binary-tree
common-libs.ef23ff10d.js:149 https://leetcode.com/problems/unique-paths-iii
common-libs.ef23ff10d.js:149 https://leetcode.com/problems/minimum-cost-for-tickets
common-libs.ef23ff10d.js:149 https://leetcode.com/problems/vertical-order-traversal-of-a-binary-tree
common-libs.ef23ff10d.js:149 https://leetcode.com/problems/subarrays-with-k-different-integers
common-libs.ef23ff10d.js:149 https://leetcode.com/problems/cousins-in-binary-tree
common-libs.ef23ff10d.js:149 https://leetcode.com/problems/rotting-oranges
common-libs.ef23ff10d.js:149 https://leetcode.com/problems/find-the-town-judge
common-libs.ef23ff10d.js:149 https://leetcode.com/problems/minimum-cost-to-merge-stones
common-libs.ef23ff10d.js:149 https://leetcode.com/problems/pairs-of-songs-with-total-durations-divisible-by-60
common-libs.ef23ff10d.js:149 https://leetcode.com/problems/next-greater-node-in-linked-list
common-libs.ef23ff10d.js:149 https://leetcode.com/problems/sum-of-root-to-leaf-binary-numbers
common-libs.ef23ff10d.js:149 https://leetcode.com/problems/camelcase-matching
common-libs.ef23ff10d.js:149 https://leetcode.com/problems/two-city-scheduling
common-libs.ef23ff10d.js:149 https://leetcode.com/problems/longest-duplicate-substring
common-libs.ef23ff10d.js:149 https://leetcode.com/support/
common-libs.ef23ff10d.js:149 https://leetcode.com/jobs/
common-libs.ef23ff10d.js:149 https://leetcode.com/bugbounty/
common-libs.ef23ff10d.js:149 https://leetcode.com/terms/
common-libs.ef23ff10d.js:149 https://leetcode.com/privacy/
common-libs.ef23ff10d.js:149 https://leetcode.com/region/
common-libs.ef23ff10d.js:149 mailto:billing@leetcode.com?subject=Billing%20Issue&body=Name:%0D%0A%0D%0AUsername:%0D%0A%0D%0AMessage:%0D%0A%0D%0A
common-libs.ef23ff10d.js:149 mailto:support@leetcode.com?subject=General%20Support&body=Name:%0D%0A%0D%0AUsername:%0D%0A%0D%0AMessage:%0D%0A%0D%0A
common-libs.ef23ff10d.js:149 mailto:feedback@leetcode.com?subject=Other%20Inquiries&body=Name:%0D%0A%0D%0AUsername:%0D%0A%0D%0AMessage:%0D%0A%0D%0A
common-libs.ef23ff10d.js:149 https://leetcode.com/company/amazon/#
common-libs.ef23ff10d.js:149 https://www.twitter.com/bukketapp
common-libs.ef23ff10d.js:149 mailto:hi@bukketapp.com
undefined
