common-libs.ef23ff10d.js:149 worker error Event undefined undefined
(anonymous) @ common-libs.ef23ff10d.js:149
(index):1 Unchecked runtime.lastError: The message port closed before a response was received.
(index):1 Unchecked runtime.lastError: The message port closed before a response was received.
(index):1 Unchecked runtime.lastError: The message port closed before a response was received.
(index):1 Unchecked runtime.lastError: The message port closed before a response was received.
var links = document.getElementsByTagName('a');
var all_links =  Array.prototype.slice.call(links);
all_links.forEach(function(val){
    console.log(val.href);
});
common-libs.ef23ff10d.js:149 
common-libs.ef23ff10d.js:149 
common-libs.ef23ff10d.js:149 https://leetcode.com/company/facebook/#
common-libs.ef23ff10d.js:149 https://leetcode.com/
common-libs.ef23ff10d.js:149 https://leetcode.com/explore/
common-libs.ef23ff10d.js:149 https://leetcode.com/problemset/all/
common-libs.ef23ff10d.js:149 https://leetcode.com/interview/
common-libs.ef23ff10d.js:149 https://leetcode.com/contest/
common-libs.ef23ff10d.js:149 https://leetcode.com/articles/
common-libs.ef23ff10d.js:149 https://leetcode.com/discuss/
common-libs.ef23ff10d.js:149 https://leetcode.com/playground/
common-libs.ef23ff10d.js:149 https://leetcode.com/company/facebook/#
common-libs.ef23ff10d.js:149 https://leetcode.com/store/
common-libs.ef23ff10d.js:149 https://leetcode.com/subscribe/
common-libs.ef23ff10d.js:149 https://leetcode.com/book/
common-libs.ef23ff10d.js:149 https://leetcode.com/problems/two-sum
common-libs.ef23ff10d.js:149 https://leetcode.com/problems/add-two-numbers
common-libs.ef23ff10d.js:149 https://leetcode.com/problems/longest-substring-without-repeating-characters
common-libs.ef23ff10d.js:149 https://leetcode.com/problems/median-of-two-sorted-arrays
common-libs.ef23ff10d.js:149 https://leetcode.com/problems/longest-palindromic-substring
common-libs.ef23ff10d.js:149 https://leetcode.com/problems/zigzag-conversion
common-libs.ef23ff10d.js:149 https://leetcode.com/problems/reverse-integer
common-libs.ef23ff10d.js:149 https://leetcode.com/problems/string-to-integer-atoi
common-libs.ef23ff10d.js:149 https://leetcode.com/problems/palindrome-number
common-libs.ef23ff10d.js:149 https://leetcode.com/problems/regular-expression-matching
common-libs.ef23ff10d.js:149 https://leetcode.com/problems/container-with-most-water
common-libs.ef23ff10d.js:149 https://leetcode.com/problems/roman-to-integer
common-libs.ef23ff10d.js:149 https://leetcode.com/problems/longest-common-prefix
common-libs.ef23ff10d.js:149 https://leetcode.com/problems/3sum
common-libs.ef23ff10d.js:149 https://leetcode.com/problems/letter-combinations-of-a-phone-number
common-libs.ef23ff10d.js:149 https://leetcode.com/problems/valid-parentheses
common-libs.ef23ff10d.js:149 https://leetcode.com/problems/merge-two-sorted-lists
common-libs.ef23ff10d.js:149 https://leetcode.com/problems/generate-parentheses
common-libs.ef23ff10d.js:149 https://leetcode.com/problems/merge-k-sorted-lists
common-libs.ef23ff10d.js:149 https://leetcode.com/problems/swap-nodes-in-pairs
common-libs.ef23ff10d.js:149 https://leetcode.com/problems/reverse-nodes-in-k-group
common-libs.ef23ff10d.js:149 https://leetcode.com/problems/remove-duplicates-from-sorted-array
common-libs.ef23ff10d.js:149 https://leetcode.com/problems/implement-strstr
common-libs.ef23ff10d.js:149 https://leetcode.com/problems/divide-two-integers
common-libs.ef23ff10d.js:149 https://leetcode.com/problems/next-permutation
common-libs.ef23ff10d.js:149 https://leetcode.com/problems/longest-valid-parentheses
common-libs.ef23ff10d.js:149 https://leetcode.com/problems/search-in-rotated-sorted-array
common-libs.ef23ff10d.js:149 https://leetcode.com/problems/find-first-and-last-position-of-element-in-sorted-array
common-libs.ef23ff10d.js:149 https://leetcode.com/problems/sudoku-solver
common-libs.ef23ff10d.js:149 https://leetcode.com/problems/count-and-say
common-libs.ef23ff10d.js:149 https://leetcode.com/problems/combination-sum
common-libs.ef23ff10d.js:149 https://leetcode.com/problems/trapping-rain-water
common-libs.ef23ff10d.js:149 https://leetcode.com/problems/multiply-strings
common-libs.ef23ff10d.js:149 https://leetcode.com/problems/wildcard-matching
common-libs.ef23ff10d.js:149 https://leetcode.com/problems/permutations
common-libs.ef23ff10d.js:149 https://leetcode.com/problems/permutations-ii
common-libs.ef23ff10d.js:149 https://leetcode.com/problems/rotate-image
common-libs.ef23ff10d.js:149 https://leetcode.com/problems/group-anagrams
common-libs.ef23ff10d.js:149 https://leetcode.com/problems/powx-n
common-libs.ef23ff10d.js:149 https://leetcode.com/problems/n-queens
common-libs.ef23ff10d.js:149 https://leetcode.com/problems/maximum-subarray
common-libs.ef23ff10d.js:149 https://leetcode.com/problems/spiral-matrix
common-libs.ef23ff10d.js:149 https://leetcode.com/problems/merge-intervals
common-libs.ef23ff10d.js:149 https://leetcode.com/problems/insert-interval
common-libs.ef23ff10d.js:149 https://leetcode.com/problems/valid-number
common-libs.ef23ff10d.js:149 https://leetcode.com/problems/plus-one
common-libs.ef23ff10d.js:149 https://leetcode.com/problems/add-binary
common-libs.ef23ff10d.js:149 https://leetcode.com/problems/text-justification
common-libs.ef23ff10d.js:149 https://leetcode.com/problems/sqrtx
common-libs.ef23ff10d.js:149 https://leetcode.com/problems/simplify-path
common-libs.ef23ff10d.js:149 https://leetcode.com/problems/edit-distance
common-libs.ef23ff10d.js:149 https://leetcode.com/problems/sort-colors
common-libs.ef23ff10d.js:149 https://leetcode.com/problems/minimum-window-substring
common-libs.ef23ff10d.js:149 https://leetcode.com/problems/subsets
common-libs.ef23ff10d.js:149 https://leetcode.com/problems/word-search
common-libs.ef23ff10d.js:149 https://leetcode.com/problems/search-in-rotated-sorted-array-ii
common-libs.ef23ff10d.js:149 https://leetcode.com/problems/merge-sorted-array
common-libs.ef23ff10d.js:149 https://leetcode.com/problems/decode-ways
common-libs.ef23ff10d.js:149 https://leetcode.com/problems/reverse-linked-list-ii
common-libs.ef23ff10d.js:149 https://leetcode.com/problems/restore-ip-addresses
common-libs.ef23ff10d.js:149 https://leetcode.com/problems/binary-tree-inorder-traversal
common-libs.ef23ff10d.js:149 https://leetcode.com/problems/validate-binary-search-tree
common-libs.ef23ff10d.js:149 https://leetcode.com/problems/binary-tree-level-order-traversal
common-libs.ef23ff10d.js:149 https://leetcode.com/problems/construct-binary-tree-from-preorder-and-inorder-traversal
common-libs.ef23ff10d.js:149 https://leetcode.com/problems/binary-tree-level-order-traversal-ii
common-libs.ef23ff10d.js:149 https://leetcode.com/problems/convert-sorted-list-to-binary-search-tree
common-libs.ef23ff10d.js:149 https://leetcode.com/problems/balanced-binary-tree
common-libs.ef23ff10d.js:149 https://leetcode.com/problems/flatten-binary-tree-to-linked-list
common-libs.ef23ff10d.js:149 https://leetcode.com/problems/populating-next-right-pointers-in-each-node
common-libs.ef23ff10d.js:149 https://leetcode.com/problems/populating-next-right-pointers-in-each-node-ii
common-libs.ef23ff10d.js:149 https://leetcode.com/problems/best-time-to-buy-and-sell-stock
common-libs.ef23ff10d.js:149 https://leetcode.com/problems/best-time-to-buy-and-sell-stock-ii
common-libs.ef23ff10d.js:149 https://leetcode.com/problems/binary-tree-maximum-path-sum
common-libs.ef23ff10d.js:149 https://leetcode.com/problems/valid-palindrome
common-libs.ef23ff10d.js:149 https://leetcode.com/problems/word-ladder-ii
common-libs.ef23ff10d.js:149 https://leetcode.com/problems/word-ladder
common-libs.ef23ff10d.js:149 https://leetcode.com/problems/longest-consecutive-sequence
common-libs.ef23ff10d.js:149 https://leetcode.com/problems/clone-graph
common-libs.ef23ff10d.js:149 https://leetcode.com/problems/copy-list-with-random-pointer
common-libs.ef23ff10d.js:149 https://leetcode.com/problems/word-break
common-libs.ef23ff10d.js:149 https://leetcode.com/problems/reorder-list
common-libs.ef23ff10d.js:149 https://leetcode.com/problems/binary-tree-postorder-traversal
common-libs.ef23ff10d.js:149 https://leetcode.com/problems/lru-cache
common-libs.ef23ff10d.js:149 https://leetcode.com/problems/sort-list
common-libs.ef23ff10d.js:149 https://leetcode.com/problems/reverse-words-in-a-string
common-libs.ef23ff10d.js:149 https://leetcode.com/problems/find-minimum-in-rotated-sorted-array
common-libs.ef23ff10d.js:149 https://leetcode.com/problems/min-stack
common-libs.ef23ff10d.js:149 https://leetcode.com/problems/read-n-characters-given-read4
common-libs.ef23ff10d.js:149 https://leetcode.com/problems/read-n-characters-given-read4-ii-call-multiple-times
common-libs.ef23ff10d.js:149 https://leetcode.com/problems/intersection-of-two-linked-lists
common-libs.ef23ff10d.js:149 https://leetcode.com/problems/one-edit-distance
common-libs.ef23ff10d.js:149 https://leetcode.com/problems/find-peak-element
common-libs.ef23ff10d.js:149 https://leetcode.com/problems/missing-ranges
common-libs.ef23ff10d.js:149 https://leetcode.com/problems/two-sum-ii-input-array-is-sorted
common-libs.ef23ff10d.js:149 https://leetcode.com/problems/majority-element
common-libs.ef23ff10d.js:149 https://leetcode.com/problems/binary-search-tree-iterator
common-libs.ef23ff10d.js:149 https://leetcode.com/problems/combine-two-tables
common-libs.ef23ff10d.js:149 https://leetcode.com/problems/second-highest-salary
common-libs.ef23ff10d.js:149 https://leetcode.com/problems/employees-earning-more-than-their-managers
common-libs.ef23ff10d.js:149 https://leetcode.com/problems/rotate-array
common-libs.ef23ff10d.js:149 https://leetcode.com/problems/binary-tree-right-side-view
common-libs.ef23ff10d.js:149 https://leetcode.com/problems/number-of-islands
common-libs.ef23ff10d.js:149 https://leetcode.com/problems/happy-number
common-libs.ef23ff10d.js:149 https://leetcode.com/problems/reverse-linked-list
common-libs.ef23ff10d.js:149 https://leetcode.com/problems/course-schedule
common-libs.ef23ff10d.js:149 https://leetcode.com/problems/minimum-size-subarray-sum
common-libs.ef23ff10d.js:149 https://leetcode.com/problems/course-schedule-ii
common-libs.ef23ff10d.js:149 https://leetcode.com/problems/add-and-search-word-data-structure-design
common-libs.ef23ff10d.js:149 https://leetcode.com/problems/word-search-ii
common-libs.ef23ff10d.js:149 https://leetcode.com/problems/kth-largest-element-in-an-array
common-libs.ef23ff10d.js:149 https://leetcode.com/problems/basic-calculator
common-libs.ef23ff10d.js:149 https://leetcode.com/problems/basic-calculator-ii
common-libs.ef23ff10d.js:149 https://leetcode.com/problems/summary-ranges
common-libs.ef23ff10d.js:149 https://leetcode.com/problems/kth-smallest-element-in-a-bst
common-libs.ef23ff10d.js:149 https://leetcode.com/problems/lowest-common-ancestor-of-a-binary-search-tree
common-libs.ef23ff10d.js:149 https://leetcode.com/problems/lowest-common-ancestor-of-a-binary-tree
common-libs.ef23ff10d.js:149 https://leetcode.com/problems/product-of-array-except-self
common-libs.ef23ff10d.js:149 https://leetcode.com/problems/sliding-window-maximum
common-libs.ef23ff10d.js:149 https://leetcode.com/problems/search-a-2d-matrix-ii
common-libs.ef23ff10d.js:149 https://leetcode.com/problems/strobogrammatic-number
common-libs.ef23ff10d.js:149 https://leetcode.com/problems/strobogrammatic-number-ii
common-libs.ef23ff10d.js:149 https://leetcode.com/problems/group-shifted-strings
common-libs.ef23ff10d.js:149 https://leetcode.com/problems/flatten-2d-vector
common-libs.ef23ff10d.js:149 https://leetcode.com/problems/meeting-rooms
common-libs.ef23ff10d.js:149 https://leetcode.com/problems/meeting-rooms-ii
common-libs.ef23ff10d.js:149 https://leetcode.com/problems/binary-tree-paths
common-libs.ef23ff10d.js:149 https://leetcode.com/problems/alien-dictionary
common-libs.ef23ff10d.js:149 https://leetcode.com/problems/closest-binary-search-tree-value
common-libs.ef23ff10d.js:149 https://leetcode.com/problems/integer-to-english-words
common-libs.ef23ff10d.js:149 https://leetcode.com/problems/find-the-celebrity
common-libs.ef23ff10d.js:149 https://leetcode.com/problems/first-bad-version
common-libs.ef23ff10d.js:149 https://leetcode.com/problems/perfect-squares
common-libs.ef23ff10d.js:149 https://leetcode.com/problems/expression-add-operators
common-libs.ef23ff10d.js:149 https://leetcode.com/problems/move-zeroes
common-libs.ef23ff10d.js:149 https://leetcode.com/problems/inorder-successor-in-bst
common-libs.ef23ff10d.js:149 https://leetcode.com/problems/walls-and-gates
common-libs.ef23ff10d.js:149 https://leetcode.com/problems/find-the-duplicate-number
common-libs.ef23ff10d.js:149 https://leetcode.com/problems/find-median-from-data-stream
common-libs.ef23ff10d.js:149 https://leetcode.com/problems/serialize-and-deserialize-binary-tree
common-libs.ef23ff10d.js:149 https://leetcode.com/problems/longest-increasing-subsequence
common-libs.ef23ff10d.js:149 https://leetcode.com/problems/remove-invalid-parentheses
common-libs.ef23ff10d.js:149 https://leetcode.com/problems/range-sum-query-2d-immutable
common-libs.ef23ff10d.js:149 https://leetcode.com/problems/range-sum-query-2d-mutable
common-libs.ef23ff10d.js:149 https://leetcode.com/problems/sparse-matrix-multiplication
common-libs.ef23ff10d.js:149 https://leetcode.com/problems/binary-tree-vertical-order-traversal
common-libs.ef23ff10d.js:149 https://leetcode.com/problems/shortest-distance-from-all-buildings
common-libs.ef23ff10d.js:149 https://leetcode.com/problems/bulb-switcher
common-libs.ef23ff10d.js:149 https://leetcode.com/problems/coin-change
common-libs.ef23ff10d.js:149 https://leetcode.com/problems/maximum-size-subarray-sum-equals-k
common-libs.ef23ff10d.js:149 https://leetcode.com/problems/longest-increasing-path-in-a-matrix
common-libs.ef23ff10d.js:149 https://leetcode.com/problems/reconstruct-itinerary
common-libs.ef23ff10d.js:149 https://leetcode.com/problems/increasing-triplet-subsequence
common-libs.ef23ff10d.js:149 https://leetcode.com/problems/palindrome-pairs
common-libs.ef23ff10d.js:149 https://leetcode.com/problems/longest-substring-with-at-most-k-distinct-characters
common-libs.ef23ff10d.js:149 https://leetcode.com/problems/flatten-nested-list-iterator
common-libs.ef23ff10d.js:149 https://leetcode.com/problems/top-k-frequent-elements
common-libs.ef23ff10d.js:149 https://leetcode.com/problems/design-tic-tac-toe
common-libs.ef23ff10d.js:149 https://leetcode.com/problems/intersection-of-two-arrays
common-libs.ef23ff10d.js:149 https://leetcode.com/problems/intersection-of-two-arrays-ii
common-libs.ef23ff10d.js:149 https://leetcode.com/problems/logger-rate-limiter
common-libs.ef23ff10d.js:149 https://leetcode.com/problems/kth-smallest-element-in-a-sorted-matrix
common-libs.ef23ff10d.js:149 https://leetcode.com/problems/insert-delete-getrandom-o1
common-libs.ef23ff10d.js:149 https://leetcode.com/problems/insert-delete-getrandom-o1-duplicates-allowed
common-libs.ef23ff10d.js:149 https://leetcode.com/problems/first-unique-character-in-a-string
common-libs.ef23ff10d.js:149 https://leetcode.com/problems/utf-8-validation
common-libs.ef23ff10d.js:149 https://leetcode.com/problems/decode-string
common-libs.ef23ff10d.js:149 https://leetcode.com/problems/evaluate-division
common-libs.ef23ff10d.js:149 https://leetcode.com/problems/convert-a-number-to-hexadecimal
common-libs.ef23ff10d.js:149 https://leetcode.com/problems/valid-word-abbreviation
common-libs.ef23ff10d.js:149 https://leetcode.com/problems/add-strings
common-libs.ef23ff10d.js:149 https://leetcode.com/problems/partition-equal-subset-sum
common-libs.ef23ff10d.js:149 https://leetcode.com/problems/battleships-in-a-board
common-libs.ef23ff10d.js:149 https://leetcode.com/problems/all-oone-data-structure
common-libs.ef23ff10d.js:149 https://leetcode.com/problems/find-all-anagrams-in-a-string
common-libs.ef23ff10d.js:149 https://leetcode.com/problems/string-compression
common-libs.ef23ff10d.js:149 https://leetcode.com/problems/serialize-and-deserialize-bst
common-libs.ef23ff10d.js:149 https://leetcode.com/problems/island-perimeter
common-libs.ef23ff10d.js:149 https://leetcode.com/problems/validate-ip-address
common-libs.ef23ff10d.js:149 https://leetcode.com/problems/total-hamming-distance
common-libs.ef23ff10d.js:149 https://leetcode.com/problems/sliding-window-median
common-libs.ef23ff10d.js:149 https://leetcode.com/problems/target-sum
common-libs.ef23ff10d.js:149 https://leetcode.com/problems/diagonal-traverse
common-libs.ef23ff10d.js:149 https://leetcode.com/problems/longest-palindromic-subsequence
common-libs.ef23ff10d.js:149 https://leetcode.com/problems/continuous-subarray-sum
common-libs.ef23ff10d.js:149 https://leetcode.com/problems/minesweeper
common-libs.ef23ff10d.js:149 https://leetcode.com/problems/construct-binary-tree-from-string
common-libs.ef23ff10d.js:149 https://leetcode.com/problems/diameter-of-binary-tree
common-libs.ef23ff10d.js:149 https://leetcode.com/problems/friend-circles
common-libs.ef23ff10d.js:149 https://leetcode.com/problems/subarray-sum-equals-k
common-libs.ef23ff10d.js:149 https://leetcode.com/problems/find-the-closest-palindrome
common-libs.ef23ff10d.js:149 https://leetcode.com/problems/permutation-in-string
common-libs.ef23ff10d.js:149 https://leetcode.com/problems/subtree-of-another-tree
common-libs.ef23ff10d.js:149 https://leetcode.com/problems/task-scheduler
common-libs.ef23ff10d.js:149 https://leetcode.com/problems/smallest-range
common-libs.ef23ff10d.js:149 https://leetcode.com/problems/exclusive-time-of-functions
common-libs.ef23ff10d.js:149 https://leetcode.com/problems/average-of-levels-in-binary-tree
common-libs.ef23ff10d.js:149 https://leetcode.com/problems/decode-ways-ii
common-libs.ef23ff10d.js:149 https://leetcode.com/problems/palindromic-substrings
common-libs.ef23ff10d.js:149 https://leetcode.com/problems/non-decreasing-array
common-libs.ef23ff10d.js:149 https://leetcode.com/problems/maximum-swap
common-libs.ef23ff10d.js:149 https://leetcode.com/problems/longest-continuous-increasing-subsequence
common-libs.ef23ff10d.js:149 https://leetcode.com/problems/valid-parenthesis-string
common-libs.ef23ff10d.js:149 https://leetcode.com/problems/valid-palindrome-ii
common-libs.ef23ff10d.js:149 https://leetcode.com/problems/knight-probability-in-chessboard
common-libs.ef23ff10d.js:149 https://leetcode.com/problems/maximum-sum-of-3-non-overlapping-subarrays
common-libs.ef23ff10d.js:149 https://leetcode.com/problems/top-k-frequent-words
common-libs.ef23ff10d.js:149 https://leetcode.com/problems/best-time-to-buy-and-sell-stock-with-transaction-fee
common-libs.ef23ff10d.js:149 https://leetcode.com/problems/accounts-merge
common-libs.ef23ff10d.js:149 https://leetcode.com/problems/find-pivot-index
common-libs.ef23ff10d.js:149 https://leetcode.com/problems/number-of-atoms
common-libs.ef23ff10d.js:149 https://leetcode.com/problems/network-delay-time
common-libs.ef23ff10d.js:149 https://leetcode.com/problems/open-the-lock
common-libs.ef23ff10d.js:149 https://leetcode.com/problems/convert-binary-search-tree-to-sorted-doubly-linked-list
common-libs.ef23ff10d.js:149 https://leetcode.com/problems/flatten-a-multilevel-doubly-linked-list
common-libs.ef23ff10d.js:149 https://leetcode.com/problems/reorganize-string
common-libs.ef23ff10d.js:149 https://leetcode.com/problems/is-graph-bipartite
common-libs.ef23ff10d.js:149 https://leetcode.com/problems/custom-sort-string
common-libs.ef23ff10d.js:149 https://leetcode.com/problems/insert-into-a-cyclic-sorted-list
common-libs.ef23ff10d.js:149 https://leetcode.com/problems/goat-latin
common-libs.ef23ff10d.js:149 https://leetcode.com/problems/friends-of-appropriate-ages
common-libs.ef23ff10d.js:149 https://leetcode.com/problems/design-circular-queue
common-libs.ef23ff10d.js:149 https://leetcode.com/problems/robot-room-cleaner
common-libs.ef23ff10d.js:149 https://leetcode.com/problems/guess-the-word
common-libs.ef23ff10d.js:149 https://leetcode.com/problems/all-nodes-distance-k-in-binary-tree
common-libs.ef23ff10d.js:149 https://leetcode.com/problems/leaf-similar-trees
common-libs.ef23ff10d.js:149 https://leetcode.com/problems/random-pick-with-weight
common-libs.ef23ff10d.js:149 https://leetcode.com/problems/spiral-matrix-iii
common-libs.ef23ff10d.js:149 https://leetcode.com/problems/monotonic-array
common-libs.ef23ff10d.js:149 https://leetcode.com/problems/increasing-order-search-tree
common-libs.ef23ff10d.js:149 https://leetcode.com/problems/minimum-add-to-make-parentheses-valid
common-libs.ef23ff10d.js:149 https://leetcode.com/problems/knight-dialer
common-libs.ef23ff10d.js:149 https://leetcode.com/problems/minimum-area-rectangle
common-libs.ef23ff10d.js:149 https://leetcode.com/problems/verifying-an-alien-dictionary
common-libs.ef23ff10d.js:149 https://leetcode.com/problems/check-completeness-of-a-binary-tree
common-libs.ef23ff10d.js:149 https://leetcode.com/problems/k-closest-points-to-origin
common-libs.ef23ff10d.js:149 https://leetcode.com/problems/squares-of-a-sorted-array
common-libs.ef23ff10d.js:149 https://leetcode.com/problems/time-based-key-value-store
common-libs.ef23ff10d.js:149 https://leetcode.com/problems/interval-list-intersections
common-libs.ef23ff10d.js:149 https://leetcode.com/problems/vertical-order-traversal-of-a-binary-tree
common-libs.ef23ff10d.js:149 https://leetcode.com/problems/max-consecutive-ones-iii
common-libs.ef23ff10d.js:149 https://leetcode.com/problems/construct-binary-search-tree-from-preorder-traversal
common-libs.ef23ff10d.js:149 https://leetcode.com/problems/longest-arithmetic-sequence
common-libs.ef23ff10d.js:149 https://leetcode.com/support/
common-libs.ef23ff10d.js:149 https://leetcode.com/jobs/
common-libs.ef23ff10d.js:149 https://leetcode.com/bugbounty/
common-libs.ef23ff10d.js:149 https://leetcode.com/terms/
common-libs.ef23ff10d.js:149 https://leetcode.com/privacy/
common-libs.ef23ff10d.js:149 https://leetcode.com/region/
common-libs.ef23ff10d.js:149 mailto:billing@leetcode.com?subject=Billing%20Issue&body=Name:%0D%0A%0D%0AUsername:%0D%0A%0D%0AMessage:%0D%0A%0D%0A
common-libs.ef23ff10d.js:149 mailto:support@leetcode.com?subject=General%20Support&body=Name:%0D%0A%0D%0AUsername:%0D%0A%0D%0AMessage:%0D%0A%0D%0A
common-libs.ef23ff10d.js:149 mailto:feedback@leetcode.com?subject=Other%20Inquiries&body=Name:%0D%0A%0D%0AUsername:%0D%0A%0D%0AMessage:%0D%0A%0D%0A
common-libs.ef23ff10d.js:149 https://leetcode.com/company/facebook/#
common-libs.ef23ff10d.js:149 https://www.twitter.com/bukketapp
common-libs.ef23ff10d.js:149 mailto:hi@bukketapp.com
undefined
