common-libs.ef23ff10d.js:149 worker error Event undefined undefined
(anonymous) @ common-libs.ef23ff10d.js:149
Unchecked runtime.lastError: The message port closed before a response was received.
Unchecked runtime.lastError: The message port closed before a response was received.
Unchecked runtime.lastError: The message port closed before a response was received.
Unchecked runtime.lastError: The message port closed before a response was received.
Unchecked runtime.lastError: The message port closed before a response was received.
Unchecked runtime.lastError: The message port closed before a response was received.
Unchecked runtime.lastError: The message port closed before a response was received.
Unchecked runtime.lastError: The message port closed before a response was received.
Unchecked runtime.lastError: The message port closed before a response was received.
Unchecked runtime.lastError: The message port closed before a response was received.
Unchecked runtime.lastError: The message port closed before a response was received.
Unchecked runtime.lastError: The message port closed before a response was received.
Unchecked runtime.lastError: The message port closed before a response was received.
Unchecked runtime.lastError: The message port closed before a response was received.
Unchecked runtime.lastError: The message port closed before a response was received.
Unchecked runtime.lastError: The message port closed before a response was received.
Unchecked runtime.lastError: The message port closed before a response was received.
Unchecked runtime.lastError: The message port closed before a response was received.
Unchecked runtime.lastError: The message port closed before a response was received.
Unchecked runtime.lastError: The message port closed before a response was received.
Unchecked runtime.lastError: The message port closed before a response was received.
Unchecked runtime.lastError: The message port closed before a response was received.
Unchecked runtime.lastError: The message port closed before a response was received.
Unchecked runtime.lastError: The message port closed before a response was received.
Unchecked runtime.lastError: The message port closed before a response was received.
Unchecked runtime.lastError: The message port closed before a response was received.
Unchecked runtime.lastError: The message port closed before a response was received.
Unchecked runtime.lastError: The message port closed before a response was received.
Unchecked runtime.lastError: The message port closed before a response was received.
Unchecked runtime.lastError: The message port closed before a response was received.
Unchecked runtime.lastError: The message port closed before a response was received.
var links = document.getElementsByTagName('a');
var all_links =  Array.prototype.slice.call(links);
all_links.forEach(function(val){
    console.log(val.href);
});
common-libs.ef23ff10d.js:149 
common-libs.ef23ff10d.js:149 
common-libs.ef23ff10d.js:149 https://leetcode.com/company/bloomberg/#
common-libs.ef23ff10d.js:149 https://leetcode.com/
common-libs.ef23ff10d.js:149 https://leetcode.com/explore/
common-libs.ef23ff10d.js:149 https://leetcode.com/problemset/all/
common-libs.ef23ff10d.js:149 https://leetcode.com/interview/
common-libs.ef23ff10d.js:149 https://leetcode.com/contest/
common-libs.ef23ff10d.js:149 https://leetcode.com/articles/
common-libs.ef23ff10d.js:149 https://leetcode.com/discuss/
common-libs.ef23ff10d.js:149 https://leetcode.com/playground/
common-libs.ef23ff10d.js:149 https://leetcode.com/company/bloomberg/#
common-libs.ef23ff10d.js:149 https://leetcode.com/store/
common-libs.ef23ff10d.js:149 https://leetcode.com/subscribe/
common-libs.ef23ff10d.js:149 https://leetcode.com/book/
common-libs.ef23ff10d.js:149 https://leetcode.com/problems/top-k-frequent-words
common-libs.ef23ff10d.js:149 https://leetcode.com/problems/3sum
common-libs.ef23ff10d.js:149 https://leetcode.com/problems/reverse-linked-list
common-libs.ef23ff10d.js:149 https://leetcode.com/problems/first-unique-character-in-a-string
common-libs.ef23ff10d.js:149 https://leetcode.com/problems/add-two-numbers
common-libs.ef23ff10d.js:149 https://leetcode.com/problems/valid-parentheses
common-libs.ef23ff10d.js:149 https://leetcode.com/problems/two-sum
common-libs.ef23ff10d.js:149 https://leetcode.com/problems/invert-binary-tree
common-libs.ef23ff10d.js:149 https://leetcode.com/problems/copy-list-with-random-pointer
common-libs.ef23ff10d.js:149 https://leetcode.com/problems/merge-sorted-array
common-libs.ef23ff10d.js:149 https://leetcode.com/problems/validate-binary-search-tree
common-libs.ef23ff10d.js:149 https://leetcode.com/problems/number-of-islands
common-libs.ef23ff10d.js:149 https://leetcode.com/problems/flatten-binary-tree-to-linked-list
common-libs.ef23ff10d.js:149 https://leetcode.com/problems/valid-anagram
common-libs.ef23ff10d.js:149 https://leetcode.com/problems/island-perimeter
common-libs.ef23ff10d.js:149 https://leetcode.com/problems/top-k-frequent-elements
common-libs.ef23ff10d.js:149 https://leetcode.com/problems/longest-word-in-dictionary-through-deleting
common-libs.ef23ff10d.js:149 https://leetcode.com/problems/sort-characters-by-frequency
common-libs.ef23ff10d.js:149 https://leetcode.com/problems/kth-smallest-element-in-a-bst
common-libs.ef23ff10d.js:149 https://leetcode.com/problems/merge-intervals
common-libs.ef23ff10d.js:149 https://leetcode.com/problems/linked-list-cycle-ii
common-libs.ef23ff10d.js:149 https://leetcode.com/problems/search-in-rotated-sorted-array
common-libs.ef23ff10d.js:149 https://leetcode.com/problems/string-to-integer-atoi
common-libs.ef23ff10d.js:149 https://leetcode.com/problems/longest-substring-without-repeating-characters
common-libs.ef23ff10d.js:149 https://leetcode.com/problems/insert-delete-getrandom-o1
common-libs.ef23ff10d.js:149 https://leetcode.com/problems/powx-n
common-libs.ef23ff10d.js:149 https://leetcode.com/problems/maximum-subarray
common-libs.ef23ff10d.js:149 https://leetcode.com/problems/regular-expression-matching
common-libs.ef23ff10d.js:149 https://leetcode.com/problems/trapping-rain-water
common-libs.ef23ff10d.js:149 https://leetcode.com/problems/median-of-two-sorted-arrays
common-libs.ef23ff10d.js:149 https://leetcode.com/problems/meeting-rooms-ii
common-libs.ef23ff10d.js:149 https://leetcode.com/problems/unique-paths
common-libs.ef23ff10d.js:149 https://leetcode.com/problems/construct-binary-tree-from-preorder-and-inorder-traversal
common-libs.ef23ff10d.js:149 https://leetcode.com/problems/lru-cache
common-libs.ef23ff10d.js:149 https://leetcode.com/problems/word-break
common-libs.ef23ff10d.js:149 https://leetcode.com/problems/longest-palindromic-substring
common-libs.ef23ff10d.js:149 https://leetcode.com/problems/rectangle-overlap
common-libs.ef23ff10d.js:149 https://leetcode.com/problems/pascals-triangle
common-libs.ef23ff10d.js:149 https://leetcode.com/problems/minimum-size-subarray-sum
common-libs.ef23ff10d.js:149 https://leetcode.com/problems/spiral-matrix
common-libs.ef23ff10d.js:149 https://leetcode.com/problems/populating-next-right-pointers-in-each-node-ii
common-libs.ef23ff10d.js:149 https://leetcode.com/problems/reverse-integer
common-libs.ef23ff10d.js:149 https://leetcode.com/problems/min-stack
common-libs.ef23ff10d.js:149 https://leetcode.com/problems/remove-invalid-parentheses
common-libs.ef23ff10d.js:149 https://leetcode.com/problems/reverse-linked-list-ii
common-libs.ef23ff10d.js:149 https://leetcode.com/problems/add-two-numbers-ii
common-libs.ef23ff10d.js:149 https://leetcode.com/problems/sqrtx
common-libs.ef23ff10d.js:149 https://leetcode.com/problems/moving-average-from-data-stream
common-libs.ef23ff10d.js:149 https://leetcode.com/problems/word-break-ii
common-libs.ef23ff10d.js:149 https://leetcode.com/problems/sliding-window-maximum
common-libs.ef23ff10d.js:149 https://leetcode.com/problems/alien-dictionary
common-libs.ef23ff10d.js:149 https://leetcode.com/problems/integer-to-roman
common-libs.ef23ff10d.js:149 https://leetcode.com/problems/decode-ways
common-libs.ef23ff10d.js:149 https://leetcode.com/problems/swap-nodes-in-pairs
common-libs.ef23ff10d.js:149 https://leetcode.com/problems/subarray-sum-equals-k
common-libs.ef23ff10d.js:149 https://leetcode.com/problems/unique-paths-ii
common-libs.ef23ff10d.js:149 https://leetcode.com/problems/zigzag-conversion
common-libs.ef23ff10d.js:149 https://leetcode.com/problems/daily-temperatures
common-libs.ef23ff10d.js:149 https://leetcode.com/problems/group-anagrams
common-libs.ef23ff10d.js:149 https://leetcode.com/problems/integer-to-english-words
common-libs.ef23ff10d.js:149 https://leetcode.com/problems/rotate-image
common-libs.ef23ff10d.js:149 https://leetcode.com/problems/populating-next-right-pointers-in-each-node
common-libs.ef23ff10d.js:149 https://leetcode.com/problems/maximum-width-of-binary-tree
common-libs.ef23ff10d.js:149 https://leetcode.com/problems/kth-largest-element-in-an-array
common-libs.ef23ff10d.js:149 https://leetcode.com/problems/next-greater-element-i
common-libs.ef23ff10d.js:149 https://leetcode.com/problems/subsets
common-libs.ef23ff10d.js:149 https://leetcode.com/problems/intersection-of-two-arrays-ii
common-libs.ef23ff10d.js:149 https://leetcode.com/problems/merge-two-sorted-lists
common-libs.ef23ff10d.js:149 https://leetcode.com/problems/container-with-most-water
common-libs.ef23ff10d.js:149 https://leetcode.com/problems/encode-and-decode-strings
common-libs.ef23ff10d.js:149 https://leetcode.com/problems/search-insert-position
common-libs.ef23ff10d.js:149 https://leetcode.com/problems/binary-tree-inorder-traversal
common-libs.ef23ff10d.js:149 https://leetcode.com/problems/first-missing-positive
common-libs.ef23ff10d.js:149 https://leetcode.com/problems/word-search
common-libs.ef23ff10d.js:149 https://leetcode.com/problems/remove-duplicates-from-sorted-list-ii
common-libs.ef23ff10d.js:149 https://leetcode.com/problems/happy-number
common-libs.ef23ff10d.js:149 https://leetcode.com/problems/3sum-closest
common-libs.ef23ff10d.js:149 https://leetcode.com/problems/decode-string
common-libs.ef23ff10d.js:149 https://leetcode.com/problems/lfu-cache
common-libs.ef23ff10d.js:149 https://leetcode.com/problems/binary-tree-right-side-view
common-libs.ef23ff10d.js:149 https://leetcode.com/problems/flatten-a-multilevel-doubly-linked-list
common-libs.ef23ff10d.js:149 https://leetcode.com/problems/evaluate-division
common-libs.ef23ff10d.js:149 https://leetcode.com/problems/convert-sorted-list-to-binary-search-tree
common-libs.ef23ff10d.js:149 https://leetcode.com/problems/valid-triangle-number
common-libs.ef23ff10d.js:149 https://leetcode.com/problems/candy-crush
common-libs.ef23ff10d.js:149 https://leetcode.com/problems/letter-case-permutation
common-libs.ef23ff10d.js:149 https://leetcode.com/problems/big-countries
common-libs.ef23ff10d.js:149 https://leetcode.com/problems/find-k-closest-elements
common-libs.ef23ff10d.js:149 https://leetcode.com/problems/shortest-unsorted-continuous-subarray
common-libs.ef23ff10d.js:149 https://leetcode.com/problems/closest-binary-search-tree-value
common-libs.ef23ff10d.js:149 https://leetcode.com/problems/queue-reconstruction-by-height
common-libs.ef23ff10d.js:149 https://leetcode.com/problems/minesweeper
common-libs.ef23ff10d.js:149 https://leetcode.com/problems/jewels-and-stones
common-libs.ef23ff10d.js:149 https://leetcode.com/problems/add-digits
common-libs.ef23ff10d.js:149 https://leetcode.com/problems/next-permutation
common-libs.ef23ff10d.js:149 https://leetcode.com/problems/majority-element-ii
common-libs.ef23ff10d.js:149 https://leetcode.com/problems/cheapest-flights-within-k-stops
common-libs.ef23ff10d.js:149 https://leetcode.com/support/
common-libs.ef23ff10d.js:149 https://leetcode.com/jobs/
common-libs.ef23ff10d.js:149 https://leetcode.com/bugbounty/
common-libs.ef23ff10d.js:149 https://leetcode.com/terms/
common-libs.ef23ff10d.js:149 https://leetcode.com/privacy/
common-libs.ef23ff10d.js:149 https://leetcode.com/region/
common-libs.ef23ff10d.js:149 mailto:billing@leetcode.com?subject=Billing%20Issue&body=Name:%0D%0A%0D%0AUsername:%0D%0A%0D%0AMessage:%0D%0A%0D%0A
common-libs.ef23ff10d.js:149 mailto:support@leetcode.com?subject=General%20Support&body=Name:%0D%0A%0D%0AUsername:%0D%0A%0D%0AMessage:%0D%0A%0D%0A
common-libs.ef23ff10d.js:149 mailto:feedback@leetcode.com?subject=Other%20Inquiries&body=Name:%0D%0A%0D%0AUsername:%0D%0A%0D%0AMessage:%0D%0A%0D%0A
common-libs.ef23ff10d.js:149 https://leetcode.com/company/bloomberg/#
common-libs.ef23ff10d.js:149 https://www.twitter.com/bukketapp
common-libs.ef23ff10d.js:149 mailto:hi@bukketapp.com
undefined
