Unchecked runtime.lastError: The message port closed before a response was received.
Unchecked runtime.lastError: The message port closed before a response was received.
Unchecked runtime.lastError: The message port closed before a response was received.
Unchecked runtime.lastError: The message port closed before a response was received.
Unchecked runtime.lastError: The message port closed before a response was received.
Unchecked runtime.lastError: The message port closed before a response was received.
common-libs.ef23ff10d.js:149 worker error Event undefined undefined
(anonymous) @ common-libs.ef23ff10d.js:149
var links = document.getElementsByTagName('a');
var all_links =  Array.prototype.slice.call(links);
all_links.forEach(function(val){
    console.log(val.href);
});
common-libs.ef23ff10d.js:149 
common-libs.ef23ff10d.js:149 
common-libs.ef23ff10d.js:149 https://leetcode.com/company/apple/#
common-libs.ef23ff10d.js:149 https://leetcode.com/
common-libs.ef23ff10d.js:149 https://leetcode.com/explore/
common-libs.ef23ff10d.js:149 https://leetcode.com/problemset/all/
common-libs.ef23ff10d.js:149 https://leetcode.com/interview/
common-libs.ef23ff10d.js:149 https://leetcode.com/contest/
common-libs.ef23ff10d.js:149 https://leetcode.com/articles/
common-libs.ef23ff10d.js:149 https://leetcode.com/discuss/
common-libs.ef23ff10d.js:149 https://leetcode.com/playground/
common-libs.ef23ff10d.js:149 https://leetcode.com/company/apple/#
common-libs.ef23ff10d.js:149 https://leetcode.com/store/
common-libs.ef23ff10d.js:149 https://leetcode.com/subscribe/
common-libs.ef23ff10d.js:149 https://leetcode.com/book/
common-libs.ef23ff10d.js:149 https://leetcode.com/problems/two-sum
common-libs.ef23ff10d.js:149 https://leetcode.com/problems/add-two-numbers
common-libs.ef23ff10d.js:149 https://leetcode.com/problems/longest-substring-without-repeating-characters
common-libs.ef23ff10d.js:149 https://leetcode.com/problems/median-of-two-sorted-arrays
common-libs.ef23ff10d.js:149 https://leetcode.com/problems/longest-palindromic-substring
common-libs.ef23ff10d.js:149 https://leetcode.com/problems/zigzag-conversion
common-libs.ef23ff10d.js:149 https://leetcode.com/problems/reverse-integer
common-libs.ef23ff10d.js:149 https://leetcode.com/problems/string-to-integer-atoi
common-libs.ef23ff10d.js:149 https://leetcode.com/problems/palindrome-number
common-libs.ef23ff10d.js:149 https://leetcode.com/problems/regular-expression-matching
common-libs.ef23ff10d.js:149 https://leetcode.com/problems/container-with-most-water
common-libs.ef23ff10d.js:149 https://leetcode.com/problems/integer-to-roman
common-libs.ef23ff10d.js:149 https://leetcode.com/problems/roman-to-integer
common-libs.ef23ff10d.js:149 https://leetcode.com/problems/longest-common-prefix
common-libs.ef23ff10d.js:149 https://leetcode.com/problems/3sum
common-libs.ef23ff10d.js:149 https://leetcode.com/problems/3sum-closest
common-libs.ef23ff10d.js:149 https://leetcode.com/problems/letter-combinations-of-a-phone-number
common-libs.ef23ff10d.js:149 https://leetcode.com/problems/4sum
common-libs.ef23ff10d.js:149 https://leetcode.com/problems/valid-parentheses
common-libs.ef23ff10d.js:149 https://leetcode.com/problems/merge-two-sorted-lists
common-libs.ef23ff10d.js:149 https://leetcode.com/problems/generate-parentheses
common-libs.ef23ff10d.js:149 https://leetcode.com/problems/merge-k-sorted-lists
common-libs.ef23ff10d.js:149 https://leetcode.com/problems/remove-duplicates-from-sorted-array
common-libs.ef23ff10d.js:149 https://leetcode.com/problems/substring-with-concatenation-of-all-words
common-libs.ef23ff10d.js:149 https://leetcode.com/problems/search-in-rotated-sorted-array
common-libs.ef23ff10d.js:149 https://leetcode.com/problems/find-first-and-last-position-of-element-in-sorted-array
common-libs.ef23ff10d.js:149 https://leetcode.com/problems/valid-sudoku
common-libs.ef23ff10d.js:149 https://leetcode.com/problems/combination-sum
common-libs.ef23ff10d.js:149 https://leetcode.com/problems/first-missing-positive
common-libs.ef23ff10d.js:149 https://leetcode.com/problems/trapping-rain-water
common-libs.ef23ff10d.js:149 https://leetcode.com/problems/multiply-strings
common-libs.ef23ff10d.js:149 https://leetcode.com/problems/permutations
common-libs.ef23ff10d.js:149 https://leetcode.com/problems/rotate-image
common-libs.ef23ff10d.js:149 https://leetcode.com/problems/group-anagrams
common-libs.ef23ff10d.js:149 https://leetcode.com/problems/powx-n
common-libs.ef23ff10d.js:149 https://leetcode.com/problems/maximum-subarray
common-libs.ef23ff10d.js:149 https://leetcode.com/problems/spiral-matrix
common-libs.ef23ff10d.js:149 https://leetcode.com/problems/merge-intervals
common-libs.ef23ff10d.js:149 https://leetcode.com/problems/insert-interval
common-libs.ef23ff10d.js:149 https://leetcode.com/problems/climbing-stairs
common-libs.ef23ff10d.js:149 https://leetcode.com/problems/edit-distance
common-libs.ef23ff10d.js:149 https://leetcode.com/problems/set-matrix-zeroes
common-libs.ef23ff10d.js:149 https://leetcode.com/problems/sort-colors
common-libs.ef23ff10d.js:149 https://leetcode.com/problems/minimum-window-substring
common-libs.ef23ff10d.js:149 https://leetcode.com/problems/subsets
common-libs.ef23ff10d.js:149 https://leetcode.com/problems/word-search
common-libs.ef23ff10d.js:149 https://leetcode.com/problems/remove-duplicates-from-sorted-list
common-libs.ef23ff10d.js:149 https://leetcode.com/problems/decode-ways
common-libs.ef23ff10d.js:149 https://leetcode.com/problems/same-tree
common-libs.ef23ff10d.js:149 https://leetcode.com/problems/symmetric-tree
common-libs.ef23ff10d.js:149 https://leetcode.com/problems/maximum-depth-of-binary-tree
common-libs.ef23ff10d.js:149 https://leetcode.com/problems/construct-binary-tree-from-preorder-and-inorder-traversal
common-libs.ef23ff10d.js:149 https://leetcode.com/problems/best-time-to-buy-and-sell-stock
common-libs.ef23ff10d.js:149 https://leetcode.com/problems/binary-tree-maximum-path-sum
common-libs.ef23ff10d.js:149 https://leetcode.com/problems/valid-palindrome
common-libs.ef23ff10d.js:149 https://leetcode.com/problems/word-break
common-libs.ef23ff10d.js:149 https://leetcode.com/problems/word-break-ii
common-libs.ef23ff10d.js:149 https://leetcode.com/problems/linked-list-cycle
common-libs.ef23ff10d.js:149 https://leetcode.com/problems/lru-cache
common-libs.ef23ff10d.js:149 https://leetcode.com/problems/min-stack
common-libs.ef23ff10d.js:149 https://leetcode.com/problems/two-sum-ii-input-array-is-sorted
common-libs.ef23ff10d.js:149 https://leetcode.com/problems/binary-search-tree-iterator
common-libs.ef23ff10d.js:149 https://leetcode.com/problems/combine-two-tables
common-libs.ef23ff10d.js:149 https://leetcode.com/problems/second-highest-salary
common-libs.ef23ff10d.js:149 https://leetcode.com/problems/rank-scores
common-libs.ef23ff10d.js:149 https://leetcode.com/problems/number-of-islands
common-libs.ef23ff10d.js:149 https://leetcode.com/problems/happy-number
common-libs.ef23ff10d.js:149 https://leetcode.com/problems/count-primes
common-libs.ef23ff10d.js:149 https://leetcode.com/problems/reverse-linked-list
common-libs.ef23ff10d.js:149 https://leetcode.com/problems/word-search-ii
common-libs.ef23ff10d.js:149 https://leetcode.com/problems/maximal-square
common-libs.ef23ff10d.js:149 https://leetcode.com/problems/basic-calculator-ii
common-libs.ef23ff10d.js:149 https://leetcode.com/problems/majority-element-ii
common-libs.ef23ff10d.js:149 https://leetcode.com/problems/implement-queue-using-stacks
common-libs.ef23ff10d.js:149 https://leetcode.com/problems/number-of-digit-one
common-libs.ef23ff10d.js:149 https://leetcode.com/problems/palindrome-linked-list
common-libs.ef23ff10d.js:149 https://leetcode.com/problems/lowest-common-ancestor-of-a-binary-tree
common-libs.ef23ff10d.js:149 https://leetcode.com/problems/product-of-array-except-self
common-libs.ef23ff10d.js:149 https://leetcode.com/problems/valid-anagram
common-libs.ef23ff10d.js:149 https://leetcode.com/problems/flatten-2d-vector
common-libs.ef23ff10d.js:149 https://leetcode.com/problems/meeting-rooms-ii
common-libs.ef23ff10d.js:149 https://leetcode.com/problems/add-digits
common-libs.ef23ff10d.js:149 https://leetcode.com/problems/missing-number
common-libs.ef23ff10d.js:149 https://leetcode.com/problems/expression-add-operators
common-libs.ef23ff10d.js:149 https://leetcode.com/problems/move-zeroes
common-libs.ef23ff10d.js:149 https://leetcode.com/problems/find-median-from-data-stream
common-libs.ef23ff10d.js:149 https://leetcode.com/problems/serialize-and-deserialize-binary-tree
common-libs.ef23ff10d.js:149 https://leetcode.com/problems/sparse-matrix-multiplication
common-libs.ef23ff10d.js:149 https://leetcode.com/problems/power-of-three
common-libs.ef23ff10d.js:149 https://leetcode.com/problems/longest-increasing-path-in-a-matrix
common-libs.ef23ff10d.js:149 https://leetcode.com/problems/counting-bits
common-libs.ef23ff10d.js:149 https://leetcode.com/problems/flatten-nested-list-iterator
common-libs.ef23ff10d.js:149 https://leetcode.com/problems/reverse-string
common-libs.ef23ff10d.js:149 https://leetcode.com/problems/intersection-of-two-arrays
common-libs.ef23ff10d.js:149 https://leetcode.com/problems/insert-delete-getrandom-o1
common-libs.ef23ff10d.js:149 https://leetcode.com/problems/first-unique-character-in-a-string
common-libs.ef23ff10d.js:149 https://leetcode.com/problems/frog-jump
common-libs.ef23ff10d.js:149 https://leetcode.com/problems/sum-of-left-leaves
common-libs.ef23ff10d.js:149 https://leetcode.com/problems/trapping-rain-water-ii
common-libs.ef23ff10d.js:149 https://leetcode.com/problems/fizz-buzz
common-libs.ef23ff10d.js:149 https://leetcode.com/problems/non-overlapping-intervals
common-libs.ef23ff10d.js:149 https://leetcode.com/problems/island-perimeter
common-libs.ef23ff10d.js:149 https://leetcode.com/problems/reverse-pairs
common-libs.ef23ff10d.js:149 https://leetcode.com/problems/single-element-in-a-sorted-array
common-libs.ef23ff10d.js:149 https://leetcode.com/problems/diameter-of-binary-tree
common-libs.ef23ff10d.js:149 https://leetcode.com/problems/subarray-sum-equals-k
common-libs.ef23ff10d.js:149 https://leetcode.com/problems/task-scheduler
common-libs.ef23ff10d.js:149 https://leetcode.com/problems/top-k-frequent-words
common-libs.ef23ff10d.js:149 https://leetcode.com/problems/to-lower-case
common-libs.ef23ff10d.js:149 https://leetcode.com/problems/construct-quad-tree
common-libs.ef23ff10d.js:149 https://leetcode.com/problems/jewels-and-stones
common-libs.ef23ff10d.js:149 https://leetcode.com/problems/is-graph-bipartite
common-libs.ef23ff10d.js:149 https://leetcode.com/problems/rotate-string
common-libs.ef23ff10d.js:149 https://leetcode.com/problems/design-hashmap
common-libs.ef23ff10d.js:149 https://leetcode.com/problems/unique-morse-code-words
common-libs.ef23ff10d.js:149 https://leetcode.com/problems/online-election
common-libs.ef23ff10d.js:149 https://leetcode.com/problems/reorder-log-files
common-libs.ef23ff10d.js:149 https://leetcode.com/problems/fibonacci-number
common-libs.ef23ff10d.js:149 https://leetcode.com/problems/k-closest-points-to-origin
common-libs.ef23ff10d.js:149 https://leetcode.com/problems/squares-of-a-sorted-array
common-libs.ef23ff10d.js:149 https://leetcode.com/support/
common-libs.ef23ff10d.js:149 https://leetcode.com/jobs/
common-libs.ef23ff10d.js:149 https://leetcode.com/bugbounty/
common-libs.ef23ff10d.js:149 https://leetcode.com/terms/
common-libs.ef23ff10d.js:149 https://leetcode.com/privacy/
common-libs.ef23ff10d.js:149 https://leetcode.com/region/
common-libs.ef23ff10d.js:149 mailto:billing@leetcode.com?subject=Billing%20Issue&body=Name:%0D%0A%0D%0AUsername:%0D%0A%0D%0AMessage:%0D%0A%0D%0A
common-libs.ef23ff10d.js:149 mailto:support@leetcode.com?subject=General%20Support&body=Name:%0D%0A%0D%0AUsername:%0D%0A%0D%0AMessage:%0D%0A%0D%0A
common-libs.ef23ff10d.js:149 mailto:feedback@leetcode.com?subject=Other%20Inquiries&body=Name:%0D%0A%0D%0AUsername:%0D%0A%0D%0AMessage:%0D%0A%0D%0A
common-libs.ef23ff10d.js:149 https://leetcode.com/company/apple/#
common-libs.ef23ff10d.js:149 https://www.twitter.com/bukketapp
common-libs.ef23ff10d.js:149 mailto:hi@bukketapp.com
undefined
