(index):1 Unchecked runtime.lastError: The message port closed before a response was received.
common-libs.ef23ff10d.js:149 worker error Event undefined undefined
(anonymous) @ common-libs.ef23ff10d.js:149
(index):1 Unchecked runtime.lastError: The message port closed before a response was received.
(index):1 Unchecked runtime.lastError: The message port closed before a response was received.
(index):1 Unchecked runtime.lastError: The message port closed before a response was received.
var links = document.getElementsByTagName('a');
var all_links =  Array.prototype.slice.call(links);
all_links.forEach(function(val){
    console.log(val.href);
});
common-libs.ef23ff10d.js:149 
common-libs.ef23ff10d.js:149 
common-libs.ef23ff10d.js:149 https://leetcode.com/company/adobe/#
common-libs.ef23ff10d.js:149 https://leetcode.com/
common-libs.ef23ff10d.js:149 https://leetcode.com/explore/
common-libs.ef23ff10d.js:149 https://leetcode.com/problemset/all/
common-libs.ef23ff10d.js:149 https://leetcode.com/interview/
common-libs.ef23ff10d.js:149 https://leetcode.com/contest/
common-libs.ef23ff10d.js:149 https://leetcode.com/articles/
common-libs.ef23ff10d.js:149 https://leetcode.com/discuss/
common-libs.ef23ff10d.js:149 https://leetcode.com/playground/
common-libs.ef23ff10d.js:149 https://leetcode.com/company/adobe/#
common-libs.ef23ff10d.js:149 https://leetcode.com/store/
common-libs.ef23ff10d.js:149 https://leetcode.com/subscribe/
common-libs.ef23ff10d.js:149 https://leetcode.com/book/
common-libs.ef23ff10d.js:149 https://leetcode.com/problems/two-sum
common-libs.ef23ff10d.js:149 https://leetcode.com/problems/add-two-numbers
common-libs.ef23ff10d.js:149 https://leetcode.com/problems/longest-substring-without-repeating-characters
common-libs.ef23ff10d.js:149 https://leetcode.com/problems/median-of-two-sorted-arrays
common-libs.ef23ff10d.js:149 https://leetcode.com/problems/longest-palindromic-substring
common-libs.ef23ff10d.js:149 https://leetcode.com/problems/zigzag-conversion
common-libs.ef23ff10d.js:149 https://leetcode.com/problems/reverse-integer
common-libs.ef23ff10d.js:149 https://leetcode.com/problems/string-to-integer-atoi
common-libs.ef23ff10d.js:149 https://leetcode.com/problems/palindrome-number
common-libs.ef23ff10d.js:149 https://leetcode.com/problems/regular-expression-matching
common-libs.ef23ff10d.js:149 https://leetcode.com/problems/container-with-most-water
common-libs.ef23ff10d.js:149 https://leetcode.com/problems/integer-to-roman
common-libs.ef23ff10d.js:149 https://leetcode.com/problems/roman-to-integer
common-libs.ef23ff10d.js:149 https://leetcode.com/problems/longest-common-prefix
common-libs.ef23ff10d.js:149 https://leetcode.com/problems/3sum
common-libs.ef23ff10d.js:149 https://leetcode.com/problems/3sum-closest
common-libs.ef23ff10d.js:149 https://leetcode.com/problems/remove-nth-node-from-end-of-list
common-libs.ef23ff10d.js:149 https://leetcode.com/problems/valid-parentheses
common-libs.ef23ff10d.js:149 https://leetcode.com/problems/merge-two-sorted-lists
common-libs.ef23ff10d.js:149 https://leetcode.com/problems/generate-parentheses
common-libs.ef23ff10d.js:149 https://leetcode.com/problems/merge-k-sorted-lists
common-libs.ef23ff10d.js:149 https://leetcode.com/problems/swap-nodes-in-pairs
common-libs.ef23ff10d.js:149 https://leetcode.com/problems/remove-element
common-libs.ef23ff10d.js:149 https://leetcode.com/problems/divide-two-integers
common-libs.ef23ff10d.js:149 https://leetcode.com/problems/substring-with-concatenation-of-all-words
common-libs.ef23ff10d.js:149 https://leetcode.com/problems/next-permutation
common-libs.ef23ff10d.js:149 https://leetcode.com/problems/longest-valid-parentheses
common-libs.ef23ff10d.js:149 https://leetcode.com/problems/search-in-rotated-sorted-array
common-libs.ef23ff10d.js:149 https://leetcode.com/problems/search-insert-position
common-libs.ef23ff10d.js:149 https://leetcode.com/problems/valid-sudoku
common-libs.ef23ff10d.js:149 https://leetcode.com/problems/first-missing-positive
common-libs.ef23ff10d.js:149 https://leetcode.com/problems/trapping-rain-water
common-libs.ef23ff10d.js:149 https://leetcode.com/problems/jump-game-ii
common-libs.ef23ff10d.js:149 https://leetcode.com/problems/permutations
common-libs.ef23ff10d.js:149 https://leetcode.com/problems/permutations-ii
common-libs.ef23ff10d.js:149 https://leetcode.com/problems/rotate-image
common-libs.ef23ff10d.js:149 https://leetcode.com/problems/group-anagrams
common-libs.ef23ff10d.js:149 https://leetcode.com/problems/powx-n
common-libs.ef23ff10d.js:149 https://leetcode.com/problems/maximum-subarray
common-libs.ef23ff10d.js:149 https://leetcode.com/problems/spiral-matrix
common-libs.ef23ff10d.js:149 https://leetcode.com/problems/merge-intervals
common-libs.ef23ff10d.js:149 https://leetcode.com/problems/length-of-last-word
common-libs.ef23ff10d.js:149 https://leetcode.com/problems/unique-paths
common-libs.ef23ff10d.js:149 https://leetcode.com/problems/minimum-path-sum
common-libs.ef23ff10d.js:149 https://leetcode.com/problems/add-binary
common-libs.ef23ff10d.js:149 https://leetcode.com/problems/climbing-stairs
common-libs.ef23ff10d.js:149 https://leetcode.com/problems/edit-distance
common-libs.ef23ff10d.js:149 https://leetcode.com/problems/subsets
common-libs.ef23ff10d.js:149 https://leetcode.com/problems/search-in-rotated-sorted-array-ii
common-libs.ef23ff10d.js:149 https://leetcode.com/problems/maximal-rectangle
common-libs.ef23ff10d.js:149 https://leetcode.com/problems/merge-sorted-array
common-libs.ef23ff10d.js:149 https://leetcode.com/problems/decode-ways
common-libs.ef23ff10d.js:149 https://leetcode.com/problems/validate-binary-search-tree
common-libs.ef23ff10d.js:149 https://leetcode.com/problems/symmetric-tree
common-libs.ef23ff10d.js:149 https://leetcode.com/problems/path-sum
common-libs.ef23ff10d.js:149 https://leetcode.com/problems/best-time-to-buy-and-sell-stock
common-libs.ef23ff10d.js:149 https://leetcode.com/problems/best-time-to-buy-and-sell-stock-ii
common-libs.ef23ff10d.js:149 https://leetcode.com/problems/palindrome-partitioning
common-libs.ef23ff10d.js:149 https://leetcode.com/problems/copy-list-with-random-pointer
common-libs.ef23ff10d.js:149 https://leetcode.com/problems/word-break
common-libs.ef23ff10d.js:149 https://leetcode.com/problems/linked-list-cycle
common-libs.ef23ff10d.js:149 https://leetcode.com/problems/lru-cache
common-libs.ef23ff10d.js:149 https://leetcode.com/problems/max-points-on-a-line
common-libs.ef23ff10d.js:149 https://leetcode.com/problems/maximum-product-subarray
common-libs.ef23ff10d.js:149 https://leetcode.com/problems/min-stack
common-libs.ef23ff10d.js:149 https://leetcode.com/problems/combine-two-tables
common-libs.ef23ff10d.js:149 https://leetcode.com/problems/second-highest-salary
common-libs.ef23ff10d.js:149 https://leetcode.com/problems/nth-highest-salary
common-libs.ef23ff10d.js:149 https://leetcode.com/problems/rotate-array
common-libs.ef23ff10d.js:149 https://leetcode.com/problems/word-frequency
common-libs.ef23ff10d.js:149 https://leetcode.com/problems/valid-phone-numbers
common-libs.ef23ff10d.js:149 https://leetcode.com/problems/house-robber
common-libs.ef23ff10d.js:149 https://leetcode.com/problems/binary-tree-right-side-view
common-libs.ef23ff10d.js:149 https://leetcode.com/problems/number-of-islands
common-libs.ef23ff10d.js:149 https://leetcode.com/problems/bitwise-and-of-numbers-range
common-libs.ef23ff10d.js:149 https://leetcode.com/problems/count-primes
common-libs.ef23ff10d.js:149 https://leetcode.com/problems/reverse-linked-list
common-libs.ef23ff10d.js:149 https://leetcode.com/problems/invert-binary-tree
common-libs.ef23ff10d.js:149 https://leetcode.com/problems/product-of-array-except-self
common-libs.ef23ff10d.js:149 https://leetcode.com/problems/single-number-iii
common-libs.ef23ff10d.js:149 https://leetcode.com/problems/ugly-number
common-libs.ef23ff10d.js:149 https://leetcode.com/problems/missing-number
common-libs.ef23ff10d.js:149 https://leetcode.com/problems/move-zeroes
common-libs.ef23ff10d.js:149 https://leetcode.com/problems/reverse-string
common-libs.ef23ff10d.js:149 https://leetcode.com/problems/kth-smallest-element-in-a-sorted-matrix
common-libs.ef23ff10d.js:149 https://leetcode.com/problems/nth-digit
common-libs.ef23ff10d.js:149 https://leetcode.com/problems/remove-k-digits
common-libs.ef23ff10d.js:149 https://leetcode.com/problems/find-all-numbers-disappeared-in-an-array
common-libs.ef23ff10d.js:149 https://leetcode.com/problems/island-perimeter
common-libs.ef23ff10d.js:149 https://leetcode.com/problems/diameter-of-binary-tree
common-libs.ef23ff10d.js:149 https://leetcode.com/problems/next-greater-element-iii
common-libs.ef23ff10d.js:149 https://leetcode.com/problems/big-countries
common-libs.ef23ff10d.js:149 https://leetcode.com/problems/number-of-atoms
common-libs.ef23ff10d.js:149 https://leetcode.com/problems/network-delay-time
common-libs.ef23ff10d.js:149 https://leetcode.com/problems/jewels-and-stones
common-libs.ef23ff10d.js:149 https://leetcode.com/problems/design-hashmap
common-libs.ef23ff10d.js:149 https://leetcode.com/problems/positions-of-large-groups
common-libs.ef23ff10d.js:149 https://leetcode.com/problems/middle-of-the-linked-list
common-libs.ef23ff10d.js:149 https://leetcode.com/problems/stone-game
common-libs.ef23ff10d.js:149 https://leetcode.com/problems/sort-array-by-parity
common-libs.ef23ff10d.js:149 https://leetcode.com/problems/unique-email-addresses
common-libs.ef23ff10d.js:149 https://leetcode.com/problems/fibonacci-number
common-libs.ef23ff10d.js:149 https://leetcode.com/problems/squares-of-a-sorted-array
common-libs.ef23ff10d.js:149 https://leetcode.com/problems/vertical-order-traversal-of-a-binary-tree
common-libs.ef23ff10d.js:149 https://leetcode.com/support/
common-libs.ef23ff10d.js:149 https://leetcode.com/jobs/
common-libs.ef23ff10d.js:149 https://leetcode.com/bugbounty/
common-libs.ef23ff10d.js:149 https://leetcode.com/terms/
common-libs.ef23ff10d.js:149 https://leetcode.com/privacy/
common-libs.ef23ff10d.js:149 https://leetcode.com/region/
common-libs.ef23ff10d.js:149 mailto:billing@leetcode.com?subject=Billing%20Issue&body=Name:%0D%0A%0D%0AUsername:%0D%0A%0D%0AMessage:%0D%0A%0D%0A
common-libs.ef23ff10d.js:149 mailto:support@leetcode.com?subject=General%20Support&body=Name:%0D%0A%0D%0AUsername:%0D%0A%0D%0AMessage:%0D%0A%0D%0A
common-libs.ef23ff10d.js:149 mailto:feedback@leetcode.com?subject=Other%20Inquiries&body=Name:%0D%0A%0D%0AUsername:%0D%0A%0D%0AMessage:%0D%0A%0D%0A
common-libs.ef23ff10d.js:149 https://leetcode.com/company/adobe/#
common-libs.ef23ff10d.js:149 https://www.twitter.com/bukketapp
common-libs.ef23ff10d.js:149 mailto:hi@bukketapp.com
undefined
