common-libs.ef23ff10d.js:149 worker error Event undefined undefined
(anonymous) @ common-libs.ef23ff10d.js:149
Unchecked runtime.lastError: The message port closed before a response was received.
Unchecked runtime.lastError: The message port closed before a response was received.
Unchecked runtime.lastError: The message port closed before a response was received.
Unchecked runtime.lastError: The message port closed before a response was received.
Unchecked runtime.lastError: The message port closed before a response was received.
var links = document.getElementsByTagName('a');
var all_links =  Array.prototype.slice.call(links);
all_links.forEach(function(val){
    console.log(val.href);
});
common-libs.ef23ff10d.js:149 
common-libs.ef23ff10d.js:149 
common-libs.ef23ff10d.js:149 https://leetcode.com/company/linkedin/#
common-libs.ef23ff10d.js:149 https://leetcode.com/
common-libs.ef23ff10d.js:149 https://leetcode.com/explore/
common-libs.ef23ff10d.js:149 https://leetcode.com/problemset/all/
common-libs.ef23ff10d.js:149 https://leetcode.com/interview/
common-libs.ef23ff10d.js:149 https://leetcode.com/contest/
common-libs.ef23ff10d.js:149 https://leetcode.com/articles/
common-libs.ef23ff10d.js:149 https://leetcode.com/discuss/
common-libs.ef23ff10d.js:149 https://leetcode.com/playground/
common-libs.ef23ff10d.js:149 https://leetcode.com/company/linkedin/#
common-libs.ef23ff10d.js:149 https://leetcode.com/store/
common-libs.ef23ff10d.js:149 https://leetcode.com/subscribe/
common-libs.ef23ff10d.js:149 https://leetcode.com/book/
common-libs.ef23ff10d.js:149 https://leetcode.com/problems/two-sum
common-libs.ef23ff10d.js:149 https://leetcode.com/problems/longest-palindromic-substring
common-libs.ef23ff10d.js:149 https://leetcode.com/problems/roman-to-integer
common-libs.ef23ff10d.js:149 https://leetcode.com/problems/valid-parentheses
common-libs.ef23ff10d.js:149 https://leetcode.com/problems/search-in-rotated-sorted-array
common-libs.ef23ff10d.js:149 https://leetcode.com/problems/find-first-and-last-position-of-element-in-sorted-array
common-libs.ef23ff10d.js:149 https://leetcode.com/problems/combination-sum
common-libs.ef23ff10d.js:149 https://leetcode.com/problems/permutations
common-libs.ef23ff10d.js:149 https://leetcode.com/problems/permutations-ii
common-libs.ef23ff10d.js:149 https://leetcode.com/problems/powx-n
common-libs.ef23ff10d.js:149 https://leetcode.com/problems/maximum-subarray
common-libs.ef23ff10d.js:149 https://leetcode.com/problems/merge-intervals
common-libs.ef23ff10d.js:149 https://leetcode.com/problems/rotate-list
common-libs.ef23ff10d.js:149 https://leetcode.com/problems/valid-number
common-libs.ef23ff10d.js:149 https://leetcode.com/problems/text-justification
common-libs.ef23ff10d.js:149 https://leetcode.com/problems/sqrtx
common-libs.ef23ff10d.js:149 https://leetcode.com/problems/edit-distance
common-libs.ef23ff10d.js:149 https://leetcode.com/problems/minimum-window-substring
common-libs.ef23ff10d.js:149 https://leetcode.com/problems/binary-tree-level-order-traversal
common-libs.ef23ff10d.js:149 https://leetcode.com/problems/binary-tree-zigzag-level-order-traversal
common-libs.ef23ff10d.js:149 https://leetcode.com/problems/maximum-depth-of-binary-tree
common-libs.ef23ff10d.js:149 https://leetcode.com/problems/path-sum-ii
common-libs.ef23ff10d.js:149 https://leetcode.com/problems/word-ladder-ii
common-libs.ef23ff10d.js:149 https://leetcode.com/problems/word-ladder
common-libs.ef23ff10d.js:149 https://leetcode.com/problems/linked-list-cycle
common-libs.ef23ff10d.js:149 https://leetcode.com/problems/linked-list-cycle-ii
common-libs.ef23ff10d.js:149 https://leetcode.com/problems/max-points-on-a-line
common-libs.ef23ff10d.js:149 https://leetcode.com/problems/evaluate-reverse-polish-notation
common-libs.ef23ff10d.js:149 https://leetcode.com/problems/reverse-words-in-a-string
common-libs.ef23ff10d.js:149 https://leetcode.com/problems/maximum-product-subarray
common-libs.ef23ff10d.js:149 https://leetcode.com/problems/binary-tree-upside-down
common-libs.ef23ff10d.js:149 https://leetcode.com/problems/intersection-of-two-linked-lists
common-libs.ef23ff10d.js:149 https://leetcode.com/problems/two-sum-iii-data-structure-design
common-libs.ef23ff10d.js:149 https://leetcode.com/problems/repeated-dna-sequences
common-libs.ef23ff10d.js:149 https://leetcode.com/problems/number-of-islands
common-libs.ef23ff10d.js:149 https://leetcode.com/problems/isomorphic-strings
common-libs.ef23ff10d.js:149 https://leetcode.com/problems/kth-largest-element-in-an-array
common-libs.ef23ff10d.js:149 https://leetcode.com/problems/lowest-common-ancestor-of-a-binary-search-tree
common-libs.ef23ff10d.js:149 https://leetcode.com/problems/lowest-common-ancestor-of-a-binary-tree
common-libs.ef23ff10d.js:149 https://leetcode.com/problems/shortest-word-distance
common-libs.ef23ff10d.js:149 https://leetcode.com/problems/shortest-word-distance-ii
common-libs.ef23ff10d.js:149 https://leetcode.com/problems/factor-combinations
common-libs.ef23ff10d.js:149 https://leetcode.com/problems/paint-house
common-libs.ef23ff10d.js:149 https://leetcode.com/problems/paint-house-ii
common-libs.ef23ff10d.js:149 https://leetcode.com/problems/closest-binary-search-tree-value-ii
common-libs.ef23ff10d.js:149 https://leetcode.com/problems/integer-to-english-words
common-libs.ef23ff10d.js:149 https://leetcode.com/problems/find-the-celebrity
common-libs.ef23ff10d.js:149 https://leetcode.com/problems/serialize-and-deserialize-binary-tree
common-libs.ef23ff10d.js:149 https://leetcode.com/problems/nested-list-weight-sum
common-libs.ef23ff10d.js:149 https://leetcode.com/problems/flatten-nested-list-iterator
common-libs.ef23ff10d.js:149 https://leetcode.com/problems/nested-list-weight-sum-ii
common-libs.ef23ff10d.js:149 https://leetcode.com/problems/find-leaves-of-binary-tree
common-libs.ef23ff10d.js:149 https://leetcode.com/problems/insert-delete-getrandom-o1
common-libs.ef23ff10d.js:149 https://leetcode.com/problems/all-oone-data-structure
common-libs.ef23ff10d.js:149 https://leetcode.com/problems/serialize-and-deserialize-bst
common-libs.ef23ff10d.js:149 https://leetcode.com/problems/lfu-cache
common-libs.ef23ff10d.js:149 https://leetcode.com/problems/longest-palindromic-subsequence
common-libs.ef23ff10d.js:149 https://leetcode.com/problems/can-place-flowers
common-libs.ef23ff10d.js:149 https://leetcode.com/problems/valid-triangle-number
common-libs.ef23ff10d.js:149 https://leetcode.com/problems/exclusive-time-of-functions
common-libs.ef23ff10d.js:149 https://leetcode.com/problems/print-binary-tree
common-libs.ef23ff10d.js:149 https://leetcode.com/problems/second-minimum-node-in-a-binary-tree
common-libs.ef23ff10d.js:149 https://leetcode.com/problems/partition-to-k-equal-sum-subsets
common-libs.ef23ff10d.js:149 https://leetcode.com/problems/range-module
common-libs.ef23ff10d.js:149 https://leetcode.com/problems/max-stack
common-libs.ef23ff10d.js:149 https://leetcode.com/problems/find-smallest-letter-greater-than-target
common-libs.ef23ff10d.js:149 https://leetcode.com/problems/design-hashmap
common-libs.ef23ff10d.js:149 https://leetcode.com/problems/random-pick-with-weight
common-libs.ef23ff10d.js:149 https://leetcode.com/support/
common-libs.ef23ff10d.js:149 https://leetcode.com/jobs/
common-libs.ef23ff10d.js:149 https://leetcode.com/bugbounty/
common-libs.ef23ff10d.js:149 https://leetcode.com/terms/
common-libs.ef23ff10d.js:149 https://leetcode.com/privacy/
common-libs.ef23ff10d.js:149 https://leetcode.com/region/
common-libs.ef23ff10d.js:149 mailto:billing@leetcode.com?subject=Billing%20Issue&body=Name:%0D%0A%0D%0AUsername:%0D%0A%0D%0AMessage:%0D%0A%0D%0A
common-libs.ef23ff10d.js:149 mailto:support@leetcode.com?subject=General%20Support&body=Name:%0D%0A%0D%0AUsername:%0D%0A%0D%0AMessage:%0D%0A%0D%0A
common-libs.ef23ff10d.js:149 mailto:feedback@leetcode.com?subject=Other%20Inquiries&body=Name:%0D%0A%0D%0AUsername:%0D%0A%0D%0AMessage:%0D%0A%0D%0A
common-libs.ef23ff10d.js:149 https://leetcode.com/company/linkedin/#
common-libs.ef23ff10d.js:149 https://www.twitter.com/bukketapp
common-libs.ef23ff10d.js:149 mailto:hi@bukketapp.com
undefined
